2022-05-29 12:44:26.528 -03:00 [INF] Now listening on: http://127.0.0.1:3446
2022-05-29 12:44:26.598 -03:00 [INF] Application started. Press Ctrl+C to shut down.
2022-05-29 12:44:26.599 -03:00 [INF] Hosting environment: Production
2022-05-29 12:44:26.599 -03:00 [INF] Content root path: E:\WEBSITES\1048conheca-gerenciador.caixa\
2022-05-29 12:44:27.145 -03:00 [INF] Request starting HTTP/1.1 GET http://gecdi.mz.caixa/gecdi/security/login - -
2022-05-29 12:44:30.075 -03:00 [INF] Executing endpoint 'Fallback {*path:nonfile}'
2022-05-29 12:44:30.605 -03:00 [INF] Sending file. Request path: '//index.html'. Physical path: 'E:\WEBSITES\1048conheca-gerenciador.caixa\wwwroot\index.html'
2022-05-29 12:44:30.606 -03:00 [INF] Executed endpoint 'Fallback {*path:nonfile}'
2022-05-29 12:44:30.610 -03:00 [INF] Request finished HTTP/1.1 GET http://gecdi.mz.caixa/gecdi/security/login - - - 200 4406 text/html 3468.6489ms
2022-05-29 13:05:14.162 -03:00 [INF] Request starting HTTP/1.1 POST http://127.0.0.1:3446/iisintegration - 0
2022-05-29 13:05:14.163 -03:00 [INF] Application is shutting down...
2022-05-29 13:05:14.163 -03:00 [INF] Request finished HTTP/1.1 POST http://127.0.0.1:3446/iisintegration - 0 - 202 0 - 1.2893ms
2022-05-29 21:42:11.924 -03:00 [INF] Now listening on: http://127.0.0.1:3521
2022-05-29 21:42:12.086 -03:00 [INF] Request starting HTTP/1.1 OPTIONS http://gecdi.mz.caixa/ODB$ - -
2022-05-29 21:42:12.086 -03:00 [INF] Request starting HTTP/1.1 GET http://gecdi.mz.caixa/gecdi/push/solicitacoes - -
2022-05-29 21:42:12.528 -03:00 [INF] Application started. Press Ctrl+C to shut down.
2022-05-29 21:42:12.529 -03:00 [INF] Hosting environment: Production
2022-05-29 21:42:12.529 -03:00 [INF] Content root path: E:\WEBSITES\1048conheca-gerenciador.caixa\
2022-05-29 21:42:12.540 -03:00 [INF] Request finished HTTP/1.1 OPTIONS http://gecdi.mz.caixa/ODB$ - - - 200 - - 458.4289ms
2022-05-29 21:42:14.336 -03:00 [INF] Executing endpoint 'Fallback {*path:nonfile}'
2022-05-29 21:42:14.869 -03:00 [INF] Sending file. Request path: '//index.html'. Physical path: 'E:\WEBSITES\1048conheca-gerenciador.caixa\wwwroot\index.html'
2022-05-29 21:42:14.869 -03:00 [INF] Executed endpoint 'Fallback {*path:nonfile}'
2022-05-29 21:42:14.872 -03:00 [INF] Request finished HTTP/1.1 GET http://gecdi.mz.caixa/gecdi/push/solicitacoes - - - 200 4406 text/html 2791.3833ms
2022-05-29 21:42:14.956 -03:00 [INF] Request starting HTTP/1.1 GET http://gecdi.mz.caixa/polyfills-es2015.064913c9a0e8b0056cdf.js - -
2022-05-29 21:42:14.956 -03:00 [INF] Request starting HTTP/1.1 GET http://gecdi.mz.caixa/runtime-es2015.e7cadf72ada23c60aef6.js - -
2022-05-29 21:42:14.957 -03:00 [INF] The file /polyfills-es2015.064913c9a0e8b0056cdf.js was not modified
2022-05-29 21:42:14.957 -03:00 [INF] Request finished HTTP/1.1 GET http://gecdi.mz.caixa/polyfills-es2015.064913c9a0e8b0056cdf.js - - - 304 - application/javascript 1.4491ms
2022-05-29 21:42:14.958 -03:00 [INF] Sending file. Request path: '/runtime-es2015.e7cadf72ada23c60aef6.js'. Physical path: 'E:\WEBSITES\1048conheca-gerenciador.caixa\wwwroot\runtime-es2015.e7cadf72ada23c60aef6.js'
2022-05-29 21:42:14.958 -03:00 [INF] Request finished HTTP/1.1 GET http://gecdi.mz.caixa/runtime-es2015.e7cadf72ada23c60aef6.js - - - 200 3792 application/javascript 2.3479ms
2022-05-29 21:42:14.965 -03:00 [INF] Request starting HTTP/1.1 GET http://gecdi.mz.caixa/main-es2015.50fd5d039ff83bb1309a.js - -
2022-05-29 21:42:14.965 -03:00 [INF] Request starting HTTP/1.1 GET http://gecdi.mz.caixa/scripts.61aa79d9a17490734807.js - -
2022-05-29 21:42:14.966 -03:00 [INF] The file /main-es2015.50fd5d039ff83bb1309a.js was not modified
2022-05-29 21:42:14.966 -03:00 [INF] Request finished HTTP/1.1 GET http://gecdi.mz.caixa/main-es2015.50fd5d039ff83bb1309a.js - - - 304 - application/javascript 0.8091ms
2022-05-29 21:42:14.967 -03:00 [INF] Request starting HTTP/1.1 GET http://gecdi.mz.caixa/styles.1830a6db2a8068637cd7.css - -
2022-05-29 21:42:15.005 -03:00 [INF] Sending file. Request path: '/styles.1830a6db2a8068637cd7.css'. Physical path: 'E:\WEBSITES\1048conheca-gerenciador.caixa\wwwroot\styles.1830a6db2a8068637cd7.css'
2022-05-29 21:42:15.005 -03:00 [INF] Request finished HTTP/1.1 GET http://gecdi.mz.caixa/styles.1830a6db2a8068637cd7.css - - - 200 1399265 text/css 38.2774ms
2022-05-29 21:42:15.185 -03:00 [INF] Sending file. Request path: '/scripts.61aa79d9a17490734807.js'. Physical path: 'E:\WEBSITES\1048conheca-gerenciador.caixa\wwwroot\scripts.61aa79d9a17490734807.js'
2022-05-29 21:42:15.186 -03:00 [INF] Request finished HTTP/1.1 GET http://gecdi.mz.caixa/scripts.61aa79d9a17490734807.js - - - 200 2549892 application/javascript 220.4000ms
2022-05-29 21:42:16.087 -03:00 [INF] Request starting HTTP/1.1 GET http://gecdi.mz.caixa/9-es2015.9fd2b778cb4b72d2f7f8.js - -
2022-05-29 21:42:16.089 -03:00 [INF] Sending file. Request path: '/9-es2015.9fd2b778cb4b72d2f7f8.js'. Physical path: 'E:\WEBSITES\1048conheca-gerenciador.caixa\wwwroot\9-es2015.9fd2b778cb4b72d2f7f8.js'
2022-05-29 21:42:16.089 -03:00 [INF] Request finished HTTP/1.1 GET http://gecdi.mz.caixa/9-es2015.9fd2b778cb4b72d2f7f8.js - - - 200 11310 application/javascript 2.0444ms
2022-05-29 21:42:16.106 -03:00 [INF] Request starting HTTP/1.1 GET http://gecdi.mz.caixa/180-es2015.38505d29038c3d061cfd.js - -
2022-05-29 21:42:16.111 -03:00 [INF] Sending file. Request path: '/180-es2015.38505d29038c3d061cfd.js'. Physical path: 'E:\WEBSITES\1048conheca-gerenciador.caixa\wwwroot\180-es2015.38505d29038c3d061cfd.js'
2022-05-29 21:42:16.111 -03:00 [INF] Request finished HTTP/1.1 GET http://gecdi.mz.caixa/180-es2015.38505d29038c3d061cfd.js - - - 200 533452 application/javascript 5.0087ms
2022-05-29 21:42:16.273 -03:00 [INF] Request starting HTTP/1.1 GET http://gecdi.mz.caixa/api/user/roles - -
2022-05-29 21:42:16.291 -03:00 [INF] Request starting HTTP/1.1 GET http://gecdi.mz.caixa/api/Curvas - -
2022-05-29 21:42:16.295 -03:00 [INF] Request starting HTTP/1.1 GET http://gecdi.mz.caixa/api/Tipo_Categoria_Solicitacao - -
2022-05-29 21:42:16.295 -03:00 [INF] Request starting HTTP/1.1 GET http://gecdi.mz.caixa/api/Canais - -
2022-05-29 21:42:16.626 -03:00 [INF] Request starting HTTP/1.1 GET http://gecdi.mz.caixa/api/solicitacao/lista?recount=false&CGC=-1&order=priority&soFila=true&limit=100&de=2022-02-28&ate=2022-08-27&matricula= - -
2022-05-29 21:42:16.715 -03:00 [INF] Request starting HTTP/1.1 GET http://gecdi.mz.caixa/fa-solid-900.1551f4f60c37af51121f.woff2 - -
2022-05-29 21:42:16.718 -03:00 [INF] Sending file. Request path: '/fa-solid-900.1551f4f60c37af51121f.woff2'. Physical path: 'E:\WEBSITES\1048conheca-gerenciador.caixa\wwwroot\fa-solid-900.1551f4f60c37af51121f.woff2'
2022-05-29 21:42:16.718 -03:00 [INF] Request finished HTTP/1.1 GET http://gecdi.mz.caixa/fa-solid-900.1551f4f60c37af51121f.woff2 - - - 200 78268 font/woff2 2.4938ms
2022-05-29 21:42:25.582 -03:00 [INF] Entity Framework Core 6.0.4 initialized 'dbSites' using provider 'Microsoft.EntityFrameworkCore.SqlServer:6.0.4' with options: None
2022-05-29 21:42:25.582 -03:00 [INF] Entity Framework Core 6.0.4 initialized 'dbSites' using provider 'Microsoft.EntityFrameworkCore.SqlServer:6.0.4' with options: None
2022-05-29 21:42:25.582 -03:00 [INF] Entity Framework Core 6.0.4 initialized 'dbSites' using provider 'Microsoft.EntityFrameworkCore.SqlServer:6.0.4' with options: None
2022-05-29 21:42:25.582 -03:00 [INF] Entity Framework Core 6.0.4 initialized 'dbSites' using provider 'Microsoft.EntityFrameworkCore.SqlServer:6.0.4' with options: None
2022-05-29 21:42:25.582 -03:00 [INF] Entity Framework Core 6.0.4 initialized 'dbSites' using provider 'Microsoft.EntityFrameworkCore.SqlServer:6.0.4' with options: None
2022-05-29 21:42:32.162 -03:00 [INF] Executed DbCommand (51ms) [Parameters=[@__id_0='?' (DbType = Int32)], CommandType='"Text"', CommandTimeout='30']
SELECT TOP(2) [u].[idUsuario], [u].[CGC], [u].[Nome], [u].[cUsuario], [u].[idRole], [r].[idRole], [r].[E_Admin], [r].[Nome_Role], [r].[Ordem], [r].[Pode_Geranciar_Simulacao], [r].[Pode_Gerenciar_Curvas], [r].[Pode_Gerenciar_Envios], [r].[Pode_Gerenciar_Solicitacao], [r].[Pode_Marcar_Envio], [r].[Pode_Suspender_Envios], [r].[Pode_Ver_Relatorio], [r].[Role], [r].[Rota], [r].[Tem_Permissao_Geral]
FROM [SITES].[Usuario] AS [u]
INNER JOIN [SITES].[Roles] AS [r] ON [u].[idRole] = [r].[idRole]
WHERE [u].[idUsuario] = @__id_0
2022-05-29 21:42:32.162 -03:00 [INF] Executed DbCommand (57ms) [Parameters=[@__id_0='?' (DbType = Int32)], CommandType='"Text"', CommandTimeout='30']
SELECT TOP(2) [u].[idUsuario], [u].[CGC], [u].[Nome], [u].[cUsuario], [u].[idRole], [r].[idRole], [r].[E_Admin], [r].[Nome_Role], [r].[Ordem], [r].[Pode_Geranciar_Simulacao], [r].[Pode_Gerenciar_Curvas], [r].[Pode_Gerenciar_Envios], [r].[Pode_Gerenciar_Solicitacao], [r].[Pode_Marcar_Envio], [r].[Pode_Suspender_Envios], [r].[Pode_Ver_Relatorio], [r].[Role], [r].[Rota], [r].[Tem_Permissao_Geral]
FROM [SITES].[Usuario] AS [u]
INNER JOIN [SITES].[Roles] AS [r] ON [u].[idRole] = [r].[idRole]
WHERE [u].[idUsuario] = @__id_0
2022-05-29 21:42:32.162 -03:00 [INF] Executed DbCommand (48ms) [Parameters=[@__id_0='?' (DbType = Int32)], CommandType='"Text"', CommandTimeout='30']
SELECT TOP(2) [u].[idUsuario], [u].[CGC], [u].[Nome], [u].[cUsuario], [u].[idRole], [r].[idRole], [r].[E_Admin], [r].[Nome_Role], [r].[Ordem], [r].[Pode_Geranciar_Simulacao], [r].[Pode_Gerenciar_Curvas], [r].[Pode_Gerenciar_Envios], [r].[Pode_Gerenciar_Solicitacao], [r].[Pode_Marcar_Envio], [r].[Pode_Suspender_Envios], [r].[Pode_Ver_Relatorio], [r].[Role], [r].[Rota], [r].[Tem_Permissao_Geral]
FROM [SITES].[Usuario] AS [u]
INNER JOIN [SITES].[Roles] AS [r] ON [u].[idRole] = [r].[idRole]
WHERE [u].[idUsuario] = @__id_0
2022-05-29 21:42:32.162 -03:00 [INF] Executed DbCommand (55ms) [Parameters=[@__id_0='?' (DbType = Int32)], CommandType='"Text"', CommandTimeout='30']
SELECT TOP(2) [u].[idUsuario], [u].[CGC], [u].[Nome], [u].[cUsuario], [u].[idRole], [r].[idRole], [r].[E_Admin], [r].[Nome_Role], [r].[Ordem], [r].[Pode_Geranciar_Simulacao], [r].[Pode_Gerenciar_Curvas], [r].[Pode_Gerenciar_Envios], [r].[Pode_Gerenciar_Solicitacao], [r].[Pode_Marcar_Envio], [r].[Pode_Suspender_Envios], [r].[Pode_Ver_Relatorio], [r].[Role], [r].[Rota], [r].[Tem_Permissao_Geral]
FROM [SITES].[Usuario] AS [u]
INNER JOIN [SITES].[Roles] AS [r] ON [u].[idRole] = [r].[idRole]
WHERE [u].[idUsuario] = @__id_0
2022-05-29 21:42:32.162 -03:00 [INF] Executed DbCommand (45ms) [Parameters=[@__id_0='?' (DbType = Int32)], CommandType='"Text"', CommandTimeout='30']
SELECT TOP(2) [u].[idUsuario], [u].[CGC], [u].[Nome], [u].[cUsuario], [u].[idRole], [r].[idRole], [r].[E_Admin], [r].[Nome_Role], [r].[Ordem], [r].[Pode_Geranciar_Simulacao], [r].[Pode_Gerenciar_Curvas], [r].[Pode_Gerenciar_Envios], [r].[Pode_Gerenciar_Solicitacao], [r].[Pode_Marcar_Envio], [r].[Pode_Suspender_Envios], [r].[Pode_Ver_Relatorio], [r].[Role], [r].[Rota], [r].[Tem_Permissao_Geral]
FROM [SITES].[Usuario] AS [u]
INNER JOIN [SITES].[Roles] AS [r] ON [u].[idRole] = [r].[idRole]
WHERE [u].[idUsuario] = @__id_0
2022-05-29 21:42:33.271 -03:00 [INF] Executing endpoint 'PushAPI.Controllers.PUSH.Curvas.CurvasController.GetCurva_Envio (PushAPI)'
2022-05-29 21:42:33.271 -03:00 [INF] Executing endpoint 'PushAPI.Controllers.PUSH.Solicitacao_PUSH.SolicitacaoController.GetSolicitacao (PushAPI)'
2022-05-29 21:42:33.271 -03:00 [INF] Executing endpoint 'PushAPI.Controllers.User.UserController.GetRoles (PushAPI)'
2022-05-29 21:42:33.271 -03:00 [INF] Executing endpoint 'PushAPI.Controllers.PUSH.CanaisEnvio.CanaisController.GetCanais (PushAPI)'
2022-05-29 21:42:33.271 -03:00 [INF] Executing endpoint 'PushAPI.Controllers.PUSH.Tipo_Categoria_Solicitacoes.Tipo_Categoria_SolicitacaoController.GetTipo_Categoria_Solicitacao (PushAPI)'
2022-05-29 21:42:33.288 -03:00 [INF] Route matched with {action = "GetRoles", controller = "User"}. Executing controller action with signature System.Threading.Tasks.Task`1[System.Collections.Generic.IEnumerable`1[PushAPI.Models.Sites.Roles]] GetRoles() on controller PushAPI.Controllers.User.UserController (PushAPI).
2022-05-29 21:42:33.288 -03:00 [INF] Route matched with {action = "GetTipo_Categoria_Solicitacao", controller = "Tipo_Categoria_Solicitacao"}. Executing controller action with signature System.Threading.Tasks.Task`1[Microsoft.AspNetCore.Mvc.ActionResult`1[System.Collections.Generic.IEnumerable`1[PushAPI.Models.Push.Tipo_Categoria_Solicitacao]]] GetTipo_Categoria_Solicitacao() on controller PushAPI.Controllers.PUSH.Tipo_Categoria_Solicitacoes.Tipo_Categoria_SolicitacaoController (PushAPI).
2022-05-29 21:42:33.288 -03:00 [INF] Route matched with {action = "GetCurva_Envio", controller = "Curvas"}. Executing controller action with signature System.Threading.Tasks.Task`1[Microsoft.AspNetCore.Mvc.ActionResult`1[System.Collections.Generic.IEnumerable`1[PushAPI.Models.Push.Curva_Envio]]] GetCurva_Envio() on controller PushAPI.Controllers.PUSH.Curvas.CurvasController (PushAPI).
2022-05-29 21:42:33.294 -03:00 [INF] Route matched with {action = "GetCanais", controller = "Canais"}. Executing controller action with signature System.Threading.Tasks.Task`1[Microsoft.AspNetCore.Mvc.ActionResult`1[System.Collections.Generic.IEnumerable`1[PushAPI.Models.Push.Canais]]] GetCanais(Boolean) on controller PushAPI.Controllers.PUSH.CanaisEnvio.CanaisController (PushAPI).
2022-05-29 21:42:33.294 -03:00 [INF] Route matched with {action = "GetSolicitacao", controller = "Solicitacao"}. Executing controller action with signature System.Threading.Tasks.Task`1[Microsoft.AspNetCore.Mvc.ActionResult`1[System.Collections.Generic.IEnumerable`1[PushAPI.Models.Push.Solicitacao]]] GetSolicitacao(System.Nullable`1[System.DateTime], System.Nullable`1[System.DateTime], Boolean, Boolean, System.String, Boolean, Int32, System.String) on controller PushAPI.Controllers.PUSH.Solicitacao_PUSH.SolicitacaoController (PushAPI).
2022-05-29 21:42:33.849 -03:00 [INF] Executed DbCommand (508ms) [Parameters=[], CommandType='"Text"', CommandTimeout='30']
SELECT [r].[idRole], [r].[E_Admin], [r].[Nome_Role], [r].[Ordem], [r].[Pode_Geranciar_Simulacao], [r].[Pode_Gerenciar_Curvas], [r].[Pode_Gerenciar_Envios], [r].[Pode_Gerenciar_Solicitacao], [r].[Pode_Marcar_Envio], [r].[Pode_Suspender_Envios], [r].[Pode_Ver_Relatorio], [r].[Role], [r].[Rota], [r].[Tem_Permissao_Geral]
FROM [SITES].[Roles] AS [r]
2022-05-29 21:42:33.870 -03:00 [INF] Executing ObjectResult, writing value of type 'System.Collections.Generic.List`1[[PushAPI.Models.Sites.Roles, PushAPI, Version=1.0.0.0, Culture=neutral, PublicKeyToken=null]]'.
2022-05-29 21:42:34.449 -03:00 [INF] Executed action PushAPI.Controllers.User.UserController.GetRoles (PushAPI) in 1153.7242ms
2022-05-29 21:42:34.450 -03:00 [INF] Executed endpoint 'PushAPI.Controllers.User.UserController.GetRoles (PushAPI)'
2022-05-29 21:42:34.454 -03:00 [INF] Request finished HTTP/1.1 GET http://gecdi.mz.caixa/api/user/roles - - - 200 - application/json;+charset=utf-8 18180.3240ms
2022-05-29 21:42:36.303 -03:00 [INF] Entity Framework Core 6.0.4 initialized 'dbPUSH' using provider 'Microsoft.EntityFrameworkCore.SqlServer:6.0.4' with options: CommandTimeout=18000 
2022-05-29 21:42:36.303 -03:00 [INF] Entity Framework Core 6.0.4 initialized 'dbPUSH' using provider 'Microsoft.EntityFrameworkCore.SqlServer:6.0.4' with options: CommandTimeout=18000 
2022-05-29 21:42:36.303 -03:00 [INF] Entity Framework Core 6.0.4 initialized 'dbPUSH' using provider 'Microsoft.EntityFrameworkCore.SqlServer:6.0.4' with options: CommandTimeout=18000 
2022-05-29 21:42:36.303 -03:00 [INF] Entity Framework Core 6.0.4 initialized 'dbPUSH' using provider 'Microsoft.EntityFrameworkCore.SqlServer:6.0.4' with options: CommandTimeout=18000 
2022-05-29 21:42:36.818 -03:00 [INF] Executed DbCommand (2ms) [Parameters=[], CommandType='"Text"', CommandTimeout='18000']
SELECT [t].[Tipo_Categoria_Solicitacao], [t].[Apelido_Tipo_Categoria_Solicitacao], [t].[Cor], [t].[Maximo_Tranche], [t].[Minimo_Tranche], [t].[Nome_Tipo_Categoria_Solicitacao], [t].[Ordem], [t].[idCurva_Envio], [t].[idCurva_Envio_2], [t].[idCurva_Envio_3]
FROM [FILA].[Tipo_Categoria_Solicitacao] AS [t]
2022-05-29 21:42:36.819 -03:00 [INF] Executed DbCommand (1ms) [Parameters=[], CommandType='"Text"', CommandTimeout='18000']
SELECT [c].[Canal], [c].[Disponivel], [c].[Nome_Canal]
FROM [GERAL].[Canais] AS [c]
WHERE COALESCE([c].[Disponivel], CAST(0 AS bit)) = CAST(1 AS bit)
2022-05-29 21:42:36.822 -03:00 [INF] Executed DbCommand (1ms) [Parameters=[], CommandType='"Text"', CommandTimeout='18000']
SELECT [c].[idCurva_Envio], [c].[Apelido_Curva_Envio], [c].[Nome_Curva_Envio], [c0].[idCurva_Envio_Tranches], [c0].[Hora_Envio], [c0].[Quantidade_Normal], [c0].[Quantidade_Reduzida], [c0].[Tranche], [c0].[idCurva_Envio]
FROM [FILA].[Curva_Envio] AS [c]
LEFT JOIN [FILA].[Curva_Envio_Tranches] AS [c0] ON [c].[idCurva_Envio] = [c0].[idCurva_Envio]
ORDER BY [c].[idCurva_Envio]
2022-05-29 21:42:36.845 -03:00 [INF] Executing ObjectResult, writing value of type 'System.Collections.Generic.List`1[[PushAPI.Models.Push.Canais, PushAPI, Version=1.0.0.0, Culture=neutral, PublicKeyToken=null]]'.
2022-05-29 21:42:36.852 -03:00 [INF] Executing ObjectResult, writing value of type 'System.Collections.Generic.List`1[[PushAPI.Models.Push.Tipo_Categoria_Solicitacao, PushAPI, Version=1.0.0.0, Culture=neutral, PublicKeyToken=null]]'.
2022-05-29 21:42:36.864 -03:00 [INF] Executed action PushAPI.Controllers.PUSH.Tipo_Categoria_Solicitacoes.Tipo_Categoria_SolicitacaoController.GetTipo_Categoria_Solicitacao (PushAPI) in 3575.9898ms
2022-05-29 21:42:36.864 -03:00 [INF] Executed action PushAPI.Controllers.PUSH.CanaisEnvio.CanaisController.GetCanais (PushAPI) in 3570.4455ms
2022-05-29 21:42:36.865 -03:00 [INF] Executed endpoint 'PushAPI.Controllers.PUSH.Tipo_Categoria_Solicitacoes.Tipo_Categoria_SolicitacaoController.GetTipo_Categoria_Solicitacao (PushAPI)'
2022-05-29 21:42:36.865 -03:00 [INF] Executed endpoint 'PushAPI.Controllers.PUSH.CanaisEnvio.CanaisController.GetCanais (PushAPI)'
2022-05-29 21:42:36.865 -03:00 [INF] Request finished HTTP/1.1 GET http://gecdi.mz.caixa/api/Tipo_Categoria_Solicitacao - - - 200 - application/json;+charset=utf-8 20569.8604ms
2022-05-29 21:42:36.865 -03:00 [INF] Request finished HTTP/1.1 GET http://gecdi.mz.caixa/api/Canais - - - 200 - application/json;+charset=utf-8 20569.8538ms
2022-05-29 21:42:36.902 -03:00 [INF] Executing ObjectResult, writing value of type 'System.Collections.Generic.List`1[[PushAPI.Models.Push.Curva_Envio, PushAPI, Version=1.0.0.0, Culture=neutral, PublicKeyToken=null]]'.
2022-05-29 21:42:36.911 -03:00 [INF] Executed DbCommand (56ms) [Parameters=[@__p_2='?' (DbType = Int32), @__p_0='?' (DbType = DateTime), @__p_1='?' (DbType = DateTime)], CommandType='"Text"', CommandTimeout='18000']
SELECT [t].[idSolicitacao_PUSH], [t].[Autorizacao_Gestor_PUSH], [t].[Bloqueado_TI], [t].[CGCDemandante], [t].[CGCExecutora], [t].[Canal], [t].[Cancelado], [t].[Data_Cadastramento], [t].[Data_Hora_Autorizacao], [t].[Data_Hora_Bloqueio], [t].[Data_Hora_Cancelamento], [t].[E_Cadastramento_Manual], [t].[Enviar_DOM], [t].[Enviar_Horario_Final], [t].[Enviar_Horario_Inicial], [t].[Enviar_QUA], [t].[Enviar_QUI], [t].[Enviar_SAB], [t].[Enviar_SEG], [t].[Enviar_SEX], [t].[Enviar_TER], [t].[Enviar_a_partir_de], [t].[Enviar_no_maximo_ate], [t].[Finalizado], [t].[Impactos_Previstos], [t].[Limitacao_Tranche], [t].[Limite_Mensagens_Por_Dia], [t].[Matricula_Autorizacao_Gestor_PUSH], [t].[Matricula_Bloqueio_TI], [t].[Matricula_Cadastramento], [t].[Matricula_Cancelamento], [t].[Mensagem], [t].[Nome_Campo1], [t].[Nome_Campo2], [t].[Nome_Campo3], [t].[Nome_Campo4], [t].[Nome_Campo5], [t].[Nome_Solicitacao], [t].[Observacoes], [t].[Prioridade], [t].[Quantidade_Agendada], [t].[Quantidade_Enviada], [t].[Quantidade_Maxima_Autorizada], [t].[Quantidade_Total], [t].[Quantidade_Total_Restante], [t].[REQ_WO_Aprovacao_Mensagem], [t].[REQ_WO_Aprovacao_Mensagem_Texto], [t].[Tipo_Categoria_Solicitacao], [t].[Titulo], [t].[URL_Acao], [t].[URL_Imagem], [t].[WF_GECRM], [t].[idCurva], [t].[idEnvio_Mensagem], [t].[idTipoMensagem], [m].[idEnvio_Mensagem], [m].[Apelido], [m].[AppCaixa], [m].[Ativo], [m].[CAIXA_Tem], [m].[CaixaTem], [m].[Cartão], [m].[Crédito], [m].[Data_Fim], [m].[Data_Inicio], [m].[Enviados], [m].[Faltam], [m].[Mensagem], [m].[MensagemRegex], [m].[Monitoração_Producao], [m].[Pre_Autorizado], [m].[Push_Enviados], [m].[Tranches], [s0].[idSolicitacao_Upload], [s0].[Arquivo], [s0].[Data_Processamento], [s0].[Data_Upload], [s0].[Matricula_Upload], [s0].[Processado], [s0].[Registros_Aceitos], [s0].[Registros_Rejeitados], [s0].[Registros_Total], [s0].[Rejeitado], [s0].[Resultado_Processamento], [s0].[Tempo_Decorrido], [s0].[idSolicitacao_PUSH]
FROM (
    SELECT TOP(@__p_2) [s].[idSolicitacao_PUSH], [s].[Autorizacao_Gestor_PUSH], [s].[Bloqueado_TI], [s].[CGCDemandante], [s].[CGCExecutora], [s].[Canal], [s].[Cancelado], [s].[Data_Cadastramento], [s].[Data_Hora_Autorizacao], [s].[Data_Hora_Bloqueio], [s].[Data_Hora_Cancelamento], [s].[E_Cadastramento_Manual], [s].[Enviar_DOM], [s].[Enviar_Horario_Final], [s].[Enviar_Horario_Inicial], [s].[Enviar_QUA], [s].[Enviar_QUI], [s].[Enviar_SAB], [s].[Enviar_SEG], [s].[Enviar_SEX], [s].[Enviar_TER], [s].[Enviar_a_partir_de], [s].[Enviar_no_maximo_ate], [s].[Finalizado], [s].[Impactos_Previstos], [s].[Limitacao_Tranche], [s].[Limite_Mensagens_Por_Dia], [s].[Matricula_Autorizacao_Gestor_PUSH], [s].[Matricula_Bloqueio_TI], [s].[Matricula_Cadastramento], [s].[Matricula_Cancelamento], [s].[Mensagem], [s].[Nome_Campo1], [s].[Nome_Campo2], [s].[Nome_Campo3], [s].[Nome_Campo4], [s].[Nome_Campo5], [s].[Nome_Solicitacao], [s].[Observacoes], [s].[Prioridade], [s].[Quantidade_Agendada], [s].[Quantidade_Enviada], [s].[Quantidade_Maxima_Autorizada], [s].[Quantidade_Total], [s].[Quantidade_Total_Restante], [s].[REQ_WO_Aprovacao_Mensagem], [s].[REQ_WO_Aprovacao_Mensagem_Texto], [s].[Tipo_Categoria_Solicitacao], [s].[Titulo], [s].[URL_Acao], [s].[URL_Imagem], [s].[WF_GECRM], [s].[idCurva], [s].[idEnvio_Mensagem], [s].[idTipoMensagem], CASE
        WHEN (([s].[Quantidade_Agendada] + [s].[Quantidade_Total_Restante]) = 0) OR ([s].[Cancelado] = CAST(1 AS bit)) THEN 1
        ELSE 0
    END AS [c]
    FROM [FILA].[Solicitacao] AS [s]
    WHERE ((([s].[Data_Cadastramento] >= @__p_0) AND ([s].[Data_Cadastramento] <= @__p_1)) AND ([s].[Finalizado] = CAST(0 AS bit))) AND ([s].[Cancelado] = CAST(0 AS bit))
    ORDER BY CASE
        WHEN (([s].[Quantidade_Agendada] + [s].[Quantidade_Total_Restante]) = 0) OR ([s].[Cancelado] = CAST(1 AS bit)) THEN 1
        ELSE 0
    END, [s].[Prioridade], [s].[Quantidade_Total_Restante]
) AS [t]
LEFT JOIN [PUSH].[Mensagem] AS [m] ON [t].[idEnvio_Mensagem] = [m].[idEnvio_Mensagem]
LEFT JOIN [FILA].[Solicitacao_Upload] AS [s0] ON [t].[idSolicitacao_PUSH] = [s0].[idSolicitacao_PUSH]
ORDER BY [t].[c], [t].[Prioridade], [t].[Quantidade_Total_Restante], [t].[idSolicitacao_PUSH], [m].[idEnvio_Mensagem]
2022-05-29 21:42:36.922 -03:00 [INF] Executed action PushAPI.Controllers.PUSH.Curvas.CurvasController.GetCurva_Envio (PushAPI) in 3633.4791ms
2022-05-29 21:42:36.922 -03:00 [INF] Executed endpoint 'PushAPI.Controllers.PUSH.Curvas.CurvasController.GetCurva_Envio (PushAPI)'
2022-05-29 21:42:36.922 -03:00 [INF] Request finished HTTP/1.1 GET http://gecdi.mz.caixa/api/Curvas - - - 200 - application/json;+charset=utf-8 20631.6284ms
2022-05-29 21:42:38.631 -03:00 [INF] Executing ObjectResult, writing value of type 'System.Collections.Generic.List`1[[PushAPI.Models.Push.Solicitacao, PushAPI, Version=1.0.0.0, Culture=neutral, PublicKeyToken=null]]'.
2022-05-29 21:42:38.666 -03:00 [INF] Executed action PushAPI.Controllers.PUSH.Solicitacao_PUSH.SolicitacaoController.GetSolicitacao (PushAPI) in 5371.1265ms
2022-05-29 21:42:38.666 -03:00 [INF] Executed endpoint 'PushAPI.Controllers.PUSH.Solicitacao_PUSH.SolicitacaoController.GetSolicitacao (PushAPI)'
2022-05-29 21:42:38.667 -03:00 [INF] Request finished HTTP/1.1 GET http://gecdi.mz.caixa/api/solicitacao/lista?recount=false&CGC=-1&order=priority&soFila=true&limit=100&de=2022-02-28&ate=2022-08-27&matricula= - - - 200 - application/json;+charset=utf-8 22040.4704ms
2022-05-29 21:42:46.521 -03:00 [INF] Request starting HTTP/1.1 POST http://gecdi.mz.caixa/api/solicitacao/236/delete application/json 2
2022-05-29 21:42:46.527 -03:00 [INF] CORS policy execution successful.
2022-05-29 21:42:46.530 -03:00 [INF] Entity Framework Core 6.0.4 initialized 'dbSites' using provider 'Microsoft.EntityFrameworkCore.SqlServer:6.0.4' with options: None
2022-05-29 21:42:46.533 -03:00 [INF] Executed DbCommand (1ms) [Parameters=[@__id_0='?' (DbType = Int32)], CommandType='"Text"', CommandTimeout='30']
SELECT TOP(2) [u].[idUsuario], [u].[CGC], [u].[Nome], [u].[cUsuario], [u].[idRole], [r].[idRole], [r].[E_Admin], [r].[Nome_Role], [r].[Ordem], [r].[Pode_Geranciar_Simulacao], [r].[Pode_Gerenciar_Curvas], [r].[Pode_Gerenciar_Envios], [r].[Pode_Gerenciar_Solicitacao], [r].[Pode_Marcar_Envio], [r].[Pode_Suspender_Envios], [r].[Pode_Ver_Relatorio], [r].[Role], [r].[Rota], [r].[Tem_Permissao_Geral]
FROM [SITES].[Usuario] AS [u]
INNER JOIN [SITES].[Roles] AS [r] ON [u].[idRole] = [r].[idRole]
WHERE [u].[idUsuario] = @__id_0
2022-05-29 21:42:46.538 -03:00 [INF] Executing endpoint 'PushAPI.Controllers.PUSH.Solicitacao_PUSH.SolicitacaoController.DeleteSolicitacao (PushAPI)'
2022-05-29 21:42:46.542 -03:00 [INF] Route matched with {action = "DeleteSolicitacao", controller = "Solicitacao"}. Executing controller action with signature System.Threading.Tasks.Task`1[Microsoft.AspNetCore.Mvc.IActionResult] DeleteSolicitacao(Int32) on controller PushAPI.Controllers.PUSH.Solicitacao_PUSH.SolicitacaoController (PushAPI).
2022-05-29 21:42:46.548 -03:00 [INF] Entity Framework Core 6.0.4 initialized 'dbPUSH' using provider 'Microsoft.EntityFrameworkCore.SqlServer:6.0.4' with options: CommandTimeout=18000 
2022-05-29 21:42:46.578 -03:00 [INF] Executed DbCommand (7ms) [Parameters=[@__p_0='?' (DbType = Int32)], CommandType='"Text"', CommandTimeout='18000']
SELECT TOP(1) [s].[idSolicitacao_PUSH], [s].[Autorizacao_Gestor_PUSH], [s].[Bloqueado_TI], [s].[CGCDemandante], [s].[CGCExecutora], [s].[Canal], [s].[Cancelado], [s].[Data_Cadastramento], [s].[Data_Hora_Autorizacao], [s].[Data_Hora_Bloqueio], [s].[Data_Hora_Cancelamento], [s].[E_Cadastramento_Manual], [s].[Enviar_DOM], [s].[Enviar_Horario_Final], [s].[Enviar_Horario_Inicial], [s].[Enviar_QUA], [s].[Enviar_QUI], [s].[Enviar_SAB], [s].[Enviar_SEG], [s].[Enviar_SEX], [s].[Enviar_TER], [s].[Enviar_a_partir_de], [s].[Enviar_no_maximo_ate], [s].[Finalizado], [s].[Impactos_Previstos], [s].[Limitacao_Tranche], [s].[Limite_Mensagens_Por_Dia], [s].[Matricula_Autorizacao_Gestor_PUSH], [s].[Matricula_Bloqueio_TI], [s].[Matricula_Cadastramento], [s].[Matricula_Cancelamento], [s].[Mensagem], [s].[Nome_Campo1], [s].[Nome_Campo2], [s].[Nome_Campo3], [s].[Nome_Campo4], [s].[Nome_Campo5], [s].[Nome_Solicitacao], [s].[Observacoes], [s].[Prioridade], [s].[Quantidade_Agendada], [s].[Quantidade_Enviada], [s].[Quantidade_Maxima_Autorizada], [s].[Quantidade_Total], [s].[Quantidade_Total_Restante], [s].[REQ_WO_Aprovacao_Mensagem], [s].[REQ_WO_Aprovacao_Mensagem_Texto], [s].[Tipo_Categoria_Solicitacao], [s].[Titulo], [s].[URL_Acao], [s].[URL_Imagem], [s].[WF_GECRM], [s].[idCurva], [s].[idEnvio_Mensagem], [s].[idTipoMensagem]
FROM [FILA].[Solicitacao] AS [s]
WHERE [s].[idSolicitacao_PUSH] = @__p_0
2022-05-29 21:42:46.911 -03:00 [INF] Executed DbCommand (321ms) [Parameters=[], CommandType='"Text"', CommandTimeout='18000']
DELETE FROM [DB5138_PUSH].[FILA].[Solicitacao_Clientes] WHERE idSolicitacao_PUSH = 236 AND idSolicitacao_Simulacao_Envio IS NULL
2022-05-29 21:42:46.932 -03:00 [INF] Executed DbCommand (2ms) [Parameters=[@__id_0='?' (DbType = Int32)], CommandType='"Text"', CommandTimeout='18000']
SELECT COUNT(*)
FROM [FILA].[Solicitacao_Clientes] AS [s]
WHERE [s].[idSolicitacao_PUSH] = @__id_0
2022-05-29 21:42:47.017 -03:00 [INF] Executed DbCommand (83ms) [Parameters=[], CommandType='"Text"', CommandTimeout='18000']
DELETE FROM [DB5138_PUSH].[FILA].[Solicitacao_Simulacao_Envio] WHERE idSolicitacao_PUSH = 236
2022-05-29 21:42:48.764 -03:00 [INF] Executed DbCommand (45ms) [Parameters=[@p0='?' (DbType = Int32)], CommandType='"Text"', CommandTimeout='18000']
SET NOCOUNT ON;
DELETE FROM [FILA].[Solicitacao]
WHERE [idSolicitacao_PUSH] = @p0;
SELECT @@ROWCOUNT;
2022-05-29 21:42:48.810 -03:00 [INF] Executing StatusCodeResult, setting HTTP status code 204
2022-05-29 21:42:48.810 -03:00 [INF] Executed action PushAPI.Controllers.PUSH.Solicitacao_PUSH.SolicitacaoController.DeleteSolicitacao (PushAPI) in 2268.4052ms
2022-05-29 21:42:48.810 -03:00 [INF] Executed endpoint 'PushAPI.Controllers.PUSH.Solicitacao_PUSH.SolicitacaoController.DeleteSolicitacao (PushAPI)'
2022-05-29 21:42:48.812 -03:00 [INF] Request finished HTTP/1.1 POST http://gecdi.mz.caixa/api/solicitacao/236/delete application/json 2 - 204 - - 2290.2109ms
2022-05-29 21:42:48.825 -03:00 [INF] Request starting HTTP/1.1 GET http://gecdi.mz.caixa/api/solicitacao/lista?recount=false&CGC=-1&order=priority&soFila=true&limit=100&de=2022-02-28&ate=2022-08-27&matricula= - -
2022-05-29 21:42:48.827 -03:00 [INF] Entity Framework Core 6.0.4 initialized 'dbSites' using provider 'Microsoft.EntityFrameworkCore.SqlServer:6.0.4' with options: None
2022-05-29 21:42:48.828 -03:00 [INF] Executed DbCommand (1ms) [Parameters=[@__id_0='?' (DbType = Int32)], CommandType='"Text"', CommandTimeout='30']
SELECT TOP(2) [u].[idUsuario], [u].[CGC], [u].[Nome], [u].[cUsuario], [u].[idRole], [r].[idRole], [r].[E_Admin], [r].[Nome_Role], [r].[Ordem], [r].[Pode_Geranciar_Simulacao], [r].[Pode_Gerenciar_Curvas], [r].[Pode_Gerenciar_Envios], [r].[Pode_Gerenciar_Solicitacao], [r].[Pode_Marcar_Envio], [r].[Pode_Suspender_Envios], [r].[Pode_Ver_Relatorio], [r].[Role], [r].[Rota], [r].[Tem_Permissao_Geral]
FROM [SITES].[Usuario] AS [u]
INNER JOIN [SITES].[Roles] AS [r] ON [u].[idRole] = [r].[idRole]
WHERE [u].[idUsuario] = @__id_0
2022-05-29 21:42:48.829 -03:00 [INF] Executing endpoint 'PushAPI.Controllers.PUSH.Solicitacao_PUSH.SolicitacaoController.GetSolicitacao (PushAPI)'
2022-05-29 21:42:48.829 -03:00 [INF] Route matched with {action = "GetSolicitacao", controller = "Solicitacao"}. Executing controller action with signature System.Threading.Tasks.Task`1[Microsoft.AspNetCore.Mvc.ActionResult`1[System.Collections.Generic.IEnumerable`1[PushAPI.Models.Push.Solicitacao]]] GetSolicitacao(System.Nullable`1[System.DateTime], System.Nullable`1[System.DateTime], Boolean, Boolean, System.String, Boolean, Int32, System.String) on controller PushAPI.Controllers.PUSH.Solicitacao_PUSH.SolicitacaoController (PushAPI).
2022-05-29 21:42:48.830 -03:00 [INF] Entity Framework Core 6.0.4 initialized 'dbPUSH' using provider 'Microsoft.EntityFrameworkCore.SqlServer:6.0.4' with options: CommandTimeout=18000 
2022-05-29 21:42:48.836 -03:00 [INF] Executed DbCommand (3ms) [Parameters=[@__p_2='?' (DbType = Int32), @__p_0='?' (DbType = DateTime), @__p_1='?' (DbType = DateTime)], CommandType='"Text"', CommandTimeout='18000']
SELECT [t].[idSolicitacao_PUSH], [t].[Autorizacao_Gestor_PUSH], [t].[Bloqueado_TI], [t].[CGCDemandante], [t].[CGCExecutora], [t].[Canal], [t].[Cancelado], [t].[Data_Cadastramento], [t].[Data_Hora_Autorizacao], [t].[Data_Hora_Bloqueio], [t].[Data_Hora_Cancelamento], [t].[E_Cadastramento_Manual], [t].[Enviar_DOM], [t].[Enviar_Horario_Final], [t].[Enviar_Horario_Inicial], [t].[Enviar_QUA], [t].[Enviar_QUI], [t].[Enviar_SAB], [t].[Enviar_SEG], [t].[Enviar_SEX], [t].[Enviar_TER], [t].[Enviar_a_partir_de], [t].[Enviar_no_maximo_ate], [t].[Finalizado], [t].[Impactos_Previstos], [t].[Limitacao_Tranche], [t].[Limite_Mensagens_Por_Dia], [t].[Matricula_Autorizacao_Gestor_PUSH], [t].[Matricula_Bloqueio_TI], [t].[Matricula_Cadastramento], [t].[Matricula_Cancelamento], [t].[Mensagem], [t].[Nome_Campo1], [t].[Nome_Campo2], [t].[Nome_Campo3], [t].[Nome_Campo4], [t].[Nome_Campo5], [t].[Nome_Solicitacao], [t].[Observacoes], [t].[Prioridade], [t].[Quantidade_Agendada], [t].[Quantidade_Enviada], [t].[Quantidade_Maxima_Autorizada], [t].[Quantidade_Total], [t].[Quantidade_Total_Restante], [t].[REQ_WO_Aprovacao_Mensagem], [t].[REQ_WO_Aprovacao_Mensagem_Texto], [t].[Tipo_Categoria_Solicitacao], [t].[Titulo], [t].[URL_Acao], [t].[URL_Imagem], [t].[WF_GECRM], [t].[idCurva], [t].[idEnvio_Mensagem], [t].[idTipoMensagem], [m].[idEnvio_Mensagem], [m].[Apelido], [m].[AppCaixa], [m].[Ativo], [m].[CAIXA_Tem], [m].[CaixaTem], [m].[Cartão], [m].[Crédito], [m].[Data_Fim], [m].[Data_Inicio], [m].[Enviados], [m].[Faltam], [m].[Mensagem], [m].[MensagemRegex], [m].[Monitoração_Producao], [m].[Pre_Autorizado], [m].[Push_Enviados], [m].[Tranches], [s0].[idSolicitacao_Upload], [s0].[Arquivo], [s0].[Data_Processamento], [s0].[Data_Upload], [s0].[Matricula_Upload], [s0].[Processado], [s0].[Registros_Aceitos], [s0].[Registros_Rejeitados], [s0].[Registros_Total], [s0].[Rejeitado], [s0].[Resultado_Processamento], [s0].[Tempo_Decorrido], [s0].[idSolicitacao_PUSH]
FROM (
    SELECT TOP(@__p_2) [s].[idSolicitacao_PUSH], [s].[Autorizacao_Gestor_PUSH], [s].[Bloqueado_TI], [s].[CGCDemandante], [s].[CGCExecutora], [s].[Canal], [s].[Cancelado], [s].[Data_Cadastramento], [s].[Data_Hora_Autorizacao], [s].[Data_Hora_Bloqueio], [s].[Data_Hora_Cancelamento], [s].[E_Cadastramento_Manual], [s].[Enviar_DOM], [s].[Enviar_Horario_Final], [s].[Enviar_Horario_Inicial], [s].[Enviar_QUA], [s].[Enviar_QUI], [s].[Enviar_SAB], [s].[Enviar_SEG], [s].[Enviar_SEX], [s].[Enviar_TER], [s].[Enviar_a_partir_de], [s].[Enviar_no_maximo_ate], [s].[Finalizado], [s].[Impactos_Previstos], [s].[Limitacao_Tranche], [s].[Limite_Mensagens_Por_Dia], [s].[Matricula_Autorizacao_Gestor_PUSH], [s].[Matricula_Bloqueio_TI], [s].[Matricula_Cadastramento], [s].[Matricula_Cancelamento], [s].[Mensagem], [s].[Nome_Campo1], [s].[Nome_Campo2], [s].[Nome_Campo3], [s].[Nome_Campo4], [s].[Nome_Campo5], [s].[Nome_Solicitacao], [s].[Observacoes], [s].[Prioridade], [s].[Quantidade_Agendada], [s].[Quantidade_Enviada], [s].[Quantidade_Maxima_Autorizada], [s].[Quantidade_Total], [s].[Quantidade_Total_Restante], [s].[REQ_WO_Aprovacao_Mensagem], [s].[REQ_WO_Aprovacao_Mensagem_Texto], [s].[Tipo_Categoria_Solicitacao], [s].[Titulo], [s].[URL_Acao], [s].[URL_Imagem], [s].[WF_GECRM], [s].[idCurva], [s].[idEnvio_Mensagem], [s].[idTipoMensagem], CASE
        WHEN (([s].[Quantidade_Agendada] + [s].[Quantidade_Total_Restante]) = 0) OR ([s].[Cancelado] = CAST(1 AS bit)) THEN 1
        ELSE 0
    END AS [c]
    FROM [FILA].[Solicitacao] AS [s]
    WHERE ((([s].[Data_Cadastramento] >= @__p_0) AND ([s].[Data_Cadastramento] <= @__p_1)) AND ([s].[Finalizado] = CAST(0 AS bit))) AND ([s].[Cancelado] = CAST(0 AS bit))
    ORDER BY CASE
        WHEN (([s].[Quantidade_Agendada] + [s].[Quantidade_Total_Restante]) = 0) OR ([s].[Cancelado] = CAST(1 AS bit)) THEN 1
        ELSE 0
    END, [s].[Prioridade], [s].[Quantidade_Total_Restante]
) AS [t]
LEFT JOIN [PUSH].[Mensagem] AS [m] ON [t].[idEnvio_Mensagem] = [m].[idEnvio_Mensagem]
LEFT JOIN [FILA].[Solicitacao_Upload] AS [s0] ON [t].[idSolicitacao_PUSH] = [s0].[idSolicitacao_PUSH]
ORDER BY [t].[c], [t].[Prioridade], [t].[Quantidade_Total_Restante], [t].[idSolicitacao_PUSH], [m].[idEnvio_Mensagem]
2022-05-29 21:42:48.837 -03:00 [INF] Executing ObjectResult, writing value of type 'System.Collections.Generic.List`1[[PushAPI.Models.Push.Solicitacao, PushAPI, Version=1.0.0.0, Culture=neutral, PublicKeyToken=null]]'.
2022-05-29 21:42:48.838 -03:00 [INF] Executed action PushAPI.Controllers.PUSH.Solicitacao_PUSH.SolicitacaoController.GetSolicitacao (PushAPI) in 9.339ms
2022-05-29 21:42:48.838 -03:00 [INF] Executed endpoint 'PushAPI.Controllers.PUSH.Solicitacao_PUSH.SolicitacaoController.GetSolicitacao (PushAPI)'
2022-05-29 21:42:48.838 -03:00 [INF] Request finished HTTP/1.1 GET http://gecdi.mz.caixa/api/solicitacao/lista?recount=false&CGC=-1&order=priority&soFila=true&limit=100&de=2022-02-28&ate=2022-08-27&matricula= - - - 200 - application/json;+charset=utf-8 13.7591ms
2022-05-29 21:43:13.160 -03:00 [INF] Request starting HTTP/1.1 GET http://gecdi.mz.caixa/api/envios/lista?De=2022-05-29&Ate=2022-05-29&Enviados=-1&NaoEnviadosAntigos=false&simular=false - -
2022-05-29 21:43:13.162 -03:00 [INF] Entity Framework Core 6.0.4 initialized 'dbSites' using provider 'Microsoft.EntityFrameworkCore.SqlServer:6.0.4' with options: None
2022-05-29 21:43:13.164 -03:00 [INF] Executed DbCommand (1ms) [Parameters=[@__id_0='?' (DbType = Int32)], CommandType='"Text"', CommandTimeout='30']
SELECT TOP(2) [u].[idUsuario], [u].[CGC], [u].[Nome], [u].[cUsuario], [u].[idRole], [r].[idRole], [r].[E_Admin], [r].[Nome_Role], [r].[Ordem], [r].[Pode_Geranciar_Simulacao], [r].[Pode_Gerenciar_Curvas], [r].[Pode_Gerenciar_Envios], [r].[Pode_Gerenciar_Solicitacao], [r].[Pode_Marcar_Envio], [r].[Pode_Suspender_Envios], [r].[Pode_Ver_Relatorio], [r].[Role], [r].[Rota], [r].[Tem_Permissao_Geral]
FROM [SITES].[Usuario] AS [u]
INNER JOIN [SITES].[Roles] AS [r] ON [u].[idRole] = [r].[idRole]
WHERE [u].[idUsuario] = @__id_0
2022-05-29 21:43:13.164 -03:00 [INF] Executing endpoint 'PushAPI.Controllers.PUSH.Envio.EnviosController.GetSolicitacao_Simulacao_Envio (PushAPI)'
2022-05-29 21:43:13.172 -03:00 [INF] Route matched with {action = "GetSolicitacao_Simulacao_Envio", controller = "Envios"}. Executing controller action with signature System.Threading.Tasks.Task`1[Microsoft.AspNetCore.Mvc.ActionResult`1[System.Collections.Generic.IEnumerable`1[PushAPI.Models.Push.Solicitacao_Simulacao_Envio]]] GetSolicitacao_Simulacao_Envio(System.Nullable`1[System.DateTime], System.Nullable`1[System.DateTime], Int32, Boolean, Boolean) on controller PushAPI.Controllers.PUSH.Envio.EnviosController (PushAPI).
2022-05-29 21:43:13.179 -03:00 [INF] Entity Framework Core 6.0.4 initialized 'dbPUSH' using provider 'Microsoft.EntityFrameworkCore.SqlServer:6.0.4' with options: CommandTimeout=18000 
2022-05-29 21:43:13.205 -03:00 [INF] Executed DbCommand (4ms) [Parameters=[@__xDe_0='?' (DbType = Date), @__xAte_1='?' (DbType = Date)], CommandType='"Text"', CommandTimeout='18000']
SELECT [s].[idSolicitacao_Simulacao_Envio], [s].[Bloqueado_TI], [s].[Cancelado], [s].[Comando_PowerShell], [s].[Data], [s].[Data_Hora_Atualizacao], [s].[Data_Hora_Bloqueio], [s].[Data_Hora_Envio], [s].[Enviado], [s].[Gerado], [s].[Homologado], [s].[Hora], [s].[Matricula_Bloqueio_TI], [s].[Matricula_Enviante], [s].[Nome_Arquivo], [s].[Observacoes], [s].[ParametroLote], [s].[Quantidade], [s].[Quantidade_Reportada], [s].[REQ_Envio], [s].[Tranche], [s].[idEnvio_Mensagem], [s].[idSolicitacao_PUSH], [s0].[idSolicitacao_PUSH], [s0].[Autorizacao_Gestor_PUSH], [s0].[Bloqueado_TI], [s0].[CGCDemandante], [s0].[CGCExecutora], [s0].[Canal], [s0].[Cancelado], [s0].[Data_Cadastramento], [s0].[Data_Hora_Autorizacao], [s0].[Data_Hora_Bloqueio], [s0].[Data_Hora_Cancelamento], [s0].[E_Cadastramento_Manual], [s0].[Enviar_DOM], [s0].[Enviar_Horario_Final], [s0].[Enviar_Horario_Inicial], [s0].[Enviar_QUA], [s0].[Enviar_QUI], [s0].[Enviar_SAB], [s0].[Enviar_SEG], [s0].[Enviar_SEX], [s0].[Enviar_TER], [s0].[Enviar_a_partir_de], [s0].[Enviar_no_maximo_ate], [s0].[Finalizado], [s0].[Impactos_Previstos], [s0].[Limitacao_Tranche], [s0].[Limite_Mensagens_Por_Dia], [s0].[Matricula_Autorizacao_Gestor_PUSH], [s0].[Matricula_Bloqueio_TI], [s0].[Matricula_Cadastramento], [s0].[Matricula_Cancelamento], [s0].[Mensagem], [s0].[Nome_Campo1], [s0].[Nome_Campo2], [s0].[Nome_Campo3], [s0].[Nome_Campo4], [s0].[Nome_Campo5], [s0].[Nome_Solicitacao], [s0].[Observacoes], [s0].[Prioridade], [s0].[Quantidade_Agendada], [s0].[Quantidade_Enviada], [s0].[Quantidade_Maxima_Autorizada], [s0].[Quantidade_Total], [s0].[Quantidade_Total_Restante], [s0].[REQ_WO_Aprovacao_Mensagem], [s0].[REQ_WO_Aprovacao_Mensagem_Texto], [s0].[Tipo_Categoria_Solicitacao], [s0].[Titulo], [s0].[URL_Acao], [s0].[URL_Imagem], [s0].[WF_GECRM], [s0].[idCurva], [s0].[idEnvio_Mensagem], [s0].[idTipoMensagem]
FROM [FILA].[Solicitacao_Simulacao_Envio] AS [s]
INNER JOIN [FILA].[Solicitacao] AS [s0] ON [s].[idSolicitacao_PUSH] = [s0].[idSolicitacao_PUSH]
WHERE ([s].[Data] >= @__xDe_0) AND ([s].[Data] <= @__xAte_1)
ORDER BY [s].[Data], [s].[Hora]
2022-05-29 21:43:13.205 -03:00 [INF] Executing ObjectResult, writing value of type 'System.Collections.Generic.List`1[[PushAPI.Models.Push.Solicitacao_Simulacao_Envio, PushAPI, Version=1.0.0.0, Culture=neutral, PublicKeyToken=null]]'.
2022-05-29 21:43:13.206 -03:00 [INF] Executed action PushAPI.Controllers.PUSH.Envio.EnviosController.GetSolicitacao_Simulacao_Envio (PushAPI) in 33.5047ms
2022-05-29 21:43:13.206 -03:00 [INF] Executed endpoint 'PushAPI.Controllers.PUSH.Envio.EnviosController.GetSolicitacao_Simulacao_Envio (PushAPI)'
2022-05-29 21:43:13.206 -03:00 [INF] Request finished HTTP/1.1 GET http://gecdi.mz.caixa/api/envios/lista?De=2022-05-29&Ate=2022-05-29&Enviados=-1&NaoEnviadosAntigos=false&simular=false - - - 200 - application/json;+charset=utf-8 45.9299ms
2022-05-29 21:43:16.111 -03:00 [INF] Request starting HTTP/1.1 GET http://gecdi.mz.caixa/api/envios/lista?De=2022-05-30&Ate=2022-05-30&Enviados=-1&NaoEnviadosAntigos=false&simular=false - -
2022-05-29 21:43:16.113 -03:00 [INF] Entity Framework Core 6.0.4 initialized 'dbSites' using provider 'Microsoft.EntityFrameworkCore.SqlServer:6.0.4' with options: None
2022-05-29 21:43:16.115 -03:00 [INF] Executed DbCommand (1ms) [Parameters=[@__id_0='?' (DbType = Int32)], CommandType='"Text"', CommandTimeout='30']
SELECT TOP(2) [u].[idUsuario], [u].[CGC], [u].[Nome], [u].[cUsuario], [u].[idRole], [r].[idRole], [r].[E_Admin], [r].[Nome_Role], [r].[Ordem], [r].[Pode_Geranciar_Simulacao], [r].[Pode_Gerenciar_Curvas], [r].[Pode_Gerenciar_Envios], [r].[Pode_Gerenciar_Solicitacao], [r].[Pode_Marcar_Envio], [r].[Pode_Suspender_Envios], [r].[Pode_Ver_Relatorio], [r].[Role], [r].[Rota], [r].[Tem_Permissao_Geral]
FROM [SITES].[Usuario] AS [u]
INNER JOIN [SITES].[Roles] AS [r] ON [u].[idRole] = [r].[idRole]
WHERE [u].[idUsuario] = @__id_0
2022-05-29 21:43:16.117 -03:00 [INF] Executing endpoint 'PushAPI.Controllers.PUSH.Envio.EnviosController.GetSolicitacao_Simulacao_Envio (PushAPI)'
2022-05-29 21:43:16.117 -03:00 [INF] Route matched with {action = "GetSolicitacao_Simulacao_Envio", controller = "Envios"}. Executing controller action with signature System.Threading.Tasks.Task`1[Microsoft.AspNetCore.Mvc.ActionResult`1[System.Collections.Generic.IEnumerable`1[PushAPI.Models.Push.Solicitacao_Simulacao_Envio]]] GetSolicitacao_Simulacao_Envio(System.Nullable`1[System.DateTime], System.Nullable`1[System.DateTime], Int32, Boolean, Boolean) on controller PushAPI.Controllers.PUSH.Envio.EnviosController (PushAPI).
2022-05-29 21:43:16.118 -03:00 [INF] Entity Framework Core 6.0.4 initialized 'dbPUSH' using provider 'Microsoft.EntityFrameworkCore.SqlServer:6.0.4' with options: CommandTimeout=18000 
2022-05-29 21:43:16.122 -03:00 [INF] Executed DbCommand (3ms) [Parameters=[@__xDe_0='?' (DbType = Date), @__xAte_1='?' (DbType = Date)], CommandType='"Text"', CommandTimeout='18000']
SELECT [s].[idSolicitacao_Simulacao_Envio], [s].[Bloqueado_TI], [s].[Cancelado], [s].[Comando_PowerShell], [s].[Data], [s].[Data_Hora_Atualizacao], [s].[Data_Hora_Bloqueio], [s].[Data_Hora_Envio], [s].[Enviado], [s].[Gerado], [s].[Homologado], [s].[Hora], [s].[Matricula_Bloqueio_TI], [s].[Matricula_Enviante], [s].[Nome_Arquivo], [s].[Observacoes], [s].[ParametroLote], [s].[Quantidade], [s].[Quantidade_Reportada], [s].[REQ_Envio], [s].[Tranche], [s].[idEnvio_Mensagem], [s].[idSolicitacao_PUSH], [s0].[idSolicitacao_PUSH], [s0].[Autorizacao_Gestor_PUSH], [s0].[Bloqueado_TI], [s0].[CGCDemandante], [s0].[CGCExecutora], [s0].[Canal], [s0].[Cancelado], [s0].[Data_Cadastramento], [s0].[Data_Hora_Autorizacao], [s0].[Data_Hora_Bloqueio], [s0].[Data_Hora_Cancelamento], [s0].[E_Cadastramento_Manual], [s0].[Enviar_DOM], [s0].[Enviar_Horario_Final], [s0].[Enviar_Horario_Inicial], [s0].[Enviar_QUA], [s0].[Enviar_QUI], [s0].[Enviar_SAB], [s0].[Enviar_SEG], [s0].[Enviar_SEX], [s0].[Enviar_TER], [s0].[Enviar_a_partir_de], [s0].[Enviar_no_maximo_ate], [s0].[Finalizado], [s0].[Impactos_Previstos], [s0].[Limitacao_Tranche], [s0].[Limite_Mensagens_Por_Dia], [s0].[Matricula_Autorizacao_Gestor_PUSH], [s0].[Matricula_Bloqueio_TI], [s0].[Matricula_Cadastramento], [s0].[Matricula_Cancelamento], [s0].[Mensagem], [s0].[Nome_Campo1], [s0].[Nome_Campo2], [s0].[Nome_Campo3], [s0].[Nome_Campo4], [s0].[Nome_Campo5], [s0].[Nome_Solicitacao], [s0].[Observacoes], [s0].[Prioridade], [s0].[Quantidade_Agendada], [s0].[Quantidade_Enviada], [s0].[Quantidade_Maxima_Autorizada], [s0].[Quantidade_Total], [s0].[Quantidade_Total_Restante], [s0].[REQ_WO_Aprovacao_Mensagem], [s0].[REQ_WO_Aprovacao_Mensagem_Texto], [s0].[Tipo_Categoria_Solicitacao], [s0].[Titulo], [s0].[URL_Acao], [s0].[URL_Imagem], [s0].[WF_GECRM], [s0].[idCurva], [s0].[idEnvio_Mensagem], [s0].[idTipoMensagem]
FROM [FILA].[Solicitacao_Simulacao_Envio] AS [s]
INNER JOIN [FILA].[Solicitacao] AS [s0] ON [s].[idSolicitacao_PUSH] = [s0].[idSolicitacao_PUSH]
WHERE ([s].[Data] >= @__xDe_0) AND ([s].[Data] <= @__xAte_1)
ORDER BY [s].[Data], [s].[Hora]
2022-05-29 21:43:16.190 -03:00 [INF] Executing ObjectResult, writing value of type 'System.Collections.Generic.List`1[[PushAPI.Models.Push.Solicitacao_Simulacao_Envio, PushAPI, Version=1.0.0.0, Culture=neutral, PublicKeyToken=null]]'.
2022-05-29 21:43:16.604 -03:00 [INF] Executed action PushAPI.Controllers.PUSH.Envio.EnviosController.GetSolicitacao_Simulacao_Envio (PushAPI) in 487.2762ms
2022-05-29 21:43:16.604 -03:00 [INF] Executed endpoint 'PushAPI.Controllers.PUSH.Envio.EnviosController.GetSolicitacao_Simulacao_Envio (PushAPI)'
2022-05-29 21:43:16.605 -03:00 [INF] Request finished HTTP/1.1 GET http://gecdi.mz.caixa/api/envios/lista?De=2022-05-30&Ate=2022-05-30&Enviados=-1&NaoEnviadosAntigos=false&simular=false - - - 200 - application/json;+charset=utf-8 493.3462ms
2022-05-29 21:43:22.733 -03:00 [INF] Request starting HTTP/1.1 GET http://gecdi.mz.caixa/api/solicitacao/lista/5138?recount=false&CGC=5138&order=idDesc&soFila=true&limit=-1&de=&ate=&matricula= - -
2022-05-29 21:43:22.737 -03:00 [INF] Entity Framework Core 6.0.4 initialized 'dbSites' using provider 'Microsoft.EntityFrameworkCore.SqlServer:6.0.4' with options: None
2022-05-29 21:43:22.739 -03:00 [INF] Executed DbCommand (1ms) [Parameters=[@__id_0='?' (DbType = Int32)], CommandType='"Text"', CommandTimeout='30']
SELECT TOP(2) [u].[idUsuario], [u].[CGC], [u].[Nome], [u].[cUsuario], [u].[idRole], [r].[idRole], [r].[E_Admin], [r].[Nome_Role], [r].[Ordem], [r].[Pode_Geranciar_Simulacao], [r].[Pode_Gerenciar_Curvas], [r].[Pode_Gerenciar_Envios], [r].[Pode_Gerenciar_Solicitacao], [r].[Pode_Marcar_Envio], [r].[Pode_Suspender_Envios], [r].[Pode_Ver_Relatorio], [r].[Role], [r].[Rota], [r].[Tem_Permissao_Geral]
FROM [SITES].[Usuario] AS [u]
INNER JOIN [SITES].[Roles] AS [r] ON [u].[idRole] = [r].[idRole]
WHERE [u].[idUsuario] = @__id_0
2022-05-29 21:43:22.739 -03:00 [INF] Executing endpoint 'PushAPI.Controllers.PUSH.Solicitacao_PUSH.SolicitacaoController.GetSolicitacaoCGC (PushAPI)'
2022-05-29 21:43:22.747 -03:00 [INF] Route matched with {action = "GetSolicitacaoCGC", controller = "Solicitacao"}. Executing controller action with signature System.Threading.Tasks.Task`1[Microsoft.AspNetCore.Mvc.ActionResult`1[System.Collections.Generic.IEnumerable`1[PushAPI.Models.Push.Solicitacao]]] GetSolicitacaoCGC(Int32, System.Nullable`1[System.DateTime], System.Nullable`1[System.DateTime], Boolean, Boolean, System.String, Boolean, Int32, System.String) on controller PushAPI.Controllers.PUSH.Solicitacao_PUSH.SolicitacaoController (PushAPI).
2022-05-29 21:43:22.750 -03:00 [INF] Entity Framework Core 6.0.4 initialized 'dbPUSH' using provider 'Microsoft.EntityFrameworkCore.SqlServer:6.0.4' with options: CommandTimeout=18000 
2022-05-29 21:43:23.128 -03:00 [INF] Executed DbCommand (330ms) [Parameters=[@__CGC_0='?' (DbType = Int16), @__p_1='?' (DbType = DateTime), @__p_2='?' (DbType = DateTime)], CommandType='"Text"', CommandTimeout='18000']
SELECT [s].[idSolicitacao_PUSH], [s].[Autorizacao_Gestor_PUSH], [s].[Bloqueado_TI], [s].[CGCDemandante], [s].[CGCExecutora], [s].[Canal], [s].[Cancelado], [s].[Data_Cadastramento], [s].[Data_Hora_Autorizacao], [s].[Data_Hora_Bloqueio], [s].[Data_Hora_Cancelamento], [s].[E_Cadastramento_Manual], [s].[Enviar_DOM], [s].[Enviar_Horario_Final], [s].[Enviar_Horario_Inicial], [s].[Enviar_QUA], [s].[Enviar_QUI], [s].[Enviar_SAB], [s].[Enviar_SEG], [s].[Enviar_SEX], [s].[Enviar_TER], [s].[Enviar_a_partir_de], [s].[Enviar_no_maximo_ate], [s].[Finalizado], [s].[Impactos_Previstos], [s].[Limitacao_Tranche], [s].[Limite_Mensagens_Por_Dia], [s].[Matricula_Autorizacao_Gestor_PUSH], [s].[Matricula_Bloqueio_TI], [s].[Matricula_Cadastramento], [s].[Matricula_Cancelamento], [s].[Mensagem], [s].[Nome_Campo1], [s].[Nome_Campo2], [s].[Nome_Campo3], [s].[Nome_Campo4], [s].[Nome_Campo5], [s].[Nome_Solicitacao], [s].[Observacoes], [s].[Prioridade], [s].[Quantidade_Agendada], [s].[Quantidade_Enviada], [s].[Quantidade_Maxima_Autorizada], [s].[Quantidade_Total], [s].[Quantidade_Total_Restante], [s].[REQ_WO_Aprovacao_Mensagem], [s].[REQ_WO_Aprovacao_Mensagem_Texto], [s].[Tipo_Categoria_Solicitacao], [s].[Titulo], [s].[URL_Acao], [s].[URL_Imagem], [s].[WF_GECRM], [s].[idCurva], [s].[idEnvio_Mensagem], [s].[idTipoMensagem], [m].[idEnvio_Mensagem], [m].[Apelido], [m].[AppCaixa], [m].[Ativo], [m].[CAIXA_Tem], [m].[CaixaTem], [m].[Cartão], [m].[Crédito], [m].[Data_Fim], [m].[Data_Inicio], [m].[Enviados], [m].[Faltam], [m].[Mensagem], [m].[MensagemRegex], [m].[Monitoração_Producao], [m].[Pre_Autorizado], [m].[Push_Enviados], [m].[Tranches], [s0].[idSolicitacao_Upload], [s0].[Arquivo], [s0].[Data_Processamento], [s0].[Data_Upload], [s0].[Matricula_Upload], [s0].[Processado], [s0].[Registros_Aceitos], [s0].[Registros_Rejeitados], [s0].[Registros_Total], [s0].[Rejeitado], [s0].[Resultado_Processamento], [s0].[Tempo_Decorrido], [s0].[idSolicitacao_PUSH]
FROM [FILA].[Solicitacao] AS [s]
LEFT JOIN [PUSH].[Mensagem] AS [m] ON [s].[idEnvio_Mensagem] = [m].[idEnvio_Mensagem]
LEFT JOIN [FILA].[Solicitacao_Upload] AS [s0] ON [s].[idSolicitacao_PUSH] = [s0].[idSolicitacao_PUSH]
WHERE (((([s].[CGCDemandante] = @__CGC_0) OR ([s].[CGCExecutora] = @__CGC_0)) AND (([s].[Data_Cadastramento] >= @__p_1) AND ([s].[Data_Cadastramento] <= @__p_2))) AND ([s].[Finalizado] = CAST(0 AS bit))) AND ([s].[Cancelado] = CAST(0 AS bit))
ORDER BY -[s].[idSolicitacao_PUSH], [s].[Prioridade], [s].[Quantidade_Total_Restante], [s].[idSolicitacao_PUSH], [m].[idEnvio_Mensagem]
2022-05-29 21:43:23.128 -03:00 [INF] Executing ObjectResult, writing value of type 'System.Collections.Generic.List`1[[PushAPI.Models.Push.Solicitacao, PushAPI, Version=1.0.0.0, Culture=neutral, PublicKeyToken=null]]'.
2022-05-29 21:43:23.129 -03:00 [INF] Executed action PushAPI.Controllers.PUSH.Solicitacao_PUSH.SolicitacaoController.GetSolicitacaoCGC (PushAPI) in 381.5982ms
2022-05-29 21:43:23.129 -03:00 [INF] Executed endpoint 'PushAPI.Controllers.PUSH.Solicitacao_PUSH.SolicitacaoController.GetSolicitacaoCGC (PushAPI)'
2022-05-29 21:43:23.129 -03:00 [INF] Request finished HTTP/1.1 GET http://gecdi.mz.caixa/api/solicitacao/lista/5138?recount=false&CGC=5138&order=idDesc&soFila=true&limit=-1&de=&ate=&matricula= - - - 200 - application/json;+charset=utf-8 396.1129ms
2022-05-29 22:04:05.199 -03:00 [INF] Request starting HTTP/1.1 POST http://127.0.0.1:3521/iisintegration - 0
2022-05-29 22:04:05.200 -03:00 [INF] Request finished HTTP/1.1 POST http://127.0.0.1:3521/iisintegration - 0 - 202 0 - 0.7729ms
2022-05-29 22:04:05.200 -03:00 [INF] Application is shutting down...
