2022-06-05 00:05:12.822 -03:00 [INF] Request starting HTTP/1.1 GET http://gecdi.mz.caixa/api/envios/lista?De=2022-06-04&Ate=2022-06-04&Enviados=-1&NaoEnviadosAntigos=false&simular=false - -
2022-06-05 00:05:12.830 -03:00 [INF] Entity Framework Core 6.0.4 initialized 'dbSites' using provider 'Microsoft.EntityFrameworkCore.SqlServer:6.0.4' with options: None
2022-06-05 00:05:12.934 -03:00 [INF] Executed DbCommand (20ms) [Parameters=[@__id_0='?' (DbType = Int32)], CommandType='"Text"', CommandTimeout='30']
SELECT TOP(2) [u].[idUsuario], [u].[CGC], [u].[Nome], [u].[cUsuario], [u].[idRole], [r].[idRole], [r].[E_Admin], [r].[Nome_Role], [r].[Ordem], [r].[Pode_Geranciar_Simulacao], [r].[Pode_Gerenciar_Curvas], [r].[Pode_Gerenciar_Envios], [r].[Pode_Gerenciar_Solicitacao], [r].[Pode_Marcar_Envio], [r].[Pode_Suspender_Envios], [r].[Pode_Ver_Relatorio], [r].[Role], [r].[Rota], [r].[Tem_Permissao_Geral]
FROM [SITES].[Usuario] AS [u]
INNER JOIN [SITES].[Roles] AS [r] ON [u].[idRole] = [r].[idRole]
WHERE [u].[idUsuario] = @__id_0
2022-06-05 00:05:12.935 -03:00 [INF] Executing endpoint 'PushAPI.Controllers.PUSH.Envio.EnviosController.GetSolicitacao_Simulacao_Envio (PushAPI)'
2022-06-05 00:05:12.935 -03:00 [INF] Route matched with {action = "GetSolicitacao_Simulacao_Envio", controller = "Envios"}. Executing controller action with signature System.Threading.Tasks.Task`1[Microsoft.AspNetCore.Mvc.ActionResult`1[System.Collections.Generic.IEnumerable`1[PushAPI.Models.Push.Solicitacao_Simulacao_Envio]]] GetSolicitacao_Simulacao_Envio(System.Nullable`1[System.DateTime], System.Nullable`1[System.DateTime], Int32, Boolean, Boolean) on controller PushAPI.Controllers.PUSH.Envio.EnviosController (PushAPI).
2022-06-05 00:05:12.936 -03:00 [INF] Entity Framework Core 6.0.4 initialized 'dbPUSH' using provider 'Microsoft.EntityFrameworkCore.SqlServer:6.0.4' with options: CommandTimeout=18000 
2022-06-05 00:05:13.154 -03:00 [INF] Executed DbCommand (163ms) [Parameters=[@__xDe_0='?' (DbType = Date), @__xAte_1='?' (DbType = Date)], CommandType='"Text"', CommandTimeout='18000']
SELECT [s].[idSolicitacao_Simulacao_Envio], [s].[Bloqueado_TI], [s].[Cancelado], [s].[Comando_PowerShell], [s].[Data], [s].[Data_Hora_Atualizacao], [s].[Data_Hora_Bloqueio], [s].[Data_Hora_Envio], [s].[Enviado], [s].[Gerado], [s].[Homologado], [s].[Hora], [s].[Matricula_Bloqueio_TI], [s].[Matricula_Enviante], [s].[Nome_Arquivo], [s].[Observacoes], [s].[ParametroLote], [s].[Quantidade], [s].[Quantidade_Reportada], [s].[REQ_Envio], [s].[Tranche], [s].[idEnvio_Mensagem], [s].[idSolicitacao_PUSH], [s0].[idSolicitacao_PUSH], [s0].[Autorizacao_Gestor_PUSH], [s0].[Bloqueado_TI], [s0].[CGCDemandante], [s0].[CGCExecutora], [s0].[Canal], [s0].[Cancelado], [s0].[Data_Cadastramento], [s0].[Data_Hora_Autorizacao], [s0].[Data_Hora_Bloqueio], [s0].[Data_Hora_Cancelamento], [s0].[E_Cadastramento_Manual], [s0].[Enviar_DOM], [s0].[Enviar_Horario_Final], [s0].[Enviar_Horario_Inicial], [s0].[Enviar_QUA], [s0].[Enviar_QUI], [s0].[Enviar_SAB], [s0].[Enviar_SEG], [s0].[Enviar_SEX], [s0].[Enviar_TER], [s0].[Enviar_a_partir_de], [s0].[Enviar_no_maximo_ate], [s0].[Finalizado], [s0].[Impactos_Previstos], [s0].[Limitacao_Tranche], [s0].[Limite_Mensagens_Por_Dia], [s0].[Matricula_Autorizacao_Gestor_PUSH], [s0].[Matricula_Bloqueio_TI], [s0].[Matricula_Cadastramento], [s0].[Matricula_Cancelamento], [s0].[Mensagem], [s0].[Nome_Campo1], [s0].[Nome_Campo2], [s0].[Nome_Campo3], [s0].[Nome_Campo4], [s0].[Nome_Campo5], [s0].[Nome_Solicitacao], [s0].[Observacoes], [s0].[Prioridade], [s0].[Quantidade_Agendada], [s0].[Quantidade_Enviada], [s0].[Quantidade_Maxima_Autorizada], [s0].[Quantidade_Total], [s0].[Quantidade_Total_Restante], [s0].[REQ_WO_Aprovacao_Mensagem], [s0].[REQ_WO_Aprovacao_Mensagem_Texto], [s0].[Tipo_Categoria_Solicitacao], [s0].[Titulo], [s0].[URL_Acao], [s0].[URL_Imagem], [s0].[WF_GECRM], [s0].[idCurva], [s0].[idEnvio_Mensagem], [s0].[idTipoMensagem]
FROM [FILA].[Solicitacao_Simulacao_Envio] AS [s]
INNER JOIN [FILA].[Solicitacao] AS [s0] ON [s].[idSolicitacao_PUSH] = [s0].[idSolicitacao_PUSH]
WHERE ([s].[Data] >= @__xDe_0) AND ([s].[Data] <= @__xAte_1)
ORDER BY [s].[Data], [s].[Hora]
2022-06-05 00:05:13.174 -03:00 [INF] Executing ObjectResult, writing value of type 'System.Collections.Generic.List`1[[PushAPI.Models.Push.Solicitacao_Simulacao_Envio, PushAPI, Version=1.0.0.0, Culture=neutral, PublicKeyToken=null]]'.
2022-06-05 00:05:13.177 -03:00 [INF] Executed action PushAPI.Controllers.PUSH.Envio.EnviosController.GetSolicitacao_Simulacao_Envio (PushAPI) in 241.7032ms
2022-06-05 00:05:13.177 -03:00 [INF] Executed endpoint 'PushAPI.Controllers.PUSH.Envio.EnviosController.GetSolicitacao_Simulacao_Envio (PushAPI)'
2022-06-05 00:05:13.177 -03:00 [INF] Request finished HTTP/1.1 GET http://gecdi.mz.caixa/api/envios/lista?De=2022-06-04&Ate=2022-06-04&Enviados=-1&NaoEnviadosAntigos=false&simular=false - - - 200 - application/json;+charset=utf-8 354.5263ms
2022-06-05 00:15:55.015 -03:00 [INF] Request starting HTTP/1.1 GET http://gecdi.mz.caixa/api/envios/lista?De=2022-06-04&Ate=2022-06-04&Enviados=-1&NaoEnviadosAntigos=false&simular=false - -
2022-06-05 00:15:55.017 -03:00 [INF] Entity Framework Core 6.0.4 initialized 'dbSites' using provider 'Microsoft.EntityFrameworkCore.SqlServer:6.0.4' with options: None
2022-06-05 00:15:55.534 -03:00 [INF] Executed DbCommand (6ms) [Parameters=[@__id_0='?' (DbType = Int32)], CommandType='"Text"', CommandTimeout='30']
SELECT TOP(2) [u].[idUsuario], [u].[CGC], [u].[Nome], [u].[cUsuario], [u].[idRole], [r].[idRole], [r].[E_Admin], [r].[Nome_Role], [r].[Ordem], [r].[Pode_Geranciar_Simulacao], [r].[Pode_Gerenciar_Curvas], [r].[Pode_Gerenciar_Envios], [r].[Pode_Gerenciar_Solicitacao], [r].[Pode_Marcar_Envio], [r].[Pode_Suspender_Envios], [r].[Pode_Ver_Relatorio], [r].[Role], [r].[Rota], [r].[Tem_Permissao_Geral]
FROM [SITES].[Usuario] AS [u]
INNER JOIN [SITES].[Roles] AS [r] ON [u].[idRole] = [r].[idRole]
WHERE [u].[idUsuario] = @__id_0
2022-06-05 00:15:55.535 -03:00 [INF] Executing endpoint 'PushAPI.Controllers.PUSH.Envio.EnviosController.GetSolicitacao_Simulacao_Envio (PushAPI)'
2022-06-05 00:15:55.535 -03:00 [INF] Route matched with {action = "GetSolicitacao_Simulacao_Envio", controller = "Envios"}. Executing controller action with signature System.Threading.Tasks.Task`1[Microsoft.AspNetCore.Mvc.ActionResult`1[System.Collections.Generic.IEnumerable`1[PushAPI.Models.Push.Solicitacao_Simulacao_Envio]]] GetSolicitacao_Simulacao_Envio(System.Nullable`1[System.DateTime], System.Nullable`1[System.DateTime], Int32, Boolean, Boolean) on controller PushAPI.Controllers.PUSH.Envio.EnviosController (PushAPI).
2022-06-05 00:15:55.536 -03:00 [INF] Entity Framework Core 6.0.4 initialized 'dbPUSH' using provider 'Microsoft.EntityFrameworkCore.SqlServer:6.0.4' with options: CommandTimeout=18000 
2022-06-05 00:15:55.788 -03:00 [INF] Executed DbCommand (113ms) [Parameters=[@__xDe_0='?' (DbType = Date), @__xAte_1='?' (DbType = Date)], CommandType='"Text"', CommandTimeout='18000']
SELECT [s].[idSolicitacao_Simulacao_Envio], [s].[Bloqueado_TI], [s].[Cancelado], [s].[Comando_PowerShell], [s].[Data], [s].[Data_Hora_Atualizacao], [s].[Data_Hora_Bloqueio], [s].[Data_Hora_Envio], [s].[Enviado], [s].[Gerado], [s].[Homologado], [s].[Hora], [s].[Matricula_Bloqueio_TI], [s].[Matricula_Enviante], [s].[Nome_Arquivo], [s].[Observacoes], [s].[ParametroLote], [s].[Quantidade], [s].[Quantidade_Reportada], [s].[REQ_Envio], [s].[Tranche], [s].[idEnvio_Mensagem], [s].[idSolicitacao_PUSH], [s0].[idSolicitacao_PUSH], [s0].[Autorizacao_Gestor_PUSH], [s0].[Bloqueado_TI], [s0].[CGCDemandante], [s0].[CGCExecutora], [s0].[Canal], [s0].[Cancelado], [s0].[Data_Cadastramento], [s0].[Data_Hora_Autorizacao], [s0].[Data_Hora_Bloqueio], [s0].[Data_Hora_Cancelamento], [s0].[E_Cadastramento_Manual], [s0].[Enviar_DOM], [s0].[Enviar_Horario_Final], [s0].[Enviar_Horario_Inicial], [s0].[Enviar_QUA], [s0].[Enviar_QUI], [s0].[Enviar_SAB], [s0].[Enviar_SEG], [s0].[Enviar_SEX], [s0].[Enviar_TER], [s0].[Enviar_a_partir_de], [s0].[Enviar_no_maximo_ate], [s0].[Finalizado], [s0].[Impactos_Previstos], [s0].[Limitacao_Tranche], [s0].[Limite_Mensagens_Por_Dia], [s0].[Matricula_Autorizacao_Gestor_PUSH], [s0].[Matricula_Bloqueio_TI], [s0].[Matricula_Cadastramento], [s0].[Matricula_Cancelamento], [s0].[Mensagem], [s0].[Nome_Campo1], [s0].[Nome_Campo2], [s0].[Nome_Campo3], [s0].[Nome_Campo4], [s0].[Nome_Campo5], [s0].[Nome_Solicitacao], [s0].[Observacoes], [s0].[Prioridade], [s0].[Quantidade_Agendada], [s0].[Quantidade_Enviada], [s0].[Quantidade_Maxima_Autorizada], [s0].[Quantidade_Total], [s0].[Quantidade_Total_Restante], [s0].[REQ_WO_Aprovacao_Mensagem], [s0].[REQ_WO_Aprovacao_Mensagem_Texto], [s0].[Tipo_Categoria_Solicitacao], [s0].[Titulo], [s0].[URL_Acao], [s0].[URL_Imagem], [s0].[WF_GECRM], [s0].[idCurva], [s0].[idEnvio_Mensagem], [s0].[idTipoMensagem]
FROM [FILA].[Solicitacao_Simulacao_Envio] AS [s]
INNER JOIN [FILA].[Solicitacao] AS [s0] ON [s].[idSolicitacao_PUSH] = [s0].[idSolicitacao_PUSH]
WHERE ([s].[Data] >= @__xDe_0) AND ([s].[Data] <= @__xAte_1)
ORDER BY [s].[Data], [s].[Hora]
2022-06-05 00:15:55.810 -03:00 [INF] Executing ObjectResult, writing value of type 'System.Collections.Generic.List`1[[PushAPI.Models.Push.Solicitacao_Simulacao_Envio, PushAPI, Version=1.0.0.0, Culture=neutral, PublicKeyToken=null]]'.
2022-06-05 00:15:55.815 -03:00 [INF] Executed action PushAPI.Controllers.PUSH.Envio.EnviosController.GetSolicitacao_Simulacao_Envio (PushAPI) in 279.6678ms
2022-06-05 00:15:55.815 -03:00 [INF] Executed endpoint 'PushAPI.Controllers.PUSH.Envio.EnviosController.GetSolicitacao_Simulacao_Envio (PushAPI)'
2022-06-05 00:15:55.815 -03:00 [INF] Request finished HTTP/1.1 GET http://gecdi.mz.caixa/api/envios/lista?De=2022-06-04&Ate=2022-06-04&Enviados=-1&NaoEnviadosAntigos=false&simular=false - - - 200 - application/json;+charset=utf-8 799.8767ms
2022-06-05 00:26:02.562 -03:00 [INF] Request starting HTTP/1.1 GET http://gecdi.mz.caixa/api/envios/lista?De=2022-06-04&Ate=2022-06-04&Enviados=-1&NaoEnviadosAntigos=false&simular=false - -
2022-06-05 00:26:02.564 -03:00 [INF] Entity Framework Core 6.0.4 initialized 'dbSites' using provider 'Microsoft.EntityFrameworkCore.SqlServer:6.0.4' with options: None
2022-06-05 00:26:04.819 -03:00 [INF] Executed DbCommand (1,851ms) [Parameters=[@__id_0='?' (DbType = Int32)], CommandType='"Text"', CommandTimeout='30']
SELECT TOP(2) [u].[idUsuario], [u].[CGC], [u].[Nome], [u].[cUsuario], [u].[idRole], [r].[idRole], [r].[E_Admin], [r].[Nome_Role], [r].[Ordem], [r].[Pode_Geranciar_Simulacao], [r].[Pode_Gerenciar_Curvas], [r].[Pode_Gerenciar_Envios], [r].[Pode_Gerenciar_Solicitacao], [r].[Pode_Marcar_Envio], [r].[Pode_Suspender_Envios], [r].[Pode_Ver_Relatorio], [r].[Role], [r].[Rota], [r].[Tem_Permissao_Geral]
FROM [SITES].[Usuario] AS [u]
INNER JOIN [SITES].[Roles] AS [r] ON [u].[idRole] = [r].[idRole]
WHERE [u].[idUsuario] = @__id_0
2022-06-05 00:26:04.820 -03:00 [INF] Executing endpoint 'PushAPI.Controllers.PUSH.Envio.EnviosController.GetSolicitacao_Simulacao_Envio (PushAPI)'
2022-06-05 00:26:04.820 -03:00 [INF] Route matched with {action = "GetSolicitacao_Simulacao_Envio", controller = "Envios"}. Executing controller action with signature System.Threading.Tasks.Task`1[Microsoft.AspNetCore.Mvc.ActionResult`1[System.Collections.Generic.IEnumerable`1[PushAPI.Models.Push.Solicitacao_Simulacao_Envio]]] GetSolicitacao_Simulacao_Envio(System.Nullable`1[System.DateTime], System.Nullable`1[System.DateTime], Int32, Boolean, Boolean) on controller PushAPI.Controllers.PUSH.Envio.EnviosController (PushAPI).
2022-06-05 00:26:04.821 -03:00 [INF] Entity Framework Core 6.0.4 initialized 'dbPUSH' using provider 'Microsoft.EntityFrameworkCore.SqlServer:6.0.4' with options: CommandTimeout=18000 
2022-06-05 00:26:09.358 -03:00 [INF] Executed DbCommand (2,523ms) [Parameters=[@__xDe_0='?' (DbType = Date), @__xAte_1='?' (DbType = Date)], CommandType='"Text"', CommandTimeout='18000']
SELECT [s].[idSolicitacao_Simulacao_Envio], [s].[Bloqueado_TI], [s].[Cancelado], [s].[Comando_PowerShell], [s].[Data], [s].[Data_Hora_Atualizacao], [s].[Data_Hora_Bloqueio], [s].[Data_Hora_Envio], [s].[Enviado], [s].[Gerado], [s].[Homologado], [s].[Hora], [s].[Matricula_Bloqueio_TI], [s].[Matricula_Enviante], [s].[Nome_Arquivo], [s].[Observacoes], [s].[ParametroLote], [s].[Quantidade], [s].[Quantidade_Reportada], [s].[REQ_Envio], [s].[Tranche], [s].[idEnvio_Mensagem], [s].[idSolicitacao_PUSH], [s0].[idSolicitacao_PUSH], [s0].[Autorizacao_Gestor_PUSH], [s0].[Bloqueado_TI], [s0].[CGCDemandante], [s0].[CGCExecutora], [s0].[Canal], [s0].[Cancelado], [s0].[Data_Cadastramento], [s0].[Data_Hora_Autorizacao], [s0].[Data_Hora_Bloqueio], [s0].[Data_Hora_Cancelamento], [s0].[E_Cadastramento_Manual], [s0].[Enviar_DOM], [s0].[Enviar_Horario_Final], [s0].[Enviar_Horario_Inicial], [s0].[Enviar_QUA], [s0].[Enviar_QUI], [s0].[Enviar_SAB], [s0].[Enviar_SEG], [s0].[Enviar_SEX], [s0].[Enviar_TER], [s0].[Enviar_a_partir_de], [s0].[Enviar_no_maximo_ate], [s0].[Finalizado], [s0].[Impactos_Previstos], [s0].[Limitacao_Tranche], [s0].[Limite_Mensagens_Por_Dia], [s0].[Matricula_Autorizacao_Gestor_PUSH], [s0].[Matricula_Bloqueio_TI], [s0].[Matricula_Cadastramento], [s0].[Matricula_Cancelamento], [s0].[Mensagem], [s0].[Nome_Campo1], [s0].[Nome_Campo2], [s0].[Nome_Campo3], [s0].[Nome_Campo4], [s0].[Nome_Campo5], [s0].[Nome_Solicitacao], [s0].[Observacoes], [s0].[Prioridade], [s0].[Quantidade_Agendada], [s0].[Quantidade_Enviada], [s0].[Quantidade_Maxima_Autorizada], [s0].[Quantidade_Total], [s0].[Quantidade_Total_Restante], [s0].[REQ_WO_Aprovacao_Mensagem], [s0].[REQ_WO_Aprovacao_Mensagem_Texto], [s0].[Tipo_Categoria_Solicitacao], [s0].[Titulo], [s0].[URL_Acao], [s0].[URL_Imagem], [s0].[WF_GECRM], [s0].[idCurva], [s0].[idEnvio_Mensagem], [s0].[idTipoMensagem]
FROM [FILA].[Solicitacao_Simulacao_Envio] AS [s]
INNER JOIN [FILA].[Solicitacao] AS [s0] ON [s].[idSolicitacao_PUSH] = [s0].[idSolicitacao_PUSH]
WHERE ([s].[Data] >= @__xDe_0) AND ([s].[Data] <= @__xAte_1)
ORDER BY [s].[Data], [s].[Hora]
2022-06-05 00:26:09.375 -03:00 [INF] Executing ObjectResult, writing value of type 'System.Collections.Generic.List`1[[PushAPI.Models.Push.Solicitacao_Simulacao_Envio, PushAPI, Version=1.0.0.0, Culture=neutral, PublicKeyToken=null]]'.
2022-06-05 00:26:09.378 -03:00 [INF] Executed action PushAPI.Controllers.PUSH.Envio.EnviosController.GetSolicitacao_Simulacao_Envio (PushAPI) in 4558.2449ms
2022-06-05 00:26:09.378 -03:00 [INF] Executed endpoint 'PushAPI.Controllers.PUSH.Envio.EnviosController.GetSolicitacao_Simulacao_Envio (PushAPI)'
2022-06-05 00:26:09.379 -03:00 [INF] Request finished HTTP/1.1 GET http://gecdi.mz.caixa/api/envios/lista?De=2022-06-04&Ate=2022-06-04&Enviados=-1&NaoEnviadosAntigos=false&simular=false - - - 200 - application/json;+charset=utf-8 6816.4488ms
2022-06-05 00:36:55.927 -03:00 [INF] Request starting HTTP/1.1 GET http://gecdi.mz.caixa/api/envios/lista?De=2022-06-04&Ate=2022-06-04&Enviados=-1&NaoEnviadosAntigos=false&simular=false - -
2022-06-05 00:36:55.929 -03:00 [INF] Entity Framework Core 6.0.4 initialized 'dbSites' using provider 'Microsoft.EntityFrameworkCore.SqlServer:6.0.4' with options: None
2022-06-05 00:36:56.062 -03:00 [INF] Executed DbCommand (88ms) [Parameters=[@__id_0='?' (DbType = Int32)], CommandType='"Text"', CommandTimeout='30']
SELECT TOP(2) [u].[idUsuario], [u].[CGC], [u].[Nome], [u].[cUsuario], [u].[idRole], [r].[idRole], [r].[E_Admin], [r].[Nome_Role], [r].[Ordem], [r].[Pode_Geranciar_Simulacao], [r].[Pode_Gerenciar_Curvas], [r].[Pode_Gerenciar_Envios], [r].[Pode_Gerenciar_Solicitacao], [r].[Pode_Marcar_Envio], [r].[Pode_Suspender_Envios], [r].[Pode_Ver_Relatorio], [r].[Role], [r].[Rota], [r].[Tem_Permissao_Geral]
FROM [SITES].[Usuario] AS [u]
INNER JOIN [SITES].[Roles] AS [r] ON [u].[idRole] = [r].[idRole]
WHERE [u].[idUsuario] = @__id_0
2022-06-05 00:36:56.062 -03:00 [INF] Executing endpoint 'PushAPI.Controllers.PUSH.Envio.EnviosController.GetSolicitacao_Simulacao_Envio (PushAPI)'
2022-06-05 00:36:56.062 -03:00 [INF] Route matched with {action = "GetSolicitacao_Simulacao_Envio", controller = "Envios"}. Executing controller action with signature System.Threading.Tasks.Task`1[Microsoft.AspNetCore.Mvc.ActionResult`1[System.Collections.Generic.IEnumerable`1[PushAPI.Models.Push.Solicitacao_Simulacao_Envio]]] GetSolicitacao_Simulacao_Envio(System.Nullable`1[System.DateTime], System.Nullable`1[System.DateTime], Int32, Boolean, Boolean) on controller PushAPI.Controllers.PUSH.Envio.EnviosController (PushAPI).
2022-06-05 00:36:56.064 -03:00 [INF] Entity Framework Core 6.0.4 initialized 'dbPUSH' using provider 'Microsoft.EntityFrameworkCore.SqlServer:6.0.4' with options: CommandTimeout=18000 
2022-06-05 00:36:56.333 -03:00 [INF] Executed DbCommand (202ms) [Parameters=[@__xDe_0='?' (DbType = Date), @__xAte_1='?' (DbType = Date)], CommandType='"Text"', CommandTimeout='18000']
SELECT [s].[idSolicitacao_Simulacao_Envio], [s].[Bloqueado_TI], [s].[Cancelado], [s].[Comando_PowerShell], [s].[Data], [s].[Data_Hora_Atualizacao], [s].[Data_Hora_Bloqueio], [s].[Data_Hora_Envio], [s].[Enviado], [s].[Gerado], [s].[Homologado], [s].[Hora], [s].[Matricula_Bloqueio_TI], [s].[Matricula_Enviante], [s].[Nome_Arquivo], [s].[Observacoes], [s].[ParametroLote], [s].[Quantidade], [s].[Quantidade_Reportada], [s].[REQ_Envio], [s].[Tranche], [s].[idEnvio_Mensagem], [s].[idSolicitacao_PUSH], [s0].[idSolicitacao_PUSH], [s0].[Autorizacao_Gestor_PUSH], [s0].[Bloqueado_TI], [s0].[CGCDemandante], [s0].[CGCExecutora], [s0].[Canal], [s0].[Cancelado], [s0].[Data_Cadastramento], [s0].[Data_Hora_Autorizacao], [s0].[Data_Hora_Bloqueio], [s0].[Data_Hora_Cancelamento], [s0].[E_Cadastramento_Manual], [s0].[Enviar_DOM], [s0].[Enviar_Horario_Final], [s0].[Enviar_Horario_Inicial], [s0].[Enviar_QUA], [s0].[Enviar_QUI], [s0].[Enviar_SAB], [s0].[Enviar_SEG], [s0].[Enviar_SEX], [s0].[Enviar_TER], [s0].[Enviar_a_partir_de], [s0].[Enviar_no_maximo_ate], [s0].[Finalizado], [s0].[Impactos_Previstos], [s0].[Limitacao_Tranche], [s0].[Limite_Mensagens_Por_Dia], [s0].[Matricula_Autorizacao_Gestor_PUSH], [s0].[Matricula_Bloqueio_TI], [s0].[Matricula_Cadastramento], [s0].[Matricula_Cancelamento], [s0].[Mensagem], [s0].[Nome_Campo1], [s0].[Nome_Campo2], [s0].[Nome_Campo3], [s0].[Nome_Campo4], [s0].[Nome_Campo5], [s0].[Nome_Solicitacao], [s0].[Observacoes], [s0].[Prioridade], [s0].[Quantidade_Agendada], [s0].[Quantidade_Enviada], [s0].[Quantidade_Maxima_Autorizada], [s0].[Quantidade_Total], [s0].[Quantidade_Total_Restante], [s0].[REQ_WO_Aprovacao_Mensagem], [s0].[REQ_WO_Aprovacao_Mensagem_Texto], [s0].[Tipo_Categoria_Solicitacao], [s0].[Titulo], [s0].[URL_Acao], [s0].[URL_Imagem], [s0].[WF_GECRM], [s0].[idCurva], [s0].[idEnvio_Mensagem], [s0].[idTipoMensagem]
FROM [FILA].[Solicitacao_Simulacao_Envio] AS [s]
INNER JOIN [FILA].[Solicitacao] AS [s0] ON [s].[idSolicitacao_PUSH] = [s0].[idSolicitacao_PUSH]
WHERE ([s].[Data] >= @__xDe_0) AND ([s].[Data] <= @__xAte_1)
ORDER BY [s].[Data], [s].[Hora]
2022-06-05 00:36:56.338 -03:00 [INF] Executing ObjectResult, writing value of type 'System.Collections.Generic.List`1[[PushAPI.Models.Push.Solicitacao_Simulacao_Envio, PushAPI, Version=1.0.0.0, Culture=neutral, PublicKeyToken=null]]'.
2022-06-05 00:36:56.342 -03:00 [INF] Executed action PushAPI.Controllers.PUSH.Envio.EnviosController.GetSolicitacao_Simulacao_Envio (PushAPI) in 279.6812ms
2022-06-05 00:36:56.343 -03:00 [INF] Executed endpoint 'PushAPI.Controllers.PUSH.Envio.EnviosController.GetSolicitacao_Simulacao_Envio (PushAPI)'
2022-06-05 00:36:56.343 -03:00 [INF] Request finished HTTP/1.1 GET http://gecdi.mz.caixa/api/envios/lista?De=2022-06-04&Ate=2022-06-04&Enviados=-1&NaoEnviadosAntigos=false&simular=false - - - 200 - application/json;+charset=utf-8 415.4681ms
2022-06-05 00:47:40.908 -03:00 [INF] Request starting HTTP/1.1 GET http://gecdi.mz.caixa/api/envios/lista?De=2022-06-04&Ate=2022-06-04&Enviados=-1&NaoEnviadosAntigos=false&simular=false - -
2022-06-05 00:47:40.910 -03:00 [INF] Entity Framework Core 6.0.4 initialized 'dbSites' using provider 'Microsoft.EntityFrameworkCore.SqlServer:6.0.4' with options: None
2022-06-05 00:47:40.917 -03:00 [INF] Executed DbCommand (1ms) [Parameters=[@__id_0='?' (DbType = Int32)], CommandType='"Text"', CommandTimeout='30']
SELECT TOP(2) [u].[idUsuario], [u].[CGC], [u].[Nome], [u].[cUsuario], [u].[idRole], [r].[idRole], [r].[E_Admin], [r].[Nome_Role], [r].[Ordem], [r].[Pode_Geranciar_Simulacao], [r].[Pode_Gerenciar_Curvas], [r].[Pode_Gerenciar_Envios], [r].[Pode_Gerenciar_Solicitacao], [r].[Pode_Marcar_Envio], [r].[Pode_Suspender_Envios], [r].[Pode_Ver_Relatorio], [r].[Role], [r].[Rota], [r].[Tem_Permissao_Geral]
FROM [SITES].[Usuario] AS [u]
INNER JOIN [SITES].[Roles] AS [r] ON [u].[idRole] = [r].[idRole]
WHERE [u].[idUsuario] = @__id_0
2022-06-05 00:47:40.918 -03:00 [INF] Executing endpoint 'PushAPI.Controllers.PUSH.Envio.EnviosController.GetSolicitacao_Simulacao_Envio (PushAPI)'
2022-06-05 00:47:40.918 -03:00 [INF] Route matched with {action = "GetSolicitacao_Simulacao_Envio", controller = "Envios"}. Executing controller action with signature System.Threading.Tasks.Task`1[Microsoft.AspNetCore.Mvc.ActionResult`1[System.Collections.Generic.IEnumerable`1[PushAPI.Models.Push.Solicitacao_Simulacao_Envio]]] GetSolicitacao_Simulacao_Envio(System.Nullable`1[System.DateTime], System.Nullable`1[System.DateTime], Int32, Boolean, Boolean) on controller PushAPI.Controllers.PUSH.Envio.EnviosController (PushAPI).
2022-06-05 00:47:40.919 -03:00 [INF] Entity Framework Core 6.0.4 initialized 'dbPUSH' using provider 'Microsoft.EntityFrameworkCore.SqlServer:6.0.4' with options: CommandTimeout=18000 
2022-06-05 00:47:40.965 -03:00 [INF] Executed DbCommand (32ms) [Parameters=[@__xDe_0='?' (DbType = Date), @__xAte_1='?' (DbType = Date)], CommandType='"Text"', CommandTimeout='18000']
SELECT [s].[idSolicitacao_Simulacao_Envio], [s].[Bloqueado_TI], [s].[Cancelado], [s].[Comando_PowerShell], [s].[Data], [s].[Data_Hora_Atualizacao], [s].[Data_Hora_Bloqueio], [s].[Data_Hora_Envio], [s].[Enviado], [s].[Gerado], [s].[Homologado], [s].[Hora], [s].[Matricula_Bloqueio_TI], [s].[Matricula_Enviante], [s].[Nome_Arquivo], [s].[Observacoes], [s].[ParametroLote], [s].[Quantidade], [s].[Quantidade_Reportada], [s].[REQ_Envio], [s].[Tranche], [s].[idEnvio_Mensagem], [s].[idSolicitacao_PUSH], [s0].[idSolicitacao_PUSH], [s0].[Autorizacao_Gestor_PUSH], [s0].[Bloqueado_TI], [s0].[CGCDemandante], [s0].[CGCExecutora], [s0].[Canal], [s0].[Cancelado], [s0].[Data_Cadastramento], [s0].[Data_Hora_Autorizacao], [s0].[Data_Hora_Bloqueio], [s0].[Data_Hora_Cancelamento], [s0].[E_Cadastramento_Manual], [s0].[Enviar_DOM], [s0].[Enviar_Horario_Final], [s0].[Enviar_Horario_Inicial], [s0].[Enviar_QUA], [s0].[Enviar_QUI], [s0].[Enviar_SAB], [s0].[Enviar_SEG], [s0].[Enviar_SEX], [s0].[Enviar_TER], [s0].[Enviar_a_partir_de], [s0].[Enviar_no_maximo_ate], [s0].[Finalizado], [s0].[Impactos_Previstos], [s0].[Limitacao_Tranche], [s0].[Limite_Mensagens_Por_Dia], [s0].[Matricula_Autorizacao_Gestor_PUSH], [s0].[Matricula_Bloqueio_TI], [s0].[Matricula_Cadastramento], [s0].[Matricula_Cancelamento], [s0].[Mensagem], [s0].[Nome_Campo1], [s0].[Nome_Campo2], [s0].[Nome_Campo3], [s0].[Nome_Campo4], [s0].[Nome_Campo5], [s0].[Nome_Solicitacao], [s0].[Observacoes], [s0].[Prioridade], [s0].[Quantidade_Agendada], [s0].[Quantidade_Enviada], [s0].[Quantidade_Maxima_Autorizada], [s0].[Quantidade_Total], [s0].[Quantidade_Total_Restante], [s0].[REQ_WO_Aprovacao_Mensagem], [s0].[REQ_WO_Aprovacao_Mensagem_Texto], [s0].[Tipo_Categoria_Solicitacao], [s0].[Titulo], [s0].[URL_Acao], [s0].[URL_Imagem], [s0].[WF_GECRM], [s0].[idCurva], [s0].[idEnvio_Mensagem], [s0].[idTipoMensagem]
FROM [FILA].[Solicitacao_Simulacao_Envio] AS [s]
INNER JOIN [FILA].[Solicitacao] AS [s0] ON [s].[idSolicitacao_PUSH] = [s0].[idSolicitacao_PUSH]
WHERE ([s].[Data] >= @__xDe_0) AND ([s].[Data] <= @__xAte_1)
ORDER BY [s].[Data], [s].[Hora]
2022-06-05 00:47:40.969 -03:00 [INF] Executing ObjectResult, writing value of type 'System.Collections.Generic.List`1[[PushAPI.Models.Push.Solicitacao_Simulacao_Envio, PushAPI, Version=1.0.0.0, Culture=neutral, PublicKeyToken=null]]'.
2022-06-05 00:47:40.973 -03:00 [INF] Executed action PushAPI.Controllers.PUSH.Envio.EnviosController.GetSolicitacao_Simulacao_Envio (PushAPI) in 54.9004ms
2022-06-05 00:47:40.973 -03:00 [INF] Executed endpoint 'PushAPI.Controllers.PUSH.Envio.EnviosController.GetSolicitacao_Simulacao_Envio (PushAPI)'
2022-06-05 00:47:40.973 -03:00 [INF] Request finished HTTP/1.1 GET http://gecdi.mz.caixa/api/envios/lista?De=2022-06-04&Ate=2022-06-04&Enviados=-1&NaoEnviadosAntigos=false&simular=false - - - 200 - application/json;+charset=utf-8 65.3833ms
2022-06-05 00:58:13.048 -03:00 [INF] Request starting HTTP/1.1 GET http://gecdi.mz.caixa/api/envios/lista?De=2022-06-04&Ate=2022-06-04&Enviados=-1&NaoEnviadosAntigos=false&simular=false - -
2022-06-05 00:58:13.050 -03:00 [INF] Entity Framework Core 6.0.4 initialized 'dbSites' using provider 'Microsoft.EntityFrameworkCore.SqlServer:6.0.4' with options: None
2022-06-05 00:58:13.059 -03:00 [INF] Executed DbCommand (1ms) [Parameters=[@__id_0='?' (DbType = Int32)], CommandType='"Text"', CommandTimeout='30']
SELECT TOP(2) [u].[idUsuario], [u].[CGC], [u].[Nome], [u].[cUsuario], [u].[idRole], [r].[idRole], [r].[E_Admin], [r].[Nome_Role], [r].[Ordem], [r].[Pode_Geranciar_Simulacao], [r].[Pode_Gerenciar_Curvas], [r].[Pode_Gerenciar_Envios], [r].[Pode_Gerenciar_Solicitacao], [r].[Pode_Marcar_Envio], [r].[Pode_Suspender_Envios], [r].[Pode_Ver_Relatorio], [r].[Role], [r].[Rota], [r].[Tem_Permissao_Geral]
FROM [SITES].[Usuario] AS [u]
INNER JOIN [SITES].[Roles] AS [r] ON [u].[idRole] = [r].[idRole]
WHERE [u].[idUsuario] = @__id_0
2022-06-05 00:58:13.059 -03:00 [INF] Executing endpoint 'PushAPI.Controllers.PUSH.Envio.EnviosController.GetSolicitacao_Simulacao_Envio (PushAPI)'
2022-06-05 00:58:13.060 -03:00 [INF] Route matched with {action = "GetSolicitacao_Simulacao_Envio", controller = "Envios"}. Executing controller action with signature System.Threading.Tasks.Task`1[Microsoft.AspNetCore.Mvc.ActionResult`1[System.Collections.Generic.IEnumerable`1[PushAPI.Models.Push.Solicitacao_Simulacao_Envio]]] GetSolicitacao_Simulacao_Envio(System.Nullable`1[System.DateTime], System.Nullable`1[System.DateTime], Int32, Boolean, Boolean) on controller PushAPI.Controllers.PUSH.Envio.EnviosController (PushAPI).
2022-06-05 00:58:13.061 -03:00 [INF] Entity Framework Core 6.0.4 initialized 'dbPUSH' using provider 'Microsoft.EntityFrameworkCore.SqlServer:6.0.4' with options: CommandTimeout=18000 
2022-06-05 00:58:13.107 -03:00 [INF] Executed DbCommand (5ms) [Parameters=[@__xDe_0='?' (DbType = Date), @__xAte_1='?' (DbType = Date)], CommandType='"Text"', CommandTimeout='18000']
SELECT [s].[idSolicitacao_Simulacao_Envio], [s].[Bloqueado_TI], [s].[Cancelado], [s].[Comando_PowerShell], [s].[Data], [s].[Data_Hora_Atualizacao], [s].[Data_Hora_Bloqueio], [s].[Data_Hora_Envio], [s].[Enviado], [s].[Gerado], [s].[Homologado], [s].[Hora], [s].[Matricula_Bloqueio_TI], [s].[Matricula_Enviante], [s].[Nome_Arquivo], [s].[Observacoes], [s].[ParametroLote], [s].[Quantidade], [s].[Quantidade_Reportada], [s].[REQ_Envio], [s].[Tranche], [s].[idEnvio_Mensagem], [s].[idSolicitacao_PUSH], [s0].[idSolicitacao_PUSH], [s0].[Autorizacao_Gestor_PUSH], [s0].[Bloqueado_TI], [s0].[CGCDemandante], [s0].[CGCExecutora], [s0].[Canal], [s0].[Cancelado], [s0].[Data_Cadastramento], [s0].[Data_Hora_Autorizacao], [s0].[Data_Hora_Bloqueio], [s0].[Data_Hora_Cancelamento], [s0].[E_Cadastramento_Manual], [s0].[Enviar_DOM], [s0].[Enviar_Horario_Final], [s0].[Enviar_Horario_Inicial], [s0].[Enviar_QUA], [s0].[Enviar_QUI], [s0].[Enviar_SAB], [s0].[Enviar_SEG], [s0].[Enviar_SEX], [s0].[Enviar_TER], [s0].[Enviar_a_partir_de], [s0].[Enviar_no_maximo_ate], [s0].[Finalizado], [s0].[Impactos_Previstos], [s0].[Limitacao_Tranche], [s0].[Limite_Mensagens_Por_Dia], [s0].[Matricula_Autorizacao_Gestor_PUSH], [s0].[Matricula_Bloqueio_TI], [s0].[Matricula_Cadastramento], [s0].[Matricula_Cancelamento], [s0].[Mensagem], [s0].[Nome_Campo1], [s0].[Nome_Campo2], [s0].[Nome_Campo3], [s0].[Nome_Campo4], [s0].[Nome_Campo5], [s0].[Nome_Solicitacao], [s0].[Observacoes], [s0].[Prioridade], [s0].[Quantidade_Agendada], [s0].[Quantidade_Enviada], [s0].[Quantidade_Maxima_Autorizada], [s0].[Quantidade_Total], [s0].[Quantidade_Total_Restante], [s0].[REQ_WO_Aprovacao_Mensagem], [s0].[REQ_WO_Aprovacao_Mensagem_Texto], [s0].[Tipo_Categoria_Solicitacao], [s0].[Titulo], [s0].[URL_Acao], [s0].[URL_Imagem], [s0].[WF_GECRM], [s0].[idCurva], [s0].[idEnvio_Mensagem], [s0].[idTipoMensagem]
FROM [FILA].[Solicitacao_Simulacao_Envio] AS [s]
INNER JOIN [FILA].[Solicitacao] AS [s0] ON [s].[idSolicitacao_PUSH] = [s0].[idSolicitacao_PUSH]
WHERE ([s].[Data] >= @__xDe_0) AND ([s].[Data] <= @__xAte_1)
ORDER BY [s].[Data], [s].[Hora]
2022-06-05 00:58:13.111 -03:00 [INF] Executing ObjectResult, writing value of type 'System.Collections.Generic.List`1[[PushAPI.Models.Push.Solicitacao_Simulacao_Envio, PushAPI, Version=1.0.0.0, Culture=neutral, PublicKeyToken=null]]'.
2022-06-05 00:58:13.126 -03:00 [INF] Executed action PushAPI.Controllers.PUSH.Envio.EnviosController.GetSolicitacao_Simulacao_Envio (PushAPI) in 66.6266ms
2022-06-05 00:58:13.126 -03:00 [INF] Executed endpoint 'PushAPI.Controllers.PUSH.Envio.EnviosController.GetSolicitacao_Simulacao_Envio (PushAPI)'
2022-06-05 00:58:13.127 -03:00 [INF] Request finished HTTP/1.1 GET http://gecdi.mz.caixa/api/envios/lista?De=2022-06-04&Ate=2022-06-04&Enviados=-1&NaoEnviadosAntigos=false&simular=false - - - 200 - application/json;+charset=utf-8 78.7099ms
2022-06-05 01:08:58.894 -03:00 [INF] Request starting HTTP/1.1 GET http://gecdi.mz.caixa/api/envios/lista?De=2022-06-04&Ate=2022-06-04&Enviados=-1&NaoEnviadosAntigos=false&simular=false - -
2022-06-05 01:08:58.895 -03:00 [INF] Entity Framework Core 6.0.4 initialized 'dbSites' using provider 'Microsoft.EntityFrameworkCore.SqlServer:6.0.4' with options: None
2022-06-05 01:08:58.927 -03:00 [INF] Executed DbCommand (16ms) [Parameters=[@__id_0='?' (DbType = Int32)], CommandType='"Text"', CommandTimeout='30']
SELECT TOP(2) [u].[idUsuario], [u].[CGC], [u].[Nome], [u].[cUsuario], [u].[idRole], [r].[idRole], [r].[E_Admin], [r].[Nome_Role], [r].[Ordem], [r].[Pode_Geranciar_Simulacao], [r].[Pode_Gerenciar_Curvas], [r].[Pode_Gerenciar_Envios], [r].[Pode_Gerenciar_Solicitacao], [r].[Pode_Marcar_Envio], [r].[Pode_Suspender_Envios], [r].[Pode_Ver_Relatorio], [r].[Role], [r].[Rota], [r].[Tem_Permissao_Geral]
FROM [SITES].[Usuario] AS [u]
INNER JOIN [SITES].[Roles] AS [r] ON [u].[idRole] = [r].[idRole]
WHERE [u].[idUsuario] = @__id_0
2022-06-05 01:08:58.927 -03:00 [INF] Executing endpoint 'PushAPI.Controllers.PUSH.Envio.EnviosController.GetSolicitacao_Simulacao_Envio (PushAPI)'
2022-06-05 01:08:58.928 -03:00 [INF] Route matched with {action = "GetSolicitacao_Simulacao_Envio", controller = "Envios"}. Executing controller action with signature System.Threading.Tasks.Task`1[Microsoft.AspNetCore.Mvc.ActionResult`1[System.Collections.Generic.IEnumerable`1[PushAPI.Models.Push.Solicitacao_Simulacao_Envio]]] GetSolicitacao_Simulacao_Envio(System.Nullable`1[System.DateTime], System.Nullable`1[System.DateTime], Int32, Boolean, Boolean) on controller PushAPI.Controllers.PUSH.Envio.EnviosController (PushAPI).
2022-06-05 01:08:58.929 -03:00 [INF] Entity Framework Core 6.0.4 initialized 'dbPUSH' using provider 'Microsoft.EntityFrameworkCore.SqlServer:6.0.4' with options: CommandTimeout=18000 
2022-06-05 01:08:59.045 -03:00 [INF] Executed DbCommand (61ms) [Parameters=[@__xDe_0='?' (DbType = Date), @__xAte_1='?' (DbType = Date)], CommandType='"Text"', CommandTimeout='18000']
SELECT [s].[idSolicitacao_Simulacao_Envio], [s].[Bloqueado_TI], [s].[Cancelado], [s].[Comando_PowerShell], [s].[Data], [s].[Data_Hora_Atualizacao], [s].[Data_Hora_Bloqueio], [s].[Data_Hora_Envio], [s].[Enviado], [s].[Gerado], [s].[Homologado], [s].[Hora], [s].[Matricula_Bloqueio_TI], [s].[Matricula_Enviante], [s].[Nome_Arquivo], [s].[Observacoes], [s].[ParametroLote], [s].[Quantidade], [s].[Quantidade_Reportada], [s].[REQ_Envio], [s].[Tranche], [s].[idEnvio_Mensagem], [s].[idSolicitacao_PUSH], [s0].[idSolicitacao_PUSH], [s0].[Autorizacao_Gestor_PUSH], [s0].[Bloqueado_TI], [s0].[CGCDemandante], [s0].[CGCExecutora], [s0].[Canal], [s0].[Cancelado], [s0].[Data_Cadastramento], [s0].[Data_Hora_Autorizacao], [s0].[Data_Hora_Bloqueio], [s0].[Data_Hora_Cancelamento], [s0].[E_Cadastramento_Manual], [s0].[Enviar_DOM], [s0].[Enviar_Horario_Final], [s0].[Enviar_Horario_Inicial], [s0].[Enviar_QUA], [s0].[Enviar_QUI], [s0].[Enviar_SAB], [s0].[Enviar_SEG], [s0].[Enviar_SEX], [s0].[Enviar_TER], [s0].[Enviar_a_partir_de], [s0].[Enviar_no_maximo_ate], [s0].[Finalizado], [s0].[Impactos_Previstos], [s0].[Limitacao_Tranche], [s0].[Limite_Mensagens_Por_Dia], [s0].[Matricula_Autorizacao_Gestor_PUSH], [s0].[Matricula_Bloqueio_TI], [s0].[Matricula_Cadastramento], [s0].[Matricula_Cancelamento], [s0].[Mensagem], [s0].[Nome_Campo1], [s0].[Nome_Campo2], [s0].[Nome_Campo3], [s0].[Nome_Campo4], [s0].[Nome_Campo5], [s0].[Nome_Solicitacao], [s0].[Observacoes], [s0].[Prioridade], [s0].[Quantidade_Agendada], [s0].[Quantidade_Enviada], [s0].[Quantidade_Maxima_Autorizada], [s0].[Quantidade_Total], [s0].[Quantidade_Total_Restante], [s0].[REQ_WO_Aprovacao_Mensagem], [s0].[REQ_WO_Aprovacao_Mensagem_Texto], [s0].[Tipo_Categoria_Solicitacao], [s0].[Titulo], [s0].[URL_Acao], [s0].[URL_Imagem], [s0].[WF_GECRM], [s0].[idCurva], [s0].[idEnvio_Mensagem], [s0].[idTipoMensagem]
FROM [FILA].[Solicitacao_Simulacao_Envio] AS [s]
INNER JOIN [FILA].[Solicitacao] AS [s0] ON [s].[idSolicitacao_PUSH] = [s0].[idSolicitacao_PUSH]
WHERE ([s].[Data] >= @__xDe_0) AND ([s].[Data] <= @__xAte_1)
ORDER BY [s].[Data], [s].[Hora]
2022-06-05 01:08:59.049 -03:00 [INF] Executing ObjectResult, writing value of type 'System.Collections.Generic.List`1[[PushAPI.Models.Push.Solicitacao_Simulacao_Envio, PushAPI, Version=1.0.0.0, Culture=neutral, PublicKeyToken=null]]'.
2022-06-05 01:08:59.054 -03:00 [INF] Executed action PushAPI.Controllers.PUSH.Envio.EnviosController.GetSolicitacao_Simulacao_Envio (PushAPI) in 126.3188ms
2022-06-05 01:08:59.054 -03:00 [INF] Executed endpoint 'PushAPI.Controllers.PUSH.Envio.EnviosController.GetSolicitacao_Simulacao_Envio (PushAPI)'
2022-06-05 01:08:59.054 -03:00 [INF] Request finished HTTP/1.1 GET http://gecdi.mz.caixa/api/envios/lista?De=2022-06-04&Ate=2022-06-04&Enviados=-1&NaoEnviadosAntigos=false&simular=false - - - 200 - application/json;+charset=utf-8 160.7858ms
2022-06-05 01:19:33.399 -03:00 [INF] Request starting HTTP/1.1 GET http://gecdi.mz.caixa/api/envios/lista?De=2022-06-04&Ate=2022-06-04&Enviados=-1&NaoEnviadosAntigos=false&simular=false - -
2022-06-05 01:19:33.401 -03:00 [INF] Entity Framework Core 6.0.4 initialized 'dbSites' using provider 'Microsoft.EntityFrameworkCore.SqlServer:6.0.4' with options: None
2022-06-05 01:19:33.415 -03:00 [INF] Executed DbCommand (1ms) [Parameters=[@__id_0='?' (DbType = Int32)], CommandType='"Text"', CommandTimeout='30']
SELECT TOP(2) [u].[idUsuario], [u].[CGC], [u].[Nome], [u].[cUsuario], [u].[idRole], [r].[idRole], [r].[E_Admin], [r].[Nome_Role], [r].[Ordem], [r].[Pode_Geranciar_Simulacao], [r].[Pode_Gerenciar_Curvas], [r].[Pode_Gerenciar_Envios], [r].[Pode_Gerenciar_Solicitacao], [r].[Pode_Marcar_Envio], [r].[Pode_Suspender_Envios], [r].[Pode_Ver_Relatorio], [r].[Role], [r].[Rota], [r].[Tem_Permissao_Geral]
FROM [SITES].[Usuario] AS [u]
INNER JOIN [SITES].[Roles] AS [r] ON [u].[idRole] = [r].[idRole]
WHERE [u].[idUsuario] = @__id_0
2022-06-05 01:19:33.416 -03:00 [INF] Executing endpoint 'PushAPI.Controllers.PUSH.Envio.EnviosController.GetSolicitacao_Simulacao_Envio (PushAPI)'
2022-06-05 01:19:33.416 -03:00 [INF] Route matched with {action = "GetSolicitacao_Simulacao_Envio", controller = "Envios"}. Executing controller action with signature System.Threading.Tasks.Task`1[Microsoft.AspNetCore.Mvc.ActionResult`1[System.Collections.Generic.IEnumerable`1[PushAPI.Models.Push.Solicitacao_Simulacao_Envio]]] GetSolicitacao_Simulacao_Envio(System.Nullable`1[System.DateTime], System.Nullable`1[System.DateTime], Int32, Boolean, Boolean) on controller PushAPI.Controllers.PUSH.Envio.EnviosController (PushAPI).
2022-06-05 01:19:33.417 -03:00 [INF] Entity Framework Core 6.0.4 initialized 'dbPUSH' using provider 'Microsoft.EntityFrameworkCore.SqlServer:6.0.4' with options: CommandTimeout=18000 
2022-06-05 01:19:33.453 -03:00 [INF] Executed DbCommand (28ms) [Parameters=[@__xDe_0='?' (DbType = Date), @__xAte_1='?' (DbType = Date)], CommandType='"Text"', CommandTimeout='18000']
SELECT [s].[idSolicitacao_Simulacao_Envio], [s].[Bloqueado_TI], [s].[Cancelado], [s].[Comando_PowerShell], [s].[Data], [s].[Data_Hora_Atualizacao], [s].[Data_Hora_Bloqueio], [s].[Data_Hora_Envio], [s].[Enviado], [s].[Gerado], [s].[Homologado], [s].[Hora], [s].[Matricula_Bloqueio_TI], [s].[Matricula_Enviante], [s].[Nome_Arquivo], [s].[Observacoes], [s].[ParametroLote], [s].[Quantidade], [s].[Quantidade_Reportada], [s].[REQ_Envio], [s].[Tranche], [s].[idEnvio_Mensagem], [s].[idSolicitacao_PUSH], [s0].[idSolicitacao_PUSH], [s0].[Autorizacao_Gestor_PUSH], [s0].[Bloqueado_TI], [s0].[CGCDemandante], [s0].[CGCExecutora], [s0].[Canal], [s0].[Cancelado], [s0].[Data_Cadastramento], [s0].[Data_Hora_Autorizacao], [s0].[Data_Hora_Bloqueio], [s0].[Data_Hora_Cancelamento], [s0].[E_Cadastramento_Manual], [s0].[Enviar_DOM], [s0].[Enviar_Horario_Final], [s0].[Enviar_Horario_Inicial], [s0].[Enviar_QUA], [s0].[Enviar_QUI], [s0].[Enviar_SAB], [s0].[Enviar_SEG], [s0].[Enviar_SEX], [s0].[Enviar_TER], [s0].[Enviar_a_partir_de], [s0].[Enviar_no_maximo_ate], [s0].[Finalizado], [s0].[Impactos_Previstos], [s0].[Limitacao_Tranche], [s0].[Limite_Mensagens_Por_Dia], [s0].[Matricula_Autorizacao_Gestor_PUSH], [s0].[Matricula_Bloqueio_TI], [s0].[Matricula_Cadastramento], [s0].[Matricula_Cancelamento], [s0].[Mensagem], [s0].[Nome_Campo1], [s0].[Nome_Campo2], [s0].[Nome_Campo3], [s0].[Nome_Campo4], [s0].[Nome_Campo5], [s0].[Nome_Solicitacao], [s0].[Observacoes], [s0].[Prioridade], [s0].[Quantidade_Agendada], [s0].[Quantidade_Enviada], [s0].[Quantidade_Maxima_Autorizada], [s0].[Quantidade_Total], [s0].[Quantidade_Total_Restante], [s0].[REQ_WO_Aprovacao_Mensagem], [s0].[REQ_WO_Aprovacao_Mensagem_Texto], [s0].[Tipo_Categoria_Solicitacao], [s0].[Titulo], [s0].[URL_Acao], [s0].[URL_Imagem], [s0].[WF_GECRM], [s0].[idCurva], [s0].[idEnvio_Mensagem], [s0].[idTipoMensagem]
FROM [FILA].[Solicitacao_Simulacao_Envio] AS [s]
INNER JOIN [FILA].[Solicitacao] AS [s0] ON [s].[idSolicitacao_PUSH] = [s0].[idSolicitacao_PUSH]
WHERE ([s].[Data] >= @__xDe_0) AND ([s].[Data] <= @__xAte_1)
ORDER BY [s].[Data], [s].[Hora]
2022-06-05 01:19:33.457 -03:00 [INF] Executing ObjectResult, writing value of type 'System.Collections.Generic.List`1[[PushAPI.Models.Push.Solicitacao_Simulacao_Envio, PushAPI, Version=1.0.0.0, Culture=neutral, PublicKeyToken=null]]'.
2022-06-05 01:19:33.463 -03:00 [INF] Executed action PushAPI.Controllers.PUSH.Envio.EnviosController.GetSolicitacao_Simulacao_Envio (PushAPI) in 46.5949ms
2022-06-05 01:19:33.463 -03:00 [INF] Executed endpoint 'PushAPI.Controllers.PUSH.Envio.EnviosController.GetSolicitacao_Simulacao_Envio (PushAPI)'
2022-06-05 01:19:33.463 -03:00 [INF] Request finished HTTP/1.1 GET http://gecdi.mz.caixa/api/envios/lista?De=2022-06-04&Ate=2022-06-04&Enviados=-1&NaoEnviadosAntigos=false&simular=false - - - 200 - application/json;+charset=utf-8 63.3964ms
2022-06-05 01:30:04.119 -03:00 [INF] Request starting HTTP/1.1 GET http://gecdi.mz.caixa/api/envios/lista?De=2022-06-04&Ate=2022-06-04&Enviados=-1&NaoEnviadosAntigos=false&simular=false - -
2022-06-05 01:30:04.121 -03:00 [INF] Entity Framework Core 6.0.4 initialized 'dbSites' using provider 'Microsoft.EntityFrameworkCore.SqlServer:6.0.4' with options: None
2022-06-05 01:30:04.378 -03:00 [INF] Executed DbCommand (109ms) [Parameters=[@__id_0='?' (DbType = Int32)], CommandType='"Text"', CommandTimeout='30']
SELECT TOP(2) [u].[idUsuario], [u].[CGC], [u].[Nome], [u].[cUsuario], [u].[idRole], [r].[idRole], [r].[E_Admin], [r].[Nome_Role], [r].[Ordem], [r].[Pode_Geranciar_Simulacao], [r].[Pode_Gerenciar_Curvas], [r].[Pode_Gerenciar_Envios], [r].[Pode_Gerenciar_Solicitacao], [r].[Pode_Marcar_Envio], [r].[Pode_Suspender_Envios], [r].[Pode_Ver_Relatorio], [r].[Role], [r].[Rota], [r].[Tem_Permissao_Geral]
FROM [SITES].[Usuario] AS [u]
INNER JOIN [SITES].[Roles] AS [r] ON [u].[idRole] = [r].[idRole]
WHERE [u].[idUsuario] = @__id_0
2022-06-05 01:30:04.378 -03:00 [INF] Executing endpoint 'PushAPI.Controllers.PUSH.Envio.EnviosController.GetSolicitacao_Simulacao_Envio (PushAPI)'
2022-06-05 01:30:04.378 -03:00 [INF] Route matched with {action = "GetSolicitacao_Simulacao_Envio", controller = "Envios"}. Executing controller action with signature System.Threading.Tasks.Task`1[Microsoft.AspNetCore.Mvc.ActionResult`1[System.Collections.Generic.IEnumerable`1[PushAPI.Models.Push.Solicitacao_Simulacao_Envio]]] GetSolicitacao_Simulacao_Envio(System.Nullable`1[System.DateTime], System.Nullable`1[System.DateTime], Int32, Boolean, Boolean) on controller PushAPI.Controllers.PUSH.Envio.EnviosController (PushAPI).
2022-06-05 01:30:04.380 -03:00 [INF] Entity Framework Core 6.0.4 initialized 'dbPUSH' using provider 'Microsoft.EntityFrameworkCore.SqlServer:6.0.4' with options: CommandTimeout=18000 
2022-06-05 01:30:04.665 -03:00 [INF] Executed DbCommand (258ms) [Parameters=[@__xDe_0='?' (DbType = Date), @__xAte_1='?' (DbType = Date)], CommandType='"Text"', CommandTimeout='18000']
SELECT [s].[idSolicitacao_Simulacao_Envio], [s].[Bloqueado_TI], [s].[Cancelado], [s].[Comando_PowerShell], [s].[Data], [s].[Data_Hora_Atualizacao], [s].[Data_Hora_Bloqueio], [s].[Data_Hora_Envio], [s].[Enviado], [s].[Gerado], [s].[Homologado], [s].[Hora], [s].[Matricula_Bloqueio_TI], [s].[Matricula_Enviante], [s].[Nome_Arquivo], [s].[Observacoes], [s].[ParametroLote], [s].[Quantidade], [s].[Quantidade_Reportada], [s].[REQ_Envio], [s].[Tranche], [s].[idEnvio_Mensagem], [s].[idSolicitacao_PUSH], [s0].[idSolicitacao_PUSH], [s0].[Autorizacao_Gestor_PUSH], [s0].[Bloqueado_TI], [s0].[CGCDemandante], [s0].[CGCExecutora], [s0].[Canal], [s0].[Cancelado], [s0].[Data_Cadastramento], [s0].[Data_Hora_Autorizacao], [s0].[Data_Hora_Bloqueio], [s0].[Data_Hora_Cancelamento], [s0].[E_Cadastramento_Manual], [s0].[Enviar_DOM], [s0].[Enviar_Horario_Final], [s0].[Enviar_Horario_Inicial], [s0].[Enviar_QUA], [s0].[Enviar_QUI], [s0].[Enviar_SAB], [s0].[Enviar_SEG], [s0].[Enviar_SEX], [s0].[Enviar_TER], [s0].[Enviar_a_partir_de], [s0].[Enviar_no_maximo_ate], [s0].[Finalizado], [s0].[Impactos_Previstos], [s0].[Limitacao_Tranche], [s0].[Limite_Mensagens_Por_Dia], [s0].[Matricula_Autorizacao_Gestor_PUSH], [s0].[Matricula_Bloqueio_TI], [s0].[Matricula_Cadastramento], [s0].[Matricula_Cancelamento], [s0].[Mensagem], [s0].[Nome_Campo1], [s0].[Nome_Campo2], [s0].[Nome_Campo3], [s0].[Nome_Campo4], [s0].[Nome_Campo5], [s0].[Nome_Solicitacao], [s0].[Observacoes], [s0].[Prioridade], [s0].[Quantidade_Agendada], [s0].[Quantidade_Enviada], [s0].[Quantidade_Maxima_Autorizada], [s0].[Quantidade_Total], [s0].[Quantidade_Total_Restante], [s0].[REQ_WO_Aprovacao_Mensagem], [s0].[REQ_WO_Aprovacao_Mensagem_Texto], [s0].[Tipo_Categoria_Solicitacao], [s0].[Titulo], [s0].[URL_Acao], [s0].[URL_Imagem], [s0].[WF_GECRM], [s0].[idCurva], [s0].[idEnvio_Mensagem], [s0].[idTipoMensagem]
FROM [FILA].[Solicitacao_Simulacao_Envio] AS [s]
INNER JOIN [FILA].[Solicitacao] AS [s0] ON [s].[idSolicitacao_PUSH] = [s0].[idSolicitacao_PUSH]
WHERE ([s].[Data] >= @__xDe_0) AND ([s].[Data] <= @__xAte_1)
ORDER BY [s].[Data], [s].[Hora]
2022-06-05 01:30:04.673 -03:00 [INF] Executing ObjectResult, writing value of type 'System.Collections.Generic.List`1[[PushAPI.Models.Push.Solicitacao_Simulacao_Envio, PushAPI, Version=1.0.0.0, Culture=neutral, PublicKeyToken=null]]'.
2022-06-05 01:30:04.680 -03:00 [INF] Executed action PushAPI.Controllers.PUSH.Envio.EnviosController.GetSolicitacao_Simulacao_Envio (PushAPI) in 301.6717ms
2022-06-05 01:30:04.680 -03:00 [INF] Executed endpoint 'PushAPI.Controllers.PUSH.Envio.EnviosController.GetSolicitacao_Simulacao_Envio (PushAPI)'
2022-06-05 01:30:04.681 -03:00 [INF] Request finished HTTP/1.1 GET http://gecdi.mz.caixa/api/envios/lista?De=2022-06-04&Ate=2022-06-04&Enviados=-1&NaoEnviadosAntigos=false&simular=false - - - 200 - application/json;+charset=utf-8 561.9647ms
2022-06-05 01:41:07.644 -03:00 [INF] Request starting HTTP/1.1 GET http://gecdi.mz.caixa/api/envios/lista?De=2022-06-04&Ate=2022-06-04&Enviados=-1&NaoEnviadosAntigos=false&simular=false - -
2022-06-05 01:41:07.646 -03:00 [INF] Entity Framework Core 6.0.4 initialized 'dbSites' using provider 'Microsoft.EntityFrameworkCore.SqlServer:6.0.4' with options: None
2022-06-05 01:41:07.752 -03:00 [INF] Executed DbCommand (87ms) [Parameters=[@__id_0='?' (DbType = Int32)], CommandType='"Text"', CommandTimeout='30']
SELECT TOP(2) [u].[idUsuario], [u].[CGC], [u].[Nome], [u].[cUsuario], [u].[idRole], [r].[idRole], [r].[E_Admin], [r].[Nome_Role], [r].[Ordem], [r].[Pode_Geranciar_Simulacao], [r].[Pode_Gerenciar_Curvas], [r].[Pode_Gerenciar_Envios], [r].[Pode_Gerenciar_Solicitacao], [r].[Pode_Marcar_Envio], [r].[Pode_Suspender_Envios], [r].[Pode_Ver_Relatorio], [r].[Role], [r].[Rota], [r].[Tem_Permissao_Geral]
FROM [SITES].[Usuario] AS [u]
INNER JOIN [SITES].[Roles] AS [r] ON [u].[idRole] = [r].[idRole]
WHERE [u].[idUsuario] = @__id_0
2022-06-05 01:41:07.752 -03:00 [INF] Executing endpoint 'PushAPI.Controllers.PUSH.Envio.EnviosController.GetSolicitacao_Simulacao_Envio (PushAPI)'
2022-06-05 01:41:07.752 -03:00 [INF] Route matched with {action = "GetSolicitacao_Simulacao_Envio", controller = "Envios"}. Executing controller action with signature System.Threading.Tasks.Task`1[Microsoft.AspNetCore.Mvc.ActionResult`1[System.Collections.Generic.IEnumerable`1[PushAPI.Models.Push.Solicitacao_Simulacao_Envio]]] GetSolicitacao_Simulacao_Envio(System.Nullable`1[System.DateTime], System.Nullable`1[System.DateTime], Int32, Boolean, Boolean) on controller PushAPI.Controllers.PUSH.Envio.EnviosController (PushAPI).
2022-06-05 01:41:07.753 -03:00 [INF] Entity Framework Core 6.0.4 initialized 'dbPUSH' using provider 'Microsoft.EntityFrameworkCore.SqlServer:6.0.4' with options: CommandTimeout=18000 
2022-06-05 01:41:07.829 -03:00 [INF] Executed DbCommand (64ms) [Parameters=[@__xDe_0='?' (DbType = Date), @__xAte_1='?' (DbType = Date)], CommandType='"Text"', CommandTimeout='18000']
SELECT [s].[idSolicitacao_Simulacao_Envio], [s].[Bloqueado_TI], [s].[Cancelado], [s].[Comando_PowerShell], [s].[Data], [s].[Data_Hora_Atualizacao], [s].[Data_Hora_Bloqueio], [s].[Data_Hora_Envio], [s].[Enviado], [s].[Gerado], [s].[Homologado], [s].[Hora], [s].[Matricula_Bloqueio_TI], [s].[Matricula_Enviante], [s].[Nome_Arquivo], [s].[Observacoes], [s].[ParametroLote], [s].[Quantidade], [s].[Quantidade_Reportada], [s].[REQ_Envio], [s].[Tranche], [s].[idEnvio_Mensagem], [s].[idSolicitacao_PUSH], [s0].[idSolicitacao_PUSH], [s0].[Autorizacao_Gestor_PUSH], [s0].[Bloqueado_TI], [s0].[CGCDemandante], [s0].[CGCExecutora], [s0].[Canal], [s0].[Cancelado], [s0].[Data_Cadastramento], [s0].[Data_Hora_Autorizacao], [s0].[Data_Hora_Bloqueio], [s0].[Data_Hora_Cancelamento], [s0].[E_Cadastramento_Manual], [s0].[Enviar_DOM], [s0].[Enviar_Horario_Final], [s0].[Enviar_Horario_Inicial], [s0].[Enviar_QUA], [s0].[Enviar_QUI], [s0].[Enviar_SAB], [s0].[Enviar_SEG], [s0].[Enviar_SEX], [s0].[Enviar_TER], [s0].[Enviar_a_partir_de], [s0].[Enviar_no_maximo_ate], [s0].[Finalizado], [s0].[Impactos_Previstos], [s0].[Limitacao_Tranche], [s0].[Limite_Mensagens_Por_Dia], [s0].[Matricula_Autorizacao_Gestor_PUSH], [s0].[Matricula_Bloqueio_TI], [s0].[Matricula_Cadastramento], [s0].[Matricula_Cancelamento], [s0].[Mensagem], [s0].[Nome_Campo1], [s0].[Nome_Campo2], [s0].[Nome_Campo3], [s0].[Nome_Campo4], [s0].[Nome_Campo5], [s0].[Nome_Solicitacao], [s0].[Observacoes], [s0].[Prioridade], [s0].[Quantidade_Agendada], [s0].[Quantidade_Enviada], [s0].[Quantidade_Maxima_Autorizada], [s0].[Quantidade_Total], [s0].[Quantidade_Total_Restante], [s0].[REQ_WO_Aprovacao_Mensagem], [s0].[REQ_WO_Aprovacao_Mensagem_Texto], [s0].[Tipo_Categoria_Solicitacao], [s0].[Titulo], [s0].[URL_Acao], [s0].[URL_Imagem], [s0].[WF_GECRM], [s0].[idCurva], [s0].[idEnvio_Mensagem], [s0].[idTipoMensagem]
FROM [FILA].[Solicitacao_Simulacao_Envio] AS [s]
INNER JOIN [FILA].[Solicitacao] AS [s0] ON [s].[idSolicitacao_PUSH] = [s0].[idSolicitacao_PUSH]
WHERE ([s].[Data] >= @__xDe_0) AND ([s].[Data] <= @__xAte_1)
ORDER BY [s].[Data], [s].[Hora]
2022-06-05 01:41:07.833 -03:00 [INF] Executing ObjectResult, writing value of type 'System.Collections.Generic.List`1[[PushAPI.Models.Push.Solicitacao_Simulacao_Envio, PushAPI, Version=1.0.0.0, Culture=neutral, PublicKeyToken=null]]'.
2022-06-05 01:41:07.836 -03:00 [INF] Executed action PushAPI.Controllers.PUSH.Envio.EnviosController.GetSolicitacao_Simulacao_Envio (PushAPI) in 83.9195ms
2022-06-05 01:41:07.836 -03:00 [INF] Executed endpoint 'PushAPI.Controllers.PUSH.Envio.EnviosController.GetSolicitacao_Simulacao_Envio (PushAPI)'
2022-06-05 01:41:07.837 -03:00 [INF] Request finished HTTP/1.1 GET http://gecdi.mz.caixa/api/envios/lista?De=2022-06-04&Ate=2022-06-04&Enviados=-1&NaoEnviadosAntigos=false&simular=false - - - 200 - application/json;+charset=utf-8 192.7643ms
2022-06-05 01:52:13.927 -03:00 [INF] Request starting HTTP/1.1 GET http://gecdi.mz.caixa/api/envios/lista?De=2022-06-04&Ate=2022-06-04&Enviados=-1&NaoEnviadosAntigos=false&simular=false - -
2022-06-05 01:52:13.930 -03:00 [INF] Entity Framework Core 6.0.4 initialized 'dbSites' using provider 'Microsoft.EntityFrameworkCore.SqlServer:6.0.4' with options: None
2022-06-05 01:52:14.019 -03:00 [INF] Executed DbCommand (73ms) [Parameters=[@__id_0='?' (DbType = Int32)], CommandType='"Text"', CommandTimeout='30']
SELECT TOP(2) [u].[idUsuario], [u].[CGC], [u].[Nome], [u].[cUsuario], [u].[idRole], [r].[idRole], [r].[E_Admin], [r].[Nome_Role], [r].[Ordem], [r].[Pode_Geranciar_Simulacao], [r].[Pode_Gerenciar_Curvas], [r].[Pode_Gerenciar_Envios], [r].[Pode_Gerenciar_Solicitacao], [r].[Pode_Marcar_Envio], [r].[Pode_Suspender_Envios], [r].[Pode_Ver_Relatorio], [r].[Role], [r].[Rota], [r].[Tem_Permissao_Geral]
FROM [SITES].[Usuario] AS [u]
INNER JOIN [SITES].[Roles] AS [r] ON [u].[idRole] = [r].[idRole]
WHERE [u].[idUsuario] = @__id_0
2022-06-05 01:52:14.020 -03:00 [INF] Executing endpoint 'PushAPI.Controllers.PUSH.Envio.EnviosController.GetSolicitacao_Simulacao_Envio (PushAPI)'
2022-06-05 01:52:14.020 -03:00 [INF] Route matched with {action = "GetSolicitacao_Simulacao_Envio", controller = "Envios"}. Executing controller action with signature System.Threading.Tasks.Task`1[Microsoft.AspNetCore.Mvc.ActionResult`1[System.Collections.Generic.IEnumerable`1[PushAPI.Models.Push.Solicitacao_Simulacao_Envio]]] GetSolicitacao_Simulacao_Envio(System.Nullable`1[System.DateTime], System.Nullable`1[System.DateTime], Int32, Boolean, Boolean) on controller PushAPI.Controllers.PUSH.Envio.EnviosController (PushAPI).
2022-06-05 01:52:14.021 -03:00 [INF] Entity Framework Core 6.0.4 initialized 'dbPUSH' using provider 'Microsoft.EntityFrameworkCore.SqlServer:6.0.4' with options: CommandTimeout=18000 
2022-06-05 01:52:14.222 -03:00 [INF] Executed DbCommand (174ms) [Parameters=[@__xDe_0='?' (DbType = Date), @__xAte_1='?' (DbType = Date)], CommandType='"Text"', CommandTimeout='18000']
SELECT [s].[idSolicitacao_Simulacao_Envio], [s].[Bloqueado_TI], [s].[Cancelado], [s].[Comando_PowerShell], [s].[Data], [s].[Data_Hora_Atualizacao], [s].[Data_Hora_Bloqueio], [s].[Data_Hora_Envio], [s].[Enviado], [s].[Gerado], [s].[Homologado], [s].[Hora], [s].[Matricula_Bloqueio_TI], [s].[Matricula_Enviante], [s].[Nome_Arquivo], [s].[Observacoes], [s].[ParametroLote], [s].[Quantidade], [s].[Quantidade_Reportada], [s].[REQ_Envio], [s].[Tranche], [s].[idEnvio_Mensagem], [s].[idSolicitacao_PUSH], [s0].[idSolicitacao_PUSH], [s0].[Autorizacao_Gestor_PUSH], [s0].[Bloqueado_TI], [s0].[CGCDemandante], [s0].[CGCExecutora], [s0].[Canal], [s0].[Cancelado], [s0].[Data_Cadastramento], [s0].[Data_Hora_Autorizacao], [s0].[Data_Hora_Bloqueio], [s0].[Data_Hora_Cancelamento], [s0].[E_Cadastramento_Manual], [s0].[Enviar_DOM], [s0].[Enviar_Horario_Final], [s0].[Enviar_Horario_Inicial], [s0].[Enviar_QUA], [s0].[Enviar_QUI], [s0].[Enviar_SAB], [s0].[Enviar_SEG], [s0].[Enviar_SEX], [s0].[Enviar_TER], [s0].[Enviar_a_partir_de], [s0].[Enviar_no_maximo_ate], [s0].[Finalizado], [s0].[Impactos_Previstos], [s0].[Limitacao_Tranche], [s0].[Limite_Mensagens_Por_Dia], [s0].[Matricula_Autorizacao_Gestor_PUSH], [s0].[Matricula_Bloqueio_TI], [s0].[Matricula_Cadastramento], [s0].[Matricula_Cancelamento], [s0].[Mensagem], [s0].[Nome_Campo1], [s0].[Nome_Campo2], [s0].[Nome_Campo3], [s0].[Nome_Campo4], [s0].[Nome_Campo5], [s0].[Nome_Solicitacao], [s0].[Observacoes], [s0].[Prioridade], [s0].[Quantidade_Agendada], [s0].[Quantidade_Enviada], [s0].[Quantidade_Maxima_Autorizada], [s0].[Quantidade_Total], [s0].[Quantidade_Total_Restante], [s0].[REQ_WO_Aprovacao_Mensagem], [s0].[REQ_WO_Aprovacao_Mensagem_Texto], [s0].[Tipo_Categoria_Solicitacao], [s0].[Titulo], [s0].[URL_Acao], [s0].[URL_Imagem], [s0].[WF_GECRM], [s0].[idCurva], [s0].[idEnvio_Mensagem], [s0].[idTipoMensagem]
FROM [FILA].[Solicitacao_Simulacao_Envio] AS [s]
INNER JOIN [FILA].[Solicitacao] AS [s0] ON [s].[idSolicitacao_PUSH] = [s0].[idSolicitacao_PUSH]
WHERE ([s].[Data] >= @__xDe_0) AND ([s].[Data] <= @__xAte_1)
ORDER BY [s].[Data], [s].[Hora]
2022-06-05 01:52:14.225 -03:00 [INF] Executing ObjectResult, writing value of type 'System.Collections.Generic.List`1[[PushAPI.Models.Push.Solicitacao_Simulacao_Envio, PushAPI, Version=1.0.0.0, Culture=neutral, PublicKeyToken=null]]'.
2022-06-05 01:52:14.231 -03:00 [INF] Executed action PushAPI.Controllers.PUSH.Envio.EnviosController.GetSolicitacao_Simulacao_Envio (PushAPI) in 211.4809ms
2022-06-05 01:52:14.231 -03:00 [INF] Executed endpoint 'PushAPI.Controllers.PUSH.Envio.EnviosController.GetSolicitacao_Simulacao_Envio (PushAPI)'
2022-06-05 01:52:14.232 -03:00 [INF] Request finished HTTP/1.1 GET http://gecdi.mz.caixa/api/envios/lista?De=2022-06-04&Ate=2022-06-04&Enviados=-1&NaoEnviadosAntigos=false&simular=false - - - 200 - application/json;+charset=utf-8 304.2146ms
2022-06-05 02:03:04.057 -03:00 [INF] Request starting HTTP/1.1 GET http://gecdi.mz.caixa/api/envios/lista?De=2022-06-04&Ate=2022-06-04&Enviados=-1&NaoEnviadosAntigos=false&simular=false - -
2022-06-05 02:03:04.061 -03:00 [INF] Entity Framework Core 6.0.4 initialized 'dbSites' using provider 'Microsoft.EntityFrameworkCore.SqlServer:6.0.4' with options: None
2022-06-05 02:03:04.632 -03:00 [INF] Executed DbCommand (278ms) [Parameters=[@__id_0='?' (DbType = Int32)], CommandType='"Text"', CommandTimeout='30']
SELECT TOP(2) [u].[idUsuario], [u].[CGC], [u].[Nome], [u].[cUsuario], [u].[idRole], [r].[idRole], [r].[E_Admin], [r].[Nome_Role], [r].[Ordem], [r].[Pode_Geranciar_Simulacao], [r].[Pode_Gerenciar_Curvas], [r].[Pode_Gerenciar_Envios], [r].[Pode_Gerenciar_Solicitacao], [r].[Pode_Marcar_Envio], [r].[Pode_Suspender_Envios], [r].[Pode_Ver_Relatorio], [r].[Role], [r].[Rota], [r].[Tem_Permissao_Geral]
FROM [SITES].[Usuario] AS [u]
INNER JOIN [SITES].[Roles] AS [r] ON [u].[idRole] = [r].[idRole]
WHERE [u].[idUsuario] = @__id_0
2022-06-05 02:03:04.633 -03:00 [INF] Executing endpoint 'PushAPI.Controllers.PUSH.Envio.EnviosController.GetSolicitacao_Simulacao_Envio (PushAPI)'
2022-06-05 02:03:04.633 -03:00 [INF] Route matched with {action = "GetSolicitacao_Simulacao_Envio", controller = "Envios"}. Executing controller action with signature System.Threading.Tasks.Task`1[Microsoft.AspNetCore.Mvc.ActionResult`1[System.Collections.Generic.IEnumerable`1[PushAPI.Models.Push.Solicitacao_Simulacao_Envio]]] GetSolicitacao_Simulacao_Envio(System.Nullable`1[System.DateTime], System.Nullable`1[System.DateTime], Int32, Boolean, Boolean) on controller PushAPI.Controllers.PUSH.Envio.EnviosController (PushAPI).
2022-06-05 02:03:04.635 -03:00 [INF] Entity Framework Core 6.0.4 initialized 'dbPUSH' using provider 'Microsoft.EntityFrameworkCore.SqlServer:6.0.4' with options: CommandTimeout=18000 
2022-06-05 02:03:05.892 -03:00 [INF] Executed DbCommand (1,129ms) [Parameters=[@__xDe_0='?' (DbType = Date), @__xAte_1='?' (DbType = Date)], CommandType='"Text"', CommandTimeout='18000']
SELECT [s].[idSolicitacao_Simulacao_Envio], [s].[Bloqueado_TI], [s].[Cancelado], [s].[Comando_PowerShell], [s].[Data], [s].[Data_Hora_Atualizacao], [s].[Data_Hora_Bloqueio], [s].[Data_Hora_Envio], [s].[Enviado], [s].[Gerado], [s].[Homologado], [s].[Hora], [s].[Matricula_Bloqueio_TI], [s].[Matricula_Enviante], [s].[Nome_Arquivo], [s].[Observacoes], [s].[ParametroLote], [s].[Quantidade], [s].[Quantidade_Reportada], [s].[REQ_Envio], [s].[Tranche], [s].[idEnvio_Mensagem], [s].[idSolicitacao_PUSH], [s0].[idSolicitacao_PUSH], [s0].[Autorizacao_Gestor_PUSH], [s0].[Bloqueado_TI], [s0].[CGCDemandante], [s0].[CGCExecutora], [s0].[Canal], [s0].[Cancelado], [s0].[Data_Cadastramento], [s0].[Data_Hora_Autorizacao], [s0].[Data_Hora_Bloqueio], [s0].[Data_Hora_Cancelamento], [s0].[E_Cadastramento_Manual], [s0].[Enviar_DOM], [s0].[Enviar_Horario_Final], [s0].[Enviar_Horario_Inicial], [s0].[Enviar_QUA], [s0].[Enviar_QUI], [s0].[Enviar_SAB], [s0].[Enviar_SEG], [s0].[Enviar_SEX], [s0].[Enviar_TER], [s0].[Enviar_a_partir_de], [s0].[Enviar_no_maximo_ate], [s0].[Finalizado], [s0].[Impactos_Previstos], [s0].[Limitacao_Tranche], [s0].[Limite_Mensagens_Por_Dia], [s0].[Matricula_Autorizacao_Gestor_PUSH], [s0].[Matricula_Bloqueio_TI], [s0].[Matricula_Cadastramento], [s0].[Matricula_Cancelamento], [s0].[Mensagem], [s0].[Nome_Campo1], [s0].[Nome_Campo2], [s0].[Nome_Campo3], [s0].[Nome_Campo4], [s0].[Nome_Campo5], [s0].[Nome_Solicitacao], [s0].[Observacoes], [s0].[Prioridade], [s0].[Quantidade_Agendada], [s0].[Quantidade_Enviada], [s0].[Quantidade_Maxima_Autorizada], [s0].[Quantidade_Total], [s0].[Quantidade_Total_Restante], [s0].[REQ_WO_Aprovacao_Mensagem], [s0].[REQ_WO_Aprovacao_Mensagem_Texto], [s0].[Tipo_Categoria_Solicitacao], [s0].[Titulo], [s0].[URL_Acao], [s0].[URL_Imagem], [s0].[WF_GECRM], [s0].[idCurva], [s0].[idEnvio_Mensagem], [s0].[idTipoMensagem]
FROM [FILA].[Solicitacao_Simulacao_Envio] AS [s]
INNER JOIN [FILA].[Solicitacao] AS [s0] ON [s].[idSolicitacao_PUSH] = [s0].[idSolicitacao_PUSH]
WHERE ([s].[Data] >= @__xDe_0) AND ([s].[Data] <= @__xAte_1)
ORDER BY [s].[Data], [s].[Hora]
2022-06-05 02:03:05.902 -03:00 [INF] Executing ObjectResult, writing value of type 'System.Collections.Generic.List`1[[PushAPI.Models.Push.Solicitacao_Simulacao_Envio, PushAPI, Version=1.0.0.0, Culture=neutral, PublicKeyToken=null]]'.
2022-06-05 02:03:05.907 -03:00 [INF] Executed action PushAPI.Controllers.PUSH.Envio.EnviosController.GetSolicitacao_Simulacao_Envio (PushAPI) in 1273.8767ms
2022-06-05 02:03:05.907 -03:00 [INF] Executed endpoint 'PushAPI.Controllers.PUSH.Envio.EnviosController.GetSolicitacao_Simulacao_Envio (PushAPI)'
2022-06-05 02:03:05.908 -03:00 [INF] Request finished HTTP/1.1 GET http://gecdi.mz.caixa/api/envios/lista?De=2022-06-04&Ate=2022-06-04&Enviados=-1&NaoEnviadosAntigos=false&simular=false - - - 200 - application/json;+charset=utf-8 1851.0671ms
2022-06-05 02:14:12.320 -03:00 [INF] Request starting HTTP/1.1 GET http://gecdi.mz.caixa/api/envios/lista?De=2022-06-04&Ate=2022-06-04&Enviados=-1&NaoEnviadosAntigos=false&simular=false - -
2022-06-05 02:14:12.322 -03:00 [INF] Entity Framework Core 6.0.4 initialized 'dbSites' using provider 'Microsoft.EntityFrameworkCore.SqlServer:6.0.4' with options: None
2022-06-05 02:14:12.328 -03:00 [INF] Executed DbCommand (1ms) [Parameters=[@__id_0='?' (DbType = Int32)], CommandType='"Text"', CommandTimeout='30']
SELECT TOP(2) [u].[idUsuario], [u].[CGC], [u].[Nome], [u].[cUsuario], [u].[idRole], [r].[idRole], [r].[E_Admin], [r].[Nome_Role], [r].[Ordem], [r].[Pode_Geranciar_Simulacao], [r].[Pode_Gerenciar_Curvas], [r].[Pode_Gerenciar_Envios], [r].[Pode_Gerenciar_Solicitacao], [r].[Pode_Marcar_Envio], [r].[Pode_Suspender_Envios], [r].[Pode_Ver_Relatorio], [r].[Role], [r].[Rota], [r].[Tem_Permissao_Geral]
FROM [SITES].[Usuario] AS [u]
INNER JOIN [SITES].[Roles] AS [r] ON [u].[idRole] = [r].[idRole]
WHERE [u].[idUsuario] = @__id_0
2022-06-05 02:14:12.328 -03:00 [INF] Executing endpoint 'PushAPI.Controllers.PUSH.Envio.EnviosController.GetSolicitacao_Simulacao_Envio (PushAPI)'
2022-06-05 02:14:12.329 -03:00 [INF] Route matched with {action = "GetSolicitacao_Simulacao_Envio", controller = "Envios"}. Executing controller action with signature System.Threading.Tasks.Task`1[Microsoft.AspNetCore.Mvc.ActionResult`1[System.Collections.Generic.IEnumerable`1[PushAPI.Models.Push.Solicitacao_Simulacao_Envio]]] GetSolicitacao_Simulacao_Envio(System.Nullable`1[System.DateTime], System.Nullable`1[System.DateTime], Int32, Boolean, Boolean) on controller PushAPI.Controllers.PUSH.Envio.EnviosController (PushAPI).
2022-06-05 02:14:12.329 -03:00 [INF] Entity Framework Core 6.0.4 initialized 'dbPUSH' using provider 'Microsoft.EntityFrameworkCore.SqlServer:6.0.4' with options: CommandTimeout=18000 
2022-06-05 02:14:12.403 -03:00 [INF] Executed DbCommand (11ms) [Parameters=[@__xDe_0='?' (DbType = Date), @__xAte_1='?' (DbType = Date)], CommandType='"Text"', CommandTimeout='18000']
SELECT [s].[idSolicitacao_Simulacao_Envio], [s].[Bloqueado_TI], [s].[Cancelado], [s].[Comando_PowerShell], [s].[Data], [s].[Data_Hora_Atualizacao], [s].[Data_Hora_Bloqueio], [s].[Data_Hora_Envio], [s].[Enviado], [s].[Gerado], [s].[Homologado], [s].[Hora], [s].[Matricula_Bloqueio_TI], [s].[Matricula_Enviante], [s].[Nome_Arquivo], [s].[Observacoes], [s].[ParametroLote], [s].[Quantidade], [s].[Quantidade_Reportada], [s].[REQ_Envio], [s].[Tranche], [s].[idEnvio_Mensagem], [s].[idSolicitacao_PUSH], [s0].[idSolicitacao_PUSH], [s0].[Autorizacao_Gestor_PUSH], [s0].[Bloqueado_TI], [s0].[CGCDemandante], [s0].[CGCExecutora], [s0].[Canal], [s0].[Cancelado], [s0].[Data_Cadastramento], [s0].[Data_Hora_Autorizacao], [s0].[Data_Hora_Bloqueio], [s0].[Data_Hora_Cancelamento], [s0].[E_Cadastramento_Manual], [s0].[Enviar_DOM], [s0].[Enviar_Horario_Final], [s0].[Enviar_Horario_Inicial], [s0].[Enviar_QUA], [s0].[Enviar_QUI], [s0].[Enviar_SAB], [s0].[Enviar_SEG], [s0].[Enviar_SEX], [s0].[Enviar_TER], [s0].[Enviar_a_partir_de], [s0].[Enviar_no_maximo_ate], [s0].[Finalizado], [s0].[Impactos_Previstos], [s0].[Limitacao_Tranche], [s0].[Limite_Mensagens_Por_Dia], [s0].[Matricula_Autorizacao_Gestor_PUSH], [s0].[Matricula_Bloqueio_TI], [s0].[Matricula_Cadastramento], [s0].[Matricula_Cancelamento], [s0].[Mensagem], [s0].[Nome_Campo1], [s0].[Nome_Campo2], [s0].[Nome_Campo3], [s0].[Nome_Campo4], [s0].[Nome_Campo5], [s0].[Nome_Solicitacao], [s0].[Observacoes], [s0].[Prioridade], [s0].[Quantidade_Agendada], [s0].[Quantidade_Enviada], [s0].[Quantidade_Maxima_Autorizada], [s0].[Quantidade_Total], [s0].[Quantidade_Total_Restante], [s0].[REQ_WO_Aprovacao_Mensagem], [s0].[REQ_WO_Aprovacao_Mensagem_Texto], [s0].[Tipo_Categoria_Solicitacao], [s0].[Titulo], [s0].[URL_Acao], [s0].[URL_Imagem], [s0].[WF_GECRM], [s0].[idCurva], [s0].[idEnvio_Mensagem], [s0].[idTipoMensagem]
FROM [FILA].[Solicitacao_Simulacao_Envio] AS [s]
INNER JOIN [FILA].[Solicitacao] AS [s0] ON [s].[idSolicitacao_PUSH] = [s0].[idSolicitacao_PUSH]
WHERE ([s].[Data] >= @__xDe_0) AND ([s].[Data] <= @__xAte_1)
ORDER BY [s].[Data], [s].[Hora]
2022-06-05 02:14:12.406 -03:00 [INF] Executing ObjectResult, writing value of type 'System.Collections.Generic.List`1[[PushAPI.Models.Push.Solicitacao_Simulacao_Envio, PushAPI, Version=1.0.0.0, Culture=neutral, PublicKeyToken=null]]'.
2022-06-05 02:14:12.410 -03:00 [INF] Executed action PushAPI.Controllers.PUSH.Envio.EnviosController.GetSolicitacao_Simulacao_Envio (PushAPI) in 81.2221ms
2022-06-05 02:14:12.410 -03:00 [INF] Executed endpoint 'PushAPI.Controllers.PUSH.Envio.EnviosController.GetSolicitacao_Simulacao_Envio (PushAPI)'
2022-06-05 02:14:12.410 -03:00 [INF] Request finished HTTP/1.1 GET http://gecdi.mz.caixa/api/envios/lista?De=2022-06-04&Ate=2022-06-04&Enviados=-1&NaoEnviadosAntigos=false&simular=false - - - 200 - application/json;+charset=utf-8 89.7543ms
2022-06-05 02:34:52.972 -03:00 [INF] Request starting HTTP/1.1 POST http://127.0.0.1:6093/iisintegration - 0
2022-06-05 02:34:52.973 -03:00 [INF] Request finished HTTP/1.1 POST http://127.0.0.1:6093/iisintegration - 0 - 202 0 - 0.6899ms
2022-06-05 02:34:52.973 -03:00 [INF] Application is shutting down...
