2022-05-22 12:37:43.547 -03:00 [INF] Now listening on: http://127.0.0.1:33074
2022-05-22 12:37:44.068 -03:00 [INF] Request starting HTTP/1.1 GET http://gecdi.mz.caixa/gecdi/push/envios - -
2022-05-22 12:37:44.588 -03:00 [INF] Application started. Press Ctrl+C to shut down.
2022-05-22 12:37:44.589 -03:00 [INF] Hosting environment: Production
2022-05-22 12:37:44.589 -03:00 [INF] Content root path: E:\WEBSITES\1048conheca-gerenciador.caixa\
2022-05-22 12:37:46.429 -03:00 [INF] Executing endpoint 'Fallback {*path:nonfile}'
2022-05-22 12:37:46.470 -03:00 [INF] Sending file. Request path: '//index.html'. Physical path: 'E:\WEBSITES\1048conheca-gerenciador.caixa\wwwroot\index.html'
2022-05-22 12:37:46.471 -03:00 [INF] Executed endpoint 'Fallback {*path:nonfile}'
2022-05-22 12:37:46.475 -03:00 [INF] Request finished HTTP/1.1 GET http://gecdi.mz.caixa/gecdi/push/envios - - - 200 4406 text/html 2410.2523ms
2022-05-22 12:37:46.604 -03:00 [INF] Request starting HTTP/1.1 GET http://gecdi.mz.caixa/runtime-es2015.1789598c6d087bc508fc.js - -
2022-05-22 12:37:46.628 -03:00 [INF] Sending file. Request path: '/runtime-es2015.1789598c6d087bc508fc.js'. Physical path: 'E:\WEBSITES\1048conheca-gerenciador.caixa\wwwroot\runtime-es2015.1789598c6d087bc508fc.js'
2022-05-22 12:37:46.629 -03:00 [INF] Request finished HTTP/1.1 GET http://gecdi.mz.caixa/runtime-es2015.1789598c6d087bc508fc.js - - - 200 3792 application/javascript 24.9806ms
2022-05-22 12:37:46.982 -03:00 [INF] Request starting HTTP/1.1 GET http://gecdi.mz.caixa/assets/images/logo/caixa.svg - -
2022-05-22 12:37:46.982 -03:00 [INF] Request starting HTTP/1.1 GET http://gecdi.mz.caixa/polyfills-es2015.064913c9a0e8b0056cdf.js - -
2022-05-22 12:37:46.992 -03:00 [INF] Sending file. Request path: '/polyfills-es2015.064913c9a0e8b0056cdf.js'. Physical path: 'E:\WEBSITES\1048conheca-gerenciador.caixa\wwwroot\polyfills-es2015.064913c9a0e8b0056cdf.js'
2022-05-22 12:37:46.993 -03:00 [INF] Request finished HTTP/1.1 GET http://gecdi.mz.caixa/polyfills-es2015.064913c9a0e8b0056cdf.js - - - 200 114694 application/javascript 11.4625ms
2022-05-22 12:37:47.007 -03:00 [INF] Sending file. Request path: '/assets/images/logo/caixa.svg'. Physical path: 'E:\WEBSITES\1048conheca-gerenciador.caixa\wwwroot\assets\images\logo\caixa.svg'
2022-05-22 12:37:47.007 -03:00 [INF] Request finished HTTP/1.1 GET http://gecdi.mz.caixa/assets/images/logo/caixa.svg - - - 200 5817 image/svg+xml 25.2274ms
2022-05-22 12:37:47.022 -03:00 [INF] Request starting HTTP/1.1 GET http://gecdi.mz.caixa/main-es2015.2952436e0959dd73773e.js - -
2022-05-22 12:37:47.044 -03:00 [INF] Request starting HTTP/1.1 GET http://gecdi.mz.caixa/scripts.61aa79d9a17490734807.js - -
2022-05-22 12:37:47.109 -03:00 [INF] Request starting HTTP/1.1 GET http://gecdi.mz.caixa/styles.1830a6db2a8068637cd7.css - -
2022-05-22 12:37:47.143 -03:00 [INF] Sending file. Request path: '/styles.1830a6db2a8068637cd7.css'. Physical path: 'E:\WEBSITES\1048conheca-gerenciador.caixa\wwwroot\styles.1830a6db2a8068637cd7.css'
2022-05-22 12:37:47.143 -03:00 [INF] Request finished HTTP/1.1 GET http://gecdi.mz.caixa/styles.1830a6db2a8068637cd7.css - - - 200 1399265 text/css 34.8329ms
2022-05-22 12:37:47.292 -03:00 [INF] Sending file. Request path: '/main-es2015.2952436e0959dd73773e.js'. Physical path: 'E:\WEBSITES\1048conheca-gerenciador.caixa\wwwroot\main-es2015.2952436e0959dd73773e.js'
2022-05-22 12:37:47.292 -03:00 [INF] Request finished HTTP/1.1 GET http://gecdi.mz.caixa/main-es2015.2952436e0959dd73773e.js - - - 200 1392121 application/javascript 270.6076ms
2022-05-22 12:37:47.527 -03:00 [INF] Sending file. Request path: '/scripts.61aa79d9a17490734807.js'. Physical path: 'E:\WEBSITES\1048conheca-gerenciador.caixa\wwwroot\scripts.61aa79d9a17490734807.js'
2022-05-22 12:37:47.527 -03:00 [INF] Request finished HTTP/1.1 GET http://gecdi.mz.caixa/scripts.61aa79d9a17490734807.js - - - 200 2549892 application/javascript 483.0726ms
2022-05-22 12:37:49.431 -03:00 [INF] Request starting HTTP/1.1 GET http://gecdi.mz.caixa/9-es2015.a4805213712aff3b1b19.js - -
2022-05-22 12:37:49.433 -03:00 [INF] Sending file. Request path: '/9-es2015.a4805213712aff3b1b19.js'. Physical path: 'E:\WEBSITES\1048conheca-gerenciador.caixa\wwwroot\9-es2015.a4805213712aff3b1b19.js'
2022-05-22 12:37:49.433 -03:00 [INF] Request finished HTTP/1.1 GET http://gecdi.mz.caixa/9-es2015.a4805213712aff3b1b19.js - - - 200 10176 application/javascript 2.2086ms
2022-05-22 12:37:49.483 -03:00 [INF] Request starting HTTP/1.1 GET http://gecdi.mz.caixa/849-es2015.cd0694e36feeb7b889eb.js - -
2022-05-22 12:37:49.488 -03:00 [INF] Sending file. Request path: '/849-es2015.cd0694e36feeb7b889eb.js'. Physical path: 'E:\WEBSITES\1048conheca-gerenciador.caixa\wwwroot\849-es2015.cd0694e36feeb7b889eb.js'
2022-05-22 12:37:49.488 -03:00 [INF] Request finished HTTP/1.1 GET http://gecdi.mz.caixa/849-es2015.cd0694e36feeb7b889eb.js - - - 200 509676 application/javascript 4.7820ms
2022-05-22 12:37:49.788 -03:00 [INF] Request starting HTTP/1.1 GET http://gecdi.mz.caixa/266-es2015.3989e452430eeea3bfea.js - -
2022-05-22 12:37:49.789 -03:00 [INF] Sending file. Request path: '/266-es2015.3989e452430eeea3bfea.js'. Physical path: 'E:\WEBSITES\1048conheca-gerenciador.caixa\wwwroot\266-es2015.3989e452430eeea3bfea.js'
2022-05-22 12:37:49.789 -03:00 [INF] Request finished HTTP/1.1 GET http://gecdi.mz.caixa/266-es2015.3989e452430eeea3bfea.js - - - 200 7174 application/javascript 1.8927ms
2022-05-22 12:37:49.870 -03:00 [INF] Request starting HTTP/1.1 GET http://gecdi.mz.caixa/api/user/roles - -
2022-05-22 12:37:49.873 -03:00 [INF] Executing endpoint 'PushAPI.Controllers.User.UserController.GetRoles (PushAPI)'
2022-05-22 12:37:49.898 -03:00 [INF] Route matched with {action = "GetRoles", controller = "User"}. Executing controller action with signature System.Threading.Tasks.Task`1[System.Collections.Generic.IEnumerable`1[PushAPI.Models.Sites.Roles]] GetRoles() on controller PushAPI.Controllers.User.UserController (PushAPI).
2022-05-22 12:37:49.956 -03:00 [INF] Request starting HTTP/1.1 GET http://gecdi.mz.caixa/assets/images/logo/caixa-positive.svg - -
2022-05-22 12:37:49.957 -03:00 [INF] Sending file. Request path: '/assets/images/logo/caixa-positive.svg'. Physical path: 'E:\WEBSITES\1048conheca-gerenciador.caixa\wwwroot\assets\images\logo\caixa-positive.svg'
2022-05-22 12:37:49.957 -03:00 [INF] Request finished HTTP/1.1 GET http://gecdi.mz.caixa/assets/images/logo/caixa-positive.svg - - - 200 3952 image/svg+xml 1.6106ms
2022-05-22 12:37:58.879 -03:00 [INF] Entity Framework Core 6.0.4 initialized 'dbSites' using provider 'Microsoft.EntityFrameworkCore.SqlServer:6.0.4' with options: None
2022-05-22 12:38:04.844 -03:00 [INF] Executed DbCommand (49ms) [Parameters=[], CommandType='"Text"', CommandTimeout='30']
SELECT [r].[idRole], [r].[E_Admin], [r].[Nome_Role], [r].[Ordem], [r].[Pode_Geranciar_Simulacao], [r].[Pode_Gerenciar_Curvas], [r].[Pode_Gerenciar_Envios], [r].[Pode_Gerenciar_Solicitacao], [r].[Pode_Marcar_Envio], [r].[Pode_Suspender_Envios], [r].[Pode_Ver_Relatorio], [r].[Role], [r].[Rota], [r].[Tem_Permissao_Geral]
FROM [SITES].[Roles] AS [r]
2022-05-22 12:38:05.980 -03:00 [INF] Executing ObjectResult, writing value of type 'System.Collections.Generic.List`1[[PushAPI.Models.Sites.Roles, PushAPI, Version=1.0.0.0, Culture=neutral, PublicKeyToken=null]]'.
2022-05-22 12:38:06.559 -03:00 [INF] Executed action PushAPI.Controllers.User.UserController.GetRoles (PushAPI) in 16137.5712ms
2022-05-22 12:38:06.560 -03:00 [INF] Executed endpoint 'PushAPI.Controllers.User.UserController.GetRoles (PushAPI)'
2022-05-22 12:38:06.565 -03:00 [INF] Request finished HTTP/1.1 GET http://gecdi.mz.caixa/api/user/roles - - - 200 - application/json;+charset=utf-8 16695.2564ms
2022-05-22 12:58:34.606 -03:00 [INF] Request starting HTTP/1.1 POST http://127.0.0.1:33074/iisintegration - 0
2022-05-22 12:58:34.607 -03:00 [INF] Request finished HTTP/1.1 POST http://127.0.0.1:33074/iisintegration - 0 - 202 0 - 0.7573ms
2022-05-22 12:58:34.607 -03:00 [INF] Application is shutting down...
2022-05-22 22:36:06.989 -03:00 [INF] Now listening on: http://127.0.0.1:35581
2022-05-22 22:36:07.481 -03:00 [INF] Application started. Press Ctrl+C to shut down.
2022-05-22 22:36:07.482 -03:00 [INF] Hosting environment: Production
2022-05-22 22:36:07.482 -03:00 [INF] Content root path: E:\WEBSITES\1048conheca-gerenciador.caixa\
2022-05-22 22:36:07.493 -03:00 [INF] Request starting HTTP/1.1 GET http://gecdi.mz.caixa/gecdi/dashboard - -
2022-05-22 22:36:09.824 -03:00 [INF] Executing endpoint 'Fallback {*path:nonfile}'
2022-05-22 22:36:09.866 -03:00 [INF] Sending file. Request path: '//index.html'. Physical path: 'E:\WEBSITES\1048conheca-gerenciador.caixa\wwwroot\index.html'
2022-05-22 22:36:09.867 -03:00 [INF] Executed endpoint 'Fallback {*path:nonfile}'
2022-05-22 22:36:09.871 -03:00 [INF] Request finished HTTP/1.1 GET http://gecdi.mz.caixa/gecdi/dashboard - - - 200 4406 text/html 2381.8616ms
2022-05-22 22:36:09.959 -03:00 [INF] Request starting HTTP/1.1 GET http://gecdi.mz.caixa/runtime-es2015.1789598c6d087bc508fc.js - -
2022-05-22 22:36:09.984 -03:00 [INF] Sending file. Request path: '/runtime-es2015.1789598c6d087bc508fc.js'. Physical path: 'E:\WEBSITES\1048conheca-gerenciador.caixa\wwwroot\runtime-es2015.1789598c6d087bc508fc.js'
2022-05-22 22:36:09.984 -03:00 [INF] Request finished HTTP/1.1 GET http://gecdi.mz.caixa/runtime-es2015.1789598c6d087bc508fc.js - - - 200 3792 application/javascript 24.8431ms
2022-05-22 22:36:10.027 -03:00 [INF] Request starting HTTP/1.1 GET http://gecdi.mz.caixa/main-es2015.2952436e0959dd73773e.js - -
2022-05-22 22:36:10.028 -03:00 [INF] Request starting HTTP/1.1 GET http://gecdi.mz.caixa/polyfills-es2015.064913c9a0e8b0056cdf.js - -
2022-05-22 22:36:10.042 -03:00 [INF] Request starting HTTP/1.1 GET http://gecdi.mz.caixa/scripts.61aa79d9a17490734807.js - -
2022-05-22 22:36:10.043 -03:00 [INF] Request starting HTTP/1.1 GET http://gecdi.mz.caixa/assets/images/logo/caixa.svg - -
2022-05-22 22:36:10.043 -03:00 [INF] Request starting HTTP/1.1 GET http://gecdi.mz.caixa/styles.1830a6db2a8068637cd7.css - -
2022-05-22 22:36:10.044 -03:00 [INF] Sending file. Request path: '/polyfills-es2015.064913c9a0e8b0056cdf.js'. Physical path: 'E:\WEBSITES\1048conheca-gerenciador.caixa\wwwroot\polyfills-es2015.064913c9a0e8b0056cdf.js'
2022-05-22 22:36:10.044 -03:00 [INF] Request finished HTTP/1.1 GET http://gecdi.mz.caixa/polyfills-es2015.064913c9a0e8b0056cdf.js - - - 200 114694 application/javascript 15.5907ms
2022-05-22 22:36:10.050 -03:00 [INF] The file /assets/images/logo/caixa.svg was not modified
2022-05-22 22:36:10.050 -03:00 [INF] Request finished HTTP/1.1 GET http://gecdi.mz.caixa/assets/images/logo/caixa.svg - - - 304 - image/svg+xml 7.3758ms
2022-05-22 22:36:10.177 -03:00 [INF] Sending file. Request path: '/styles.1830a6db2a8068637cd7.css'. Physical path: 'E:\WEBSITES\1048conheca-gerenciador.caixa\wwwroot\styles.1830a6db2a8068637cd7.css'
2022-05-22 22:36:10.177 -03:00 [INF] Request finished HTTP/1.1 GET http://gecdi.mz.caixa/styles.1830a6db2a8068637cd7.css - - - 200 1399265 text/css 134.0932ms
2022-05-22 22:36:10.351 -03:00 [INF] Sending file. Request path: '/main-es2015.2952436e0959dd73773e.js'. Physical path: 'E:\WEBSITES\1048conheca-gerenciador.caixa\wwwroot\main-es2015.2952436e0959dd73773e.js'
2022-05-22 22:36:10.352 -03:00 [INF] Request finished HTTP/1.1 GET http://gecdi.mz.caixa/main-es2015.2952436e0959dd73773e.js - - - 200 1392121 application/javascript 324.1321ms
2022-05-22 22:36:10.987 -03:00 [INF] Sending file. Request path: '/scripts.61aa79d9a17490734807.js'. Physical path: 'E:\WEBSITES\1048conheca-gerenciador.caixa\wwwroot\scripts.61aa79d9a17490734807.js'
2022-05-22 22:36:10.987 -03:00 [INF] Request finished HTTP/1.1 GET http://gecdi.mz.caixa/scripts.61aa79d9a17490734807.js - - - 200 2549892 application/javascript 944.7532ms
2022-05-22 22:36:12.749 -03:00 [INF] Request starting HTTP/1.1 GET http://gecdi.mz.caixa/9-es2015.a4805213712aff3b1b19.js - -
2022-05-22 22:36:12.751 -03:00 [INF] Sending file. Request path: '/9-es2015.a4805213712aff3b1b19.js'. Physical path: 'E:\WEBSITES\1048conheca-gerenciador.caixa\wwwroot\9-es2015.a4805213712aff3b1b19.js'
2022-05-22 22:36:12.751 -03:00 [INF] Request finished HTTP/1.1 GET http://gecdi.mz.caixa/9-es2015.a4805213712aff3b1b19.js - - - 200 10176 application/javascript 2.3639ms
2022-05-22 22:36:12.800 -03:00 [INF] Request starting HTTP/1.1 GET http://gecdi.mz.caixa/805-es2015.a10d77ff879a96e52ce2.js - -
2022-05-22 22:36:12.824 -03:00 [INF] Sending file. Request path: '/805-es2015.a10d77ff879a96e52ce2.js'. Physical path: 'E:\WEBSITES\1048conheca-gerenciador.caixa\wwwroot\805-es2015.a10d77ff879a96e52ce2.js'
2022-05-22 22:36:12.824 -03:00 [INF] Request finished HTTP/1.1 GET http://gecdi.mz.caixa/805-es2015.a10d77ff879a96e52ce2.js - - - 200 803 application/javascript 23.7167ms
2022-05-22 22:36:12.901 -03:00 [INF] Request starting HTTP/1.1 GET http://gecdi.mz.caixa/266-es2015.3989e452430eeea3bfea.js - -
2022-05-22 22:36:12.903 -03:00 [INF] Sending file. Request path: '/266-es2015.3989e452430eeea3bfea.js'. Physical path: 'E:\WEBSITES\1048conheca-gerenciador.caixa\wwwroot\266-es2015.3989e452430eeea3bfea.js'
2022-05-22 22:36:12.903 -03:00 [INF] Request finished HTTP/1.1 GET http://gecdi.mz.caixa/266-es2015.3989e452430eeea3bfea.js - - - 200 7174 application/javascript 2.1783ms
2022-05-22 22:36:12.994 -03:00 [INF] Request starting HTTP/1.1 GET http://gecdi.mz.caixa/api/user/roles - -
2022-05-22 22:36:12.998 -03:00 [INF] Executing endpoint 'PushAPI.Controllers.User.UserController.GetRoles (PushAPI)'
2022-05-22 22:36:13.030 -03:00 [INF] Route matched with {action = "GetRoles", controller = "User"}. Executing controller action with signature System.Threading.Tasks.Task`1[System.Collections.Generic.IEnumerable`1[PushAPI.Models.Sites.Roles]] GetRoles() on controller PushAPI.Controllers.User.UserController (PushAPI).
2022-05-22 22:36:13.142 -03:00 [INF] Request starting HTTP/1.1 GET http://gecdi.mz.caixa/assets/images/logo/caixa-positive.svg - -
2022-05-22 22:36:13.143 -03:00 [INF] The file /assets/images/logo/caixa-positive.svg was not modified
2022-05-22 22:36:13.143 -03:00 [INF] Request finished HTTP/1.1 GET http://gecdi.mz.caixa/assets/images/logo/caixa-positive.svg - - - 304 - image/svg+xml 1.2009ms
2022-05-22 22:36:24.038 -03:00 [INF] Entity Framework Core 6.0.4 initialized 'dbSites' using provider 'Microsoft.EntityFrameworkCore.SqlServer:6.0.4' with options: None
2022-05-22 22:36:29.469 -03:00 [INF] Executed DbCommand (50ms) [Parameters=[], CommandType='"Text"', CommandTimeout='30']
SELECT [r].[idRole], [r].[E_Admin], [r].[Nome_Role], [r].[Ordem], [r].[Pode_Geranciar_Simulacao], [r].[Pode_Gerenciar_Curvas], [r].[Pode_Gerenciar_Envios], [r].[Pode_Gerenciar_Solicitacao], [r].[Pode_Marcar_Envio], [r].[Pode_Suspender_Envios], [r].[Pode_Ver_Relatorio], [r].[Role], [r].[Rota], [r].[Tem_Permissao_Geral]
FROM [SITES].[Roles] AS [r]
2022-05-22 22:36:30.545 -03:00 [INF] Request starting HTTP/1.1 POST http://gecdi.mz.caixa/api/user/login application/json 41
2022-05-22 22:36:30.555 -03:00 [INF] CORS policy execution successful.
2022-05-22 22:36:30.563 -03:00 [INF] Executing endpoint 'PushAPI.Controllers.User.UserController.Authenticate (PushAPI)'
2022-05-22 22:36:30.593 -03:00 [INF] Route matched with {action = "Authenticate", controller = "User"}. Executing controller action with signature Microsoft.AspNetCore.Mvc.IActionResult Authenticate(PushAPI.Requests.AuthenticateRequest) on controller PushAPI.Controllers.User.UserController (PushAPI).
2022-05-22 22:36:31.158 -03:00 [INF] Executing ObjectResult, writing value of type 'System.Collections.Generic.List`1[[PushAPI.Models.Sites.Roles, PushAPI, Version=1.0.0.0, Culture=neutral, PublicKeyToken=null]]'.
2022-05-22 22:36:31.197 -03:00 [INF] Executed action PushAPI.Controllers.User.UserController.GetRoles (PushAPI) in 18159.3171ms
2022-05-22 22:36:31.198 -03:00 [INF] Executed endpoint 'PushAPI.Controllers.User.UserController.GetRoles (PushAPI)'
2022-05-22 22:36:31.202 -03:00 [INF] Request finished HTTP/1.1 GET http://gecdi.mz.caixa/api/user/roles - - - 200 - application/json;+charset=utf-8 18208.2073ms
2022-05-22 22:36:31.213 -03:00 [INF] Entity Framework Core 6.0.4 initialized 'dbSites' using provider 'Microsoft.EntityFrameworkCore.SqlServer:6.0.4' with options: None
2022-05-22 22:36:32.990 -03:00 [INF] Executed DbCommand (35ms) [Parameters=[@__model_Username_0='?' (Size = 7) (DbType = AnsiStringFixedLength)], CommandType='"Text"', CommandTimeout='30']
SELECT TOP(2) [u].[idUsuario], [u].[CGC], [u].[Nome], [u].[cUsuario], [u].[idRole], [r].[idRole], [r].[E_Admin], [r].[Nome_Role], [r].[Ordem], [r].[Pode_Geranciar_Simulacao], [r].[Pode_Gerenciar_Curvas], [r].[Pode_Gerenciar_Envios], [r].[Pode_Gerenciar_Solicitacao], [r].[Pode_Marcar_Envio], [r].[Pode_Suspender_Envios], [r].[Pode_Ver_Relatorio], [r].[Role], [r].[Rota], [r].[Tem_Permissao_Geral]
FROM [SITES].[Usuario] AS [u]
INNER JOIN [SITES].[Roles] AS [r] ON [u].[idRole] = [r].[idRole]
WHERE [u].[cUsuario] = @__model_Username_0
2022-05-22 22:36:41.864 -03:00 [INF] Entity Framework Core 6.0.4 initialized 'dbAtendimento' using provider 'Microsoft.EntityFrameworkCore.SqlServer:6.0.4' with options: CommandTimeout=18000 
2022-05-22 22:36:41.879 -03:00 [INF] Executed DbCommand (1ms) [Parameters=[@__model_Username_0='?' (Size = 7) (DbType = AnsiStringFixedLength)], CommandType='"Text"', CommandTimeout='18000']
SELECT TOP(1) [a].[vApelidoAtendente], [a].[bE_Ativo], [a].[bRecebeChamado], [a].[bRecebeOuvidoria], [a].[cUsuario]
FROM [Atendentes] AS [a]
WHERE [a].[cUsuario] = @__model_Username_0
2022-05-22 22:36:41.919 -03:00 [INF] Executing OkObjectResult, writing value of type 'PushAPI.Responses.AuthenticateResponse'.
2022-05-22 22:36:41.941 -03:00 [INF] Executed action PushAPI.Controllers.User.UserController.Authenticate (PushAPI) in 11347.7355ms
2022-05-22 22:36:41.941 -03:00 [INF] Executed endpoint 'PushAPI.Controllers.User.UserController.Authenticate (PushAPI)'
2022-05-22 22:36:41.941 -03:00 [INF] Request finished HTTP/1.1 POST http://gecdi.mz.caixa/api/user/login application/json 41 - 200 - application/json;+charset=utf-8 11395.5845ms
2022-05-22 22:36:42.119 -03:00 [INF] Request starting HTTP/1.1 GET http://gecdi.mz.caixa/fa-solid-900.1551f4f60c37af51121f.woff2 - -
2022-05-22 22:36:42.141 -03:00 [INF] Sending file. Request path: '/fa-solid-900.1551f4f60c37af51121f.woff2'. Physical path: 'E:\WEBSITES\1048conheca-gerenciador.caixa\wwwroot\fa-solid-900.1551f4f60c37af51121f.woff2'
2022-05-22 22:36:42.141 -03:00 [INF] Request finished HTTP/1.1 GET http://gecdi.mz.caixa/fa-solid-900.1551f4f60c37af51121f.woff2 - - - 200 78268 font/woff2 21.7606ms
2022-05-22 22:37:03.423 -03:00 [INF] Request starting HTTP/1.1 GET http://gecdi.mz.caixa/849-es2015.cd0694e36feeb7b889eb.js - -
2022-05-22 22:37:03.429 -03:00 [INF] Sending file. Request path: '/849-es2015.cd0694e36feeb7b889eb.js'. Physical path: 'E:\WEBSITES\1048conheca-gerenciador.caixa\wwwroot\849-es2015.cd0694e36feeb7b889eb.js'
2022-05-22 22:37:03.429 -03:00 [INF] Request finished HTTP/1.1 GET http://gecdi.mz.caixa/849-es2015.cd0694e36feeb7b889eb.js - - - 200 509676 application/javascript 6.0914ms
2022-05-22 22:37:03.554 -03:00 [INF] Request starting HTTP/1.1 GET http://gecdi.mz.caixa/api/Curvas - -
2022-05-22 22:37:03.610 -03:00 [INF] Request starting HTTP/1.1 GET http://gecdi.mz.caixa/api/envios/lista?De=2022-05-22&Ate=2022-05-22&Enviados=-1&NaoEnviadosAntigos=false&simular=false - -
2022-05-22 22:37:03.650 -03:00 [INF] Entity Framework Core 6.0.4 initialized 'dbSites' using provider 'Microsoft.EntityFrameworkCore.SqlServer:6.0.4' with options: None
2022-05-22 22:37:03.663 -03:00 [INF] Executed DbCommand (2ms) [Parameters=[@__id_0='?' (DbType = Int32)], CommandType='"Text"', CommandTimeout='30']
SELECT TOP(2) [u].[idUsuario], [u].[CGC], [u].[Nome], [u].[cUsuario], [u].[idRole], [r].[idRole], [r].[E_Admin], [r].[Nome_Role], [r].[Ordem], [r].[Pode_Geranciar_Simulacao], [r].[Pode_Gerenciar_Curvas], [r].[Pode_Gerenciar_Envios], [r].[Pode_Gerenciar_Solicitacao], [r].[Pode_Marcar_Envio], [r].[Pode_Suspender_Envios], [r].[Pode_Ver_Relatorio], [r].[Role], [r].[Rota], [r].[Tem_Permissao_Geral]
FROM [SITES].[Usuario] AS [u]
INNER JOIN [SITES].[Roles] AS [r] ON [u].[idRole] = [r].[idRole]
WHERE [u].[idUsuario] = @__id_0
2022-05-22 22:37:03.664 -03:00 [INF] Executing endpoint 'PushAPI.Controllers.PUSH.Envio.EnviosController.GetSolicitacao_Simulacao_Envio (PushAPI)'
2022-05-22 22:37:03.670 -03:00 [INF] Route matched with {action = "GetSolicitacao_Simulacao_Envio", controller = "Envios"}. Executing controller action with signature System.Threading.Tasks.Task`1[Microsoft.AspNetCore.Mvc.ActionResult`1[System.Collections.Generic.IEnumerable`1[PushAPI.Models.Push.Solicitacao_Simulacao_Envio]]] GetSolicitacao_Simulacao_Envio(System.Nullable`1[System.DateTime], System.Nullable`1[System.DateTime], Int32, Boolean, Boolean) on controller PushAPI.Controllers.PUSH.Envio.EnviosController (PushAPI).
2022-05-22 22:37:03.821 -03:00 [INF] Entity Framework Core 6.0.4 initialized 'dbSites' using provider 'Microsoft.EntityFrameworkCore.SqlServer:6.0.4' with options: None
2022-05-22 22:37:03.826 -03:00 [INF] Executed DbCommand (1ms) [Parameters=[@__id_0='?' (DbType = Int32)], CommandType='"Text"', CommandTimeout='30']
SELECT TOP(2) [u].[idUsuario], [u].[CGC], [u].[Nome], [u].[cUsuario], [u].[idRole], [r].[idRole], [r].[E_Admin], [r].[Nome_Role], [r].[Ordem], [r].[Pode_Geranciar_Simulacao], [r].[Pode_Gerenciar_Curvas], [r].[Pode_Gerenciar_Envios], [r].[Pode_Gerenciar_Solicitacao], [r].[Pode_Marcar_Envio], [r].[Pode_Suspender_Envios], [r].[Pode_Ver_Relatorio], [r].[Role], [r].[Rota], [r].[Tem_Permissao_Geral]
FROM [SITES].[Usuario] AS [u]
INNER JOIN [SITES].[Roles] AS [r] ON [u].[idRole] = [r].[idRole]
WHERE [u].[idUsuario] = @__id_0
2022-05-22 22:37:03.827 -03:00 [INF] Executing endpoint 'PushAPI.Controllers.PUSH.Curvas.CurvasController.GetCurva_Envio (PushAPI)'
2022-05-22 22:37:03.831 -03:00 [INF] Route matched with {action = "GetCurva_Envio", controller = "Curvas"}. Executing controller action with signature System.Threading.Tasks.Task`1[Microsoft.AspNetCore.Mvc.ActionResult`1[System.Collections.Generic.IEnumerable`1[PushAPI.Models.Push.Curva_Envio]]] GetCurva_Envio() on controller PushAPI.Controllers.PUSH.Curvas.CurvasController (PushAPI).
2022-05-22 22:37:03.832 -03:00 [INF] Authorization failed for the request at filter 'PushAPI.Helpers.AuthorizeAttribute'.
2022-05-22 22:37:03.834 -03:00 [INF] Executing JsonResult, writing value of type '<>f__AnonymousType5`1[[System.String, System.Private.CoreLib, Version=6.0.0.0, Culture=neutral, PublicKeyToken=7cec85d7bea7798e]]'.
2022-05-22 22:37:03.836 -03:00 [INF] Executed action PushAPI.Controllers.PUSH.Curvas.CurvasController.GetCurva_Envio (PushAPI) in 5.5389ms
2022-05-22 22:37:03.836 -03:00 [INF] Executed endpoint 'PushAPI.Controllers.PUSH.Curvas.CurvasController.GetCurva_Envio (PushAPI)'
2022-05-22 22:37:03.837 -03:00 [INF] Request finished HTTP/1.1 GET http://gecdi.mz.caixa/api/Curvas - - - 401 - application/json;+charset=utf-8 282.9699ms
2022-05-22 22:37:05.635 -03:00 [INF] Entity Framework Core 6.0.4 initialized 'dbPUSH' using provider 'Microsoft.EntityFrameworkCore.SqlServer:6.0.4' with options: CommandTimeout=18000 
2022-05-22 22:37:06.255 -03:00 [INF] Executed DbCommand (53ms) [Parameters=[@__xDe_0='?' (DbType = Date), @__xAte_1='?' (DbType = Date)], CommandType='"Text"', CommandTimeout='18000']
SELECT [s].[idSolicitacao_Simulacao_Envio], [s].[Bloqueado_TI], [s].[Cancelado], [s].[Comando_PowerShell], [s].[Data], [s].[Data_Hora_Atualizacao], [s].[Data_Hora_Bloqueio], [s].[Data_Hora_Envio], [s].[Enviado], [s].[Gerado], [s].[Homologado], [s].[Hora], [s].[Matricula_Bloqueio_TI], [s].[Matricula_Enviante], [s].[Nome_Arquivo], [s].[ParametroLote], [s].[Quantidade], [s].[Quantidade_Reportada], [s].[REQ_Envio], [s].[Tranche], [s].[idEnvio_Mensagem], [s].[idSolicitacao_PUSH], [s0].[idSolicitacao_PUSH], [s0].[Autorizacao_Gestor_PUSH], [s0].[Bloqueado_TI], [s0].[CGCDemandante], [s0].[CGCExecutora], [s0].[Canal], [s0].[Cancelado], [s0].[Data_Cadastramento], [s0].[Data_Hora_Autorizacao], [s0].[Data_Hora_Bloqueio], [s0].[Data_Hora_Cancelamento], [s0].[E_Cadastramento_Manual], [s0].[Enviar_DOM], [s0].[Enviar_Horario_Final], [s0].[Enviar_Horario_Inicial], [s0].[Enviar_QUA], [s0].[Enviar_QUI], [s0].[Enviar_SAB], [s0].[Enviar_SEG], [s0].[Enviar_SEX], [s0].[Enviar_TER], [s0].[Enviar_a_partir_de], [s0].[Enviar_no_maximo_ate], [s0].[Finalizado], [s0].[Impactos_Previstos], [s0].[Limitacao_Tranche], [s0].[Limite_Mensagens_Por_Dia], [s0].[Matricula_Autorizacao_Gestor_PUSH], [s0].[Matricula_Bloqueio_TI], [s0].[Matricula_Cadastramento], [s0].[Matricula_Cancelamento], [s0].[Mensagem], [s0].[Nome_Campo1], [s0].[Nome_Campo2], [s0].[Nome_Campo3], [s0].[Nome_Campo4], [s0].[Nome_Campo5], [s0].[Nome_Solicitacao], [s0].[Prioridade], [s0].[Quantidade_Agendada], [s0].[Quantidade_Enviada], [s0].[Quantidade_Maxima_Autorizada], [s0].[Quantidade_Total], [s0].[Quantidade_Total_Restante], [s0].[REQ_WO_Aprovacao_Mensagem], [s0].[REQ_WO_Aprovacao_Mensagem_Texto], [s0].[Titulo], [s0].[URL_Acao], [s0].[URL_Imagem], [s0].[WF_GECRM], [s0].[idCurva], [s0].[idEnvio_Mensagem], [s0].[idTipoMensagem]
FROM [FILA].[Solicitacao_Simulacao_Envio] AS [s]
INNER JOIN [FILA].[Solicitacao] AS [s0] ON [s].[idSolicitacao_PUSH] = [s0].[idSolicitacao_PUSH]
WHERE ([s].[Data] >= @__xDe_0) AND ([s].[Data] <= @__xAte_1)
ORDER BY [s].[Data], [s].[Hora]
2022-05-22 22:37:06.258 -03:00 [INF] Executing ObjectResult, writing value of type 'System.Collections.Generic.List`1[[PushAPI.Models.Push.Solicitacao_Simulacao_Envio, PushAPI, Version=1.0.0.0, Culture=neutral, PublicKeyToken=null]]'.
2022-05-22 22:37:06.279 -03:00 [INF] Executed action PushAPI.Controllers.PUSH.Envio.EnviosController.GetSolicitacao_Simulacao_Envio (PushAPI) in 2608.8997ms
2022-05-22 22:37:06.279 -03:00 [INF] Executed endpoint 'PushAPI.Controllers.PUSH.Envio.EnviosController.GetSolicitacao_Simulacao_Envio (PushAPI)'
2022-05-22 22:37:06.280 -03:00 [INF] Request finished HTTP/1.1 GET http://gecdi.mz.caixa/api/envios/lista?De=2022-05-22&Ate=2022-05-22&Enviados=-1&NaoEnviadosAntigos=false&simular=false - - - 200 - application/json;+charset=utf-8 2669.2533ms
2022-05-22 22:47:06.336 -03:00 [INF] Request starting HTTP/1.1 GET http://gecdi.mz.caixa/api/envios/lista?De=2022-05-22&Ate=2022-05-22&Enviados=-1&NaoEnviadosAntigos=false&simular=false - -
2022-05-22 22:47:06.341 -03:00 [INF] Entity Framework Core 6.0.4 initialized 'dbSites' using provider 'Microsoft.EntityFrameworkCore.SqlServer:6.0.4' with options: None
2022-05-22 22:47:06.348 -03:00 [INF] Executed DbCommand (1ms) [Parameters=[@__id_0='?' (DbType = Int32)], CommandType='"Text"', CommandTimeout='30']
SELECT TOP(2) [u].[idUsuario], [u].[CGC], [u].[Nome], [u].[cUsuario], [u].[idRole], [r].[idRole], [r].[E_Admin], [r].[Nome_Role], [r].[Ordem], [r].[Pode_Geranciar_Simulacao], [r].[Pode_Gerenciar_Curvas], [r].[Pode_Gerenciar_Envios], [r].[Pode_Gerenciar_Solicitacao], [r].[Pode_Marcar_Envio], [r].[Pode_Suspender_Envios], [r].[Pode_Ver_Relatorio], [r].[Role], [r].[Rota], [r].[Tem_Permissao_Geral]
FROM [SITES].[Usuario] AS [u]
INNER JOIN [SITES].[Roles] AS [r] ON [u].[idRole] = [r].[idRole]
WHERE [u].[idUsuario] = @__id_0
2022-05-22 22:47:06.349 -03:00 [INF] Executing endpoint 'PushAPI.Controllers.PUSH.Envio.EnviosController.GetSolicitacao_Simulacao_Envio (PushAPI)'
2022-05-22 22:47:06.349 -03:00 [INF] Route matched with {action = "GetSolicitacao_Simulacao_Envio", controller = "Envios"}. Executing controller action with signature System.Threading.Tasks.Task`1[Microsoft.AspNetCore.Mvc.ActionResult`1[System.Collections.Generic.IEnumerable`1[PushAPI.Models.Push.Solicitacao_Simulacao_Envio]]] GetSolicitacao_Simulacao_Envio(System.Nullable`1[System.DateTime], System.Nullable`1[System.DateTime], Int32, Boolean, Boolean) on controller PushAPI.Controllers.PUSH.Envio.EnviosController (PushAPI).
2022-05-22 22:47:06.351 -03:00 [INF] Entity Framework Core 6.0.4 initialized 'dbPUSH' using provider 'Microsoft.EntityFrameworkCore.SqlServer:6.0.4' with options: CommandTimeout=18000 
2022-05-22 22:47:06.358 -03:00 [INF] Executed DbCommand (2ms) [Parameters=[@__xDe_0='?' (DbType = Date), @__xAte_1='?' (DbType = Date)], CommandType='"Text"', CommandTimeout='18000']
SELECT [s].[idSolicitacao_Simulacao_Envio], [s].[Bloqueado_TI], [s].[Cancelado], [s].[Comando_PowerShell], [s].[Data], [s].[Data_Hora_Atualizacao], [s].[Data_Hora_Bloqueio], [s].[Data_Hora_Envio], [s].[Enviado], [s].[Gerado], [s].[Homologado], [s].[Hora], [s].[Matricula_Bloqueio_TI], [s].[Matricula_Enviante], [s].[Nome_Arquivo], [s].[ParametroLote], [s].[Quantidade], [s].[Quantidade_Reportada], [s].[REQ_Envio], [s].[Tranche], [s].[idEnvio_Mensagem], [s].[idSolicitacao_PUSH], [s0].[idSolicitacao_PUSH], [s0].[Autorizacao_Gestor_PUSH], [s0].[Bloqueado_TI], [s0].[CGCDemandante], [s0].[CGCExecutora], [s0].[Canal], [s0].[Cancelado], [s0].[Data_Cadastramento], [s0].[Data_Hora_Autorizacao], [s0].[Data_Hora_Bloqueio], [s0].[Data_Hora_Cancelamento], [s0].[E_Cadastramento_Manual], [s0].[Enviar_DOM], [s0].[Enviar_Horario_Final], [s0].[Enviar_Horario_Inicial], [s0].[Enviar_QUA], [s0].[Enviar_QUI], [s0].[Enviar_SAB], [s0].[Enviar_SEG], [s0].[Enviar_SEX], [s0].[Enviar_TER], [s0].[Enviar_a_partir_de], [s0].[Enviar_no_maximo_ate], [s0].[Finalizado], [s0].[Impactos_Previstos], [s0].[Limitacao_Tranche], [s0].[Limite_Mensagens_Por_Dia], [s0].[Matricula_Autorizacao_Gestor_PUSH], [s0].[Matricula_Bloqueio_TI], [s0].[Matricula_Cadastramento], [s0].[Matricula_Cancelamento], [s0].[Mensagem], [s0].[Nome_Campo1], [s0].[Nome_Campo2], [s0].[Nome_Campo3], [s0].[Nome_Campo4], [s0].[Nome_Campo5], [s0].[Nome_Solicitacao], [s0].[Prioridade], [s0].[Quantidade_Agendada], [s0].[Quantidade_Enviada], [s0].[Quantidade_Maxima_Autorizada], [s0].[Quantidade_Total], [s0].[Quantidade_Total_Restante], [s0].[REQ_WO_Aprovacao_Mensagem], [s0].[REQ_WO_Aprovacao_Mensagem_Texto], [s0].[Titulo], [s0].[URL_Acao], [s0].[URL_Imagem], [s0].[WF_GECRM], [s0].[idCurva], [s0].[idEnvio_Mensagem], [s0].[idTipoMensagem]
FROM [FILA].[Solicitacao_Simulacao_Envio] AS [s]
INNER JOIN [FILA].[Solicitacao] AS [s0] ON [s].[idSolicitacao_PUSH] = [s0].[idSolicitacao_PUSH]
WHERE ([s].[Data] >= @__xDe_0) AND ([s].[Data] <= @__xAte_1)
ORDER BY [s].[Data], [s].[Hora]
2022-05-22 22:47:06.359 -03:00 [INF] Executing ObjectResult, writing value of type 'System.Collections.Generic.List`1[[PushAPI.Models.Push.Solicitacao_Simulacao_Envio, PushAPI, Version=1.0.0.0, Culture=neutral, PublicKeyToken=null]]'.
2022-05-22 22:47:06.359 -03:00 [INF] Executed action PushAPI.Controllers.PUSH.Envio.EnviosController.GetSolicitacao_Simulacao_Envio (PushAPI) in 9.4934ms
2022-05-22 22:47:06.359 -03:00 [INF] Executed endpoint 'PushAPI.Controllers.PUSH.Envio.EnviosController.GetSolicitacao_Simulacao_Envio (PushAPI)'
2022-05-22 22:47:06.359 -03:00 [INF] Request finished HTTP/1.1 GET http://gecdi.mz.caixa/api/envios/lista?De=2022-05-22&Ate=2022-05-22&Enviados=-1&NaoEnviadosAntigos=false&simular=false - - - 200 - application/json;+charset=utf-8 22.8500ms
2022-05-22 22:55:18.206 -03:00 [INF] Request starting HTTP/1.1 GET http://gecdi.mz.caixa/gecdi/dashboard - -
2022-05-22 22:55:18.207 -03:00 [INF] Executing endpoint 'Fallback {*path:nonfile}'
2022-05-22 22:55:18.207 -03:00 [INF] The file //index.html was not modified
2022-05-22 22:55:18.207 -03:00 [INF] Executed endpoint 'Fallback {*path:nonfile}'
2022-05-22 22:55:18.208 -03:00 [INF] Request finished HTTP/1.1 GET http://gecdi.mz.caixa/gecdi/dashboard - - - 304 - text/html 1.6615ms
2022-05-22 22:55:18.985 -03:00 [INF] Request starting HTTP/1.1 GET http://gecdi.mz.caixa/assets/images/logo/caixa.svg - -
2022-05-22 22:55:18.986 -03:00 [INF] The file /assets/images/logo/caixa.svg was not modified
2022-05-22 22:55:18.986 -03:00 [INF] Request finished HTTP/1.1 GET http://gecdi.mz.caixa/assets/images/logo/caixa.svg - - - 304 - image/svg+xml 0.7033ms
2022-05-22 22:55:18.987 -03:00 [INF] Request starting HTTP/1.1 GET http://gecdi.mz.caixa/polyfills-es2015.064913c9a0e8b0056cdf.js - -
2022-05-22 22:55:18.987 -03:00 [INF] The file /polyfills-es2015.064913c9a0e8b0056cdf.js was not modified
2022-05-22 22:55:18.987 -03:00 [INF] Request finished HTTP/1.1 GET http://gecdi.mz.caixa/polyfills-es2015.064913c9a0e8b0056cdf.js - - - 304 - application/javascript 0.5895ms
2022-05-22 22:55:19.009 -03:00 [INF] Request starting HTTP/1.1 GET http://gecdi.mz.caixa/runtime-es2015.1789598c6d087bc508fc.js - -
2022-05-22 22:55:19.010 -03:00 [INF] The file /runtime-es2015.1789598c6d087bc508fc.js was not modified
2022-05-22 22:55:19.010 -03:00 [INF] Request finished HTTP/1.1 GET http://gecdi.mz.caixa/runtime-es2015.1789598c6d087bc508fc.js - - - 304 - application/javascript 0.3775ms
2022-05-22 22:55:19.011 -03:00 [INF] Request starting HTTP/1.1 GET http://gecdi.mz.caixa/styles.1830a6db2a8068637cd7.css - -
2022-05-22 22:55:19.011 -03:00 [INF] The file /styles.1830a6db2a8068637cd7.css was not modified
2022-05-22 22:55:19.011 -03:00 [INF] Request finished HTTP/1.1 GET http://gecdi.mz.caixa/styles.1830a6db2a8068637cd7.css - - - 304 - text/css 0.3199ms
2022-05-22 22:55:19.066 -03:00 [INF] Request starting HTTP/1.1 GET http://gecdi.mz.caixa/scripts.61aa79d9a17490734807.js - -
2022-05-22 22:55:19.066 -03:00 [INF] The file /scripts.61aa79d9a17490734807.js was not modified
2022-05-22 22:55:19.067 -03:00 [INF] Request finished HTTP/1.1 GET http://gecdi.mz.caixa/scripts.61aa79d9a17490734807.js - - - 304 - application/javascript 0.4918ms
2022-05-22 22:55:19.068 -03:00 [INF] Request starting HTTP/1.1 GET http://gecdi.mz.caixa/main-es2015.2952436e0959dd73773e.js - -
2022-05-22 22:55:19.068 -03:00 [INF] The file /main-es2015.2952436e0959dd73773e.js was not modified
2022-05-22 22:55:19.069 -03:00 [INF] Request finished HTTP/1.1 GET http://gecdi.mz.caixa/main-es2015.2952436e0959dd73773e.js - - - 304 - application/javascript 0.3190ms
2022-05-22 22:55:20.119 -03:00 [INF] Request starting HTTP/1.1 GET http://gecdi.mz.caixa/9-es2015.a4805213712aff3b1b19.js - -
2022-05-22 22:55:20.120 -03:00 [INF] The file /9-es2015.a4805213712aff3b1b19.js was not modified
2022-05-22 22:55:20.120 -03:00 [INF] Request finished HTTP/1.1 GET http://gecdi.mz.caixa/9-es2015.a4805213712aff3b1b19.js - - - 304 - application/javascript 0.6404ms
2022-05-22 22:55:20.180 -03:00 [INF] Request starting HTTP/1.1 GET http://gecdi.mz.caixa/805-es2015.a10d77ff879a96e52ce2.js - -
2022-05-22 22:55:20.180 -03:00 [INF] The file /805-es2015.a10d77ff879a96e52ce2.js was not modified
2022-05-22 22:55:20.180 -03:00 [INF] Request finished HTTP/1.1 GET http://gecdi.mz.caixa/805-es2015.a10d77ff879a96e52ce2.js - - - 304 - application/javascript 0.6547ms
2022-05-22 22:55:20.246 -03:00 [INF] Request starting HTTP/1.1 GET http://gecdi.mz.caixa/266-es2015.3989e452430eeea3bfea.js - -
2022-05-22 22:55:20.247 -03:00 [INF] The file /266-es2015.3989e452430eeea3bfea.js was not modified
2022-05-22 22:55:20.247 -03:00 [INF] Request finished HTTP/1.1 GET http://gecdi.mz.caixa/266-es2015.3989e452430eeea3bfea.js - - - 304 - application/javascript 0.6658ms
2022-05-22 22:55:20.364 -03:00 [INF] Request starting HTTP/1.1 GET http://gecdi.mz.caixa/api/user/roles - -
2022-05-22 22:55:20.365 -03:00 [INF] Executing endpoint 'PushAPI.Controllers.User.UserController.GetRoles (PushAPI)'
2022-05-22 22:55:20.365 -03:00 [INF] Route matched with {action = "GetRoles", controller = "User"}. Executing controller action with signature System.Threading.Tasks.Task`1[System.Collections.Generic.IEnumerable`1[PushAPI.Models.Sites.Roles]] GetRoles() on controller PushAPI.Controllers.User.UserController (PushAPI).
2022-05-22 22:55:20.366 -03:00 [INF] Entity Framework Core 6.0.4 initialized 'dbSites' using provider 'Microsoft.EntityFrameworkCore.SqlServer:6.0.4' with options: None
2022-05-22 22:55:20.374 -03:00 [INF] Executed DbCommand (1ms) [Parameters=[], CommandType='"Text"', CommandTimeout='30']
SELECT [r].[idRole], [r].[E_Admin], [r].[Nome_Role], [r].[Ordem], [r].[Pode_Geranciar_Simulacao], [r].[Pode_Gerenciar_Curvas], [r].[Pode_Gerenciar_Envios], [r].[Pode_Gerenciar_Solicitacao], [r].[Pode_Marcar_Envio], [r].[Pode_Suspender_Envios], [r].[Pode_Ver_Relatorio], [r].[Role], [r].[Rota], [r].[Tem_Permissao_Geral]
FROM [SITES].[Roles] AS [r]
2022-05-22 22:55:20.375 -03:00 [INF] Executing ObjectResult, writing value of type 'System.Collections.Generic.List`1[[PushAPI.Models.Sites.Roles, PushAPI, Version=1.0.0.0, Culture=neutral, PublicKeyToken=null]]'.
2022-05-22 22:55:20.375 -03:00 [INF] Executed action PushAPI.Controllers.User.UserController.GetRoles (PushAPI) in 10.2026ms
2022-05-22 22:55:20.376 -03:00 [INF] Executed endpoint 'PushAPI.Controllers.User.UserController.GetRoles (PushAPI)'
2022-05-22 22:55:20.376 -03:00 [INF] Request finished HTTP/1.1 GET http://gecdi.mz.caixa/api/user/roles - - - 200 - application/json;+charset=utf-8 11.8699ms
2022-05-22 22:55:20.454 -03:00 [INF] Request starting HTTP/1.1 GET http://gecdi.mz.caixa/assets/images/logo/caixa-positive.svg - -
2022-05-22 22:55:20.455 -03:00 [INF] The file /assets/images/logo/caixa-positive.svg was not modified
2022-05-22 22:55:20.455 -03:00 [INF] Request finished HTTP/1.1 GET http://gecdi.mz.caixa/assets/images/logo/caixa-positive.svg - - - 304 - image/svg+xml 0.8077ms
2022-05-22 22:57:12.233 -03:00 [INF] Request starting HTTP/1.1 GET http://gecdi.mz.caixa/api/envios/lista?De=2022-05-22&Ate=2022-05-22&Enviados=-1&NaoEnviadosAntigos=false&simular=false - -
2022-05-22 22:57:12.236 -03:00 [INF] Entity Framework Core 6.0.4 initialized 'dbSites' using provider 'Microsoft.EntityFrameworkCore.SqlServer:6.0.4' with options: None
2022-05-22 22:57:12.238 -03:00 [INF] Executed DbCommand (1ms) [Parameters=[@__id_0='?' (DbType = Int32)], CommandType='"Text"', CommandTimeout='30']
SELECT TOP(2) [u].[idUsuario], [u].[CGC], [u].[Nome], [u].[cUsuario], [u].[idRole], [r].[idRole], [r].[E_Admin], [r].[Nome_Role], [r].[Ordem], [r].[Pode_Geranciar_Simulacao], [r].[Pode_Gerenciar_Curvas], [r].[Pode_Gerenciar_Envios], [r].[Pode_Gerenciar_Solicitacao], [r].[Pode_Marcar_Envio], [r].[Pode_Suspender_Envios], [r].[Pode_Ver_Relatorio], [r].[Role], [r].[Rota], [r].[Tem_Permissao_Geral]
FROM [SITES].[Usuario] AS [u]
INNER JOIN [SITES].[Roles] AS [r] ON [u].[idRole] = [r].[idRole]
WHERE [u].[idUsuario] = @__id_0
2022-05-22 22:57:12.238 -03:00 [INF] Executing endpoint 'PushAPI.Controllers.PUSH.Envio.EnviosController.GetSolicitacao_Simulacao_Envio (PushAPI)'
2022-05-22 22:57:12.239 -03:00 [INF] Route matched with {action = "GetSolicitacao_Simulacao_Envio", controller = "Envios"}. Executing controller action with signature System.Threading.Tasks.Task`1[Microsoft.AspNetCore.Mvc.ActionResult`1[System.Collections.Generic.IEnumerable`1[PushAPI.Models.Push.Solicitacao_Simulacao_Envio]]] GetSolicitacao_Simulacao_Envio(System.Nullable`1[System.DateTime], System.Nullable`1[System.DateTime], Int32, Boolean, Boolean) on controller PushAPI.Controllers.PUSH.Envio.EnviosController (PushAPI).
2022-05-22 22:57:12.242 -03:00 [INF] Entity Framework Core 6.0.4 initialized 'dbPUSH' using provider 'Microsoft.EntityFrameworkCore.SqlServer:6.0.4' with options: CommandTimeout=18000 
2022-05-22 22:57:12.251 -03:00 [INF] Executed DbCommand (2ms) [Parameters=[@__xDe_0='?' (DbType = Date), @__xAte_1='?' (DbType = Date)], CommandType='"Text"', CommandTimeout='18000']
SELECT [s].[idSolicitacao_Simulacao_Envio], [s].[Bloqueado_TI], [s].[Cancelado], [s].[Comando_PowerShell], [s].[Data], [s].[Data_Hora_Atualizacao], [s].[Data_Hora_Bloqueio], [s].[Data_Hora_Envio], [s].[Enviado], [s].[Gerado], [s].[Homologado], [s].[Hora], [s].[Matricula_Bloqueio_TI], [s].[Matricula_Enviante], [s].[Nome_Arquivo], [s].[ParametroLote], [s].[Quantidade], [s].[Quantidade_Reportada], [s].[REQ_Envio], [s].[Tranche], [s].[idEnvio_Mensagem], [s].[idSolicitacao_PUSH], [s0].[idSolicitacao_PUSH], [s0].[Autorizacao_Gestor_PUSH], [s0].[Bloqueado_TI], [s0].[CGCDemandante], [s0].[CGCExecutora], [s0].[Canal], [s0].[Cancelado], [s0].[Data_Cadastramento], [s0].[Data_Hora_Autorizacao], [s0].[Data_Hora_Bloqueio], [s0].[Data_Hora_Cancelamento], [s0].[E_Cadastramento_Manual], [s0].[Enviar_DOM], [s0].[Enviar_Horario_Final], [s0].[Enviar_Horario_Inicial], [s0].[Enviar_QUA], [s0].[Enviar_QUI], [s0].[Enviar_SAB], [s0].[Enviar_SEG], [s0].[Enviar_SEX], [s0].[Enviar_TER], [s0].[Enviar_a_partir_de], [s0].[Enviar_no_maximo_ate], [s0].[Finalizado], [s0].[Impactos_Previstos], [s0].[Limitacao_Tranche], [s0].[Limite_Mensagens_Por_Dia], [s0].[Matricula_Autorizacao_Gestor_PUSH], [s0].[Matricula_Bloqueio_TI], [s0].[Matricula_Cadastramento], [s0].[Matricula_Cancelamento], [s0].[Mensagem], [s0].[Nome_Campo1], [s0].[Nome_Campo2], [s0].[Nome_Campo3], [s0].[Nome_Campo4], [s0].[Nome_Campo5], [s0].[Nome_Solicitacao], [s0].[Prioridade], [s0].[Quantidade_Agendada], [s0].[Quantidade_Enviada], [s0].[Quantidade_Maxima_Autorizada], [s0].[Quantidade_Total], [s0].[Quantidade_Total_Restante], [s0].[REQ_WO_Aprovacao_Mensagem], [s0].[REQ_WO_Aprovacao_Mensagem_Texto], [s0].[Titulo], [s0].[URL_Acao], [s0].[URL_Imagem], [s0].[WF_GECRM], [s0].[idCurva], [s0].[idEnvio_Mensagem], [s0].[idTipoMensagem]
FROM [FILA].[Solicitacao_Simulacao_Envio] AS [s]
INNER JOIN [FILA].[Solicitacao] AS [s0] ON [s].[idSolicitacao_PUSH] = [s0].[idSolicitacao_PUSH]
WHERE ([s].[Data] >= @__xDe_0) AND ([s].[Data] <= @__xAte_1)
ORDER BY [s].[Data], [s].[Hora]
2022-05-22 22:57:12.251 -03:00 [INF] Executing ObjectResult, writing value of type 'System.Collections.Generic.List`1[[PushAPI.Models.Push.Solicitacao_Simulacao_Envio, PushAPI, Version=1.0.0.0, Culture=neutral, PublicKeyToken=null]]'.
2022-05-22 22:57:12.251 -03:00 [INF] Executed action PushAPI.Controllers.PUSH.Envio.EnviosController.GetSolicitacao_Simulacao_Envio (PushAPI) in 12.4805ms
2022-05-22 22:57:12.251 -03:00 [INF] Executed endpoint 'PushAPI.Controllers.PUSH.Envio.EnviosController.GetSolicitacao_Simulacao_Envio (PushAPI)'
2022-05-22 22:57:12.251 -03:00 [INF] Request finished HTTP/1.1 GET http://gecdi.mz.caixa/api/envios/lista?De=2022-05-22&Ate=2022-05-22&Enviados=-1&NaoEnviadosAntigos=false&simular=false - - - 200 - application/json;+charset=utf-8 18.3541ms
2022-05-22 23:07:23.272 -03:00 [INF] Request starting HTTP/1.1 GET http://gecdi.mz.caixa/api/envios/lista?De=2022-05-22&Ate=2022-05-22&Enviados=-1&NaoEnviadosAntigos=false&simular=false - -
2022-05-22 23:07:23.275 -03:00 [INF] Entity Framework Core 6.0.4 initialized 'dbSites' using provider 'Microsoft.EntityFrameworkCore.SqlServer:6.0.4' with options: None
2022-05-22 23:07:23.281 -03:00 [INF] Executed DbCommand (1ms) [Parameters=[@__id_0='?' (DbType = Int32)], CommandType='"Text"', CommandTimeout='30']
SELECT TOP(2) [u].[idUsuario], [u].[CGC], [u].[Nome], [u].[cUsuario], [u].[idRole], [r].[idRole], [r].[E_Admin], [r].[Nome_Role], [r].[Ordem], [r].[Pode_Geranciar_Simulacao], [r].[Pode_Gerenciar_Curvas], [r].[Pode_Gerenciar_Envios], [r].[Pode_Gerenciar_Solicitacao], [r].[Pode_Marcar_Envio], [r].[Pode_Suspender_Envios], [r].[Pode_Ver_Relatorio], [r].[Role], [r].[Rota], [r].[Tem_Permissao_Geral]
FROM [SITES].[Usuario] AS [u]
INNER JOIN [SITES].[Roles] AS [r] ON [u].[idRole] = [r].[idRole]
WHERE [u].[idUsuario] = @__id_0
2022-05-22 23:07:23.281 -03:00 [INF] Executing endpoint 'PushAPI.Controllers.PUSH.Envio.EnviosController.GetSolicitacao_Simulacao_Envio (PushAPI)'
2022-05-22 23:07:23.282 -03:00 [INF] Route matched with {action = "GetSolicitacao_Simulacao_Envio", controller = "Envios"}. Executing controller action with signature System.Threading.Tasks.Task`1[Microsoft.AspNetCore.Mvc.ActionResult`1[System.Collections.Generic.IEnumerable`1[PushAPI.Models.Push.Solicitacao_Simulacao_Envio]]] GetSolicitacao_Simulacao_Envio(System.Nullable`1[System.DateTime], System.Nullable`1[System.DateTime], Int32, Boolean, Boolean) on controller PushAPI.Controllers.PUSH.Envio.EnviosController (PushAPI).
2022-05-22 23:07:23.283 -03:00 [INF] Entity Framework Core 6.0.4 initialized 'dbPUSH' using provider 'Microsoft.EntityFrameworkCore.SqlServer:6.0.4' with options: CommandTimeout=18000 
2022-05-22 23:07:23.289 -03:00 [INF] Executed DbCommand (2ms) [Parameters=[@__xDe_0='?' (DbType = Date), @__xAte_1='?' (DbType = Date)], CommandType='"Text"', CommandTimeout='18000']
SELECT [s].[idSolicitacao_Simulacao_Envio], [s].[Bloqueado_TI], [s].[Cancelado], [s].[Comando_PowerShell], [s].[Data], [s].[Data_Hora_Atualizacao], [s].[Data_Hora_Bloqueio], [s].[Data_Hora_Envio], [s].[Enviado], [s].[Gerado], [s].[Homologado], [s].[Hora], [s].[Matricula_Bloqueio_TI], [s].[Matricula_Enviante], [s].[Nome_Arquivo], [s].[ParametroLote], [s].[Quantidade], [s].[Quantidade_Reportada], [s].[REQ_Envio], [s].[Tranche], [s].[idEnvio_Mensagem], [s].[idSolicitacao_PUSH], [s0].[idSolicitacao_PUSH], [s0].[Autorizacao_Gestor_PUSH], [s0].[Bloqueado_TI], [s0].[CGCDemandante], [s0].[CGCExecutora], [s0].[Canal], [s0].[Cancelado], [s0].[Data_Cadastramento], [s0].[Data_Hora_Autorizacao], [s0].[Data_Hora_Bloqueio], [s0].[Data_Hora_Cancelamento], [s0].[E_Cadastramento_Manual], [s0].[Enviar_DOM], [s0].[Enviar_Horario_Final], [s0].[Enviar_Horario_Inicial], [s0].[Enviar_QUA], [s0].[Enviar_QUI], [s0].[Enviar_SAB], [s0].[Enviar_SEG], [s0].[Enviar_SEX], [s0].[Enviar_TER], [s0].[Enviar_a_partir_de], [s0].[Enviar_no_maximo_ate], [s0].[Finalizado], [s0].[Impactos_Previstos], [s0].[Limitacao_Tranche], [s0].[Limite_Mensagens_Por_Dia], [s0].[Matricula_Autorizacao_Gestor_PUSH], [s0].[Matricula_Bloqueio_TI], [s0].[Matricula_Cadastramento], [s0].[Matricula_Cancelamento], [s0].[Mensagem], [s0].[Nome_Campo1], [s0].[Nome_Campo2], [s0].[Nome_Campo3], [s0].[Nome_Campo4], [s0].[Nome_Campo5], [s0].[Nome_Solicitacao], [s0].[Prioridade], [s0].[Quantidade_Agendada], [s0].[Quantidade_Enviada], [s0].[Quantidade_Maxima_Autorizada], [s0].[Quantidade_Total], [s0].[Quantidade_Total_Restante], [s0].[REQ_WO_Aprovacao_Mensagem], [s0].[REQ_WO_Aprovacao_Mensagem_Texto], [s0].[Titulo], [s0].[URL_Acao], [s0].[URL_Imagem], [s0].[WF_GECRM], [s0].[idCurva], [s0].[idEnvio_Mensagem], [s0].[idTipoMensagem]
FROM [FILA].[Solicitacao_Simulacao_Envio] AS [s]
INNER JOIN [FILA].[Solicitacao] AS [s0] ON [s].[idSolicitacao_PUSH] = [s0].[idSolicitacao_PUSH]
WHERE ([s].[Data] >= @__xDe_0) AND ([s].[Data] <= @__xAte_1)
ORDER BY [s].[Data], [s].[Hora]
2022-05-22 23:07:23.290 -03:00 [INF] Executing ObjectResult, writing value of type 'System.Collections.Generic.List`1[[PushAPI.Models.Push.Solicitacao_Simulacao_Envio, PushAPI, Version=1.0.0.0, Culture=neutral, PublicKeyToken=null]]'.
2022-05-22 23:07:23.290 -03:00 [INF] Executed action PushAPI.Controllers.PUSH.Envio.EnviosController.GetSolicitacao_Simulacao_Envio (PushAPI) in 8.2702ms
2022-05-22 23:07:23.290 -03:00 [INF] Executed endpoint 'PushAPI.Controllers.PUSH.Envio.EnviosController.GetSolicitacao_Simulacao_Envio (PushAPI)'
2022-05-22 23:07:23.290 -03:00 [INF] Request finished HTTP/1.1 GET http://gecdi.mz.caixa/api/envios/lista?De=2022-05-22&Ate=2022-05-22&Enviados=-1&NaoEnviadosAntigos=false&simular=false - - - 200 - application/json;+charset=utf-8 18.0430ms
2022-05-22 23:19:20.290 -03:00 [INF] Request starting HTTP/1.1 GET http://gecdi.mz.caixa/api/envios/lista?De=2022-05-22&Ate=2022-05-22&Enviados=-1&NaoEnviadosAntigos=false&simular=false - -
2022-05-22 23:19:20.292 -03:00 [INF] Entity Framework Core 6.0.4 initialized 'dbSites' using provider 'Microsoft.EntityFrameworkCore.SqlServer:6.0.4' with options: None
2022-05-22 23:19:20.300 -03:00 [INF] Executed DbCommand (1ms) [Parameters=[@__id_0='?' (DbType = Int32)], CommandType='"Text"', CommandTimeout='30']
SELECT TOP(2) [u].[idUsuario], [u].[CGC], [u].[Nome], [u].[cUsuario], [u].[idRole], [r].[idRole], [r].[E_Admin], [r].[Nome_Role], [r].[Ordem], [r].[Pode_Geranciar_Simulacao], [r].[Pode_Gerenciar_Curvas], [r].[Pode_Gerenciar_Envios], [r].[Pode_Gerenciar_Solicitacao], [r].[Pode_Marcar_Envio], [r].[Pode_Suspender_Envios], [r].[Pode_Ver_Relatorio], [r].[Role], [r].[Rota], [r].[Tem_Permissao_Geral]
FROM [SITES].[Usuario] AS [u]
INNER JOIN [SITES].[Roles] AS [r] ON [u].[idRole] = [r].[idRole]
WHERE [u].[idUsuario] = @__id_0
2022-05-22 23:19:20.300 -03:00 [INF] Executing endpoint 'PushAPI.Controllers.PUSH.Envio.EnviosController.GetSolicitacao_Simulacao_Envio (PushAPI)'
2022-05-22 23:19:20.300 -03:00 [INF] Route matched with {action = "GetSolicitacao_Simulacao_Envio", controller = "Envios"}. Executing controller action with signature System.Threading.Tasks.Task`1[Microsoft.AspNetCore.Mvc.ActionResult`1[System.Collections.Generic.IEnumerable`1[PushAPI.Models.Push.Solicitacao_Simulacao_Envio]]] GetSolicitacao_Simulacao_Envio(System.Nullable`1[System.DateTime], System.Nullable`1[System.DateTime], Int32, Boolean, Boolean) on controller PushAPI.Controllers.PUSH.Envio.EnviosController (PushAPI).
2022-05-22 23:19:20.301 -03:00 [INF] Entity Framework Core 6.0.4 initialized 'dbPUSH' using provider 'Microsoft.EntityFrameworkCore.SqlServer:6.0.4' with options: CommandTimeout=18000 
2022-05-22 23:19:20.308 -03:00 [INF] Executed DbCommand (2ms) [Parameters=[@__xDe_0='?' (DbType = Date), @__xAte_1='?' (DbType = Date)], CommandType='"Text"', CommandTimeout='18000']
SELECT [s].[idSolicitacao_Simulacao_Envio], [s].[Bloqueado_TI], [s].[Cancelado], [s].[Comando_PowerShell], [s].[Data], [s].[Data_Hora_Atualizacao], [s].[Data_Hora_Bloqueio], [s].[Data_Hora_Envio], [s].[Enviado], [s].[Gerado], [s].[Homologado], [s].[Hora], [s].[Matricula_Bloqueio_TI], [s].[Matricula_Enviante], [s].[Nome_Arquivo], [s].[ParametroLote], [s].[Quantidade], [s].[Quantidade_Reportada], [s].[REQ_Envio], [s].[Tranche], [s].[idEnvio_Mensagem], [s].[idSolicitacao_PUSH], [s0].[idSolicitacao_PUSH], [s0].[Autorizacao_Gestor_PUSH], [s0].[Bloqueado_TI], [s0].[CGCDemandante], [s0].[CGCExecutora], [s0].[Canal], [s0].[Cancelado], [s0].[Data_Cadastramento], [s0].[Data_Hora_Autorizacao], [s0].[Data_Hora_Bloqueio], [s0].[Data_Hora_Cancelamento], [s0].[E_Cadastramento_Manual], [s0].[Enviar_DOM], [s0].[Enviar_Horario_Final], [s0].[Enviar_Horario_Inicial], [s0].[Enviar_QUA], [s0].[Enviar_QUI], [s0].[Enviar_SAB], [s0].[Enviar_SEG], [s0].[Enviar_SEX], [s0].[Enviar_TER], [s0].[Enviar_a_partir_de], [s0].[Enviar_no_maximo_ate], [s0].[Finalizado], [s0].[Impactos_Previstos], [s0].[Limitacao_Tranche], [s0].[Limite_Mensagens_Por_Dia], [s0].[Matricula_Autorizacao_Gestor_PUSH], [s0].[Matricula_Bloqueio_TI], [s0].[Matricula_Cadastramento], [s0].[Matricula_Cancelamento], [s0].[Mensagem], [s0].[Nome_Campo1], [s0].[Nome_Campo2], [s0].[Nome_Campo3], [s0].[Nome_Campo4], [s0].[Nome_Campo5], [s0].[Nome_Solicitacao], [s0].[Prioridade], [s0].[Quantidade_Agendada], [s0].[Quantidade_Enviada], [s0].[Quantidade_Maxima_Autorizada], [s0].[Quantidade_Total], [s0].[Quantidade_Total_Restante], [s0].[REQ_WO_Aprovacao_Mensagem], [s0].[REQ_WO_Aprovacao_Mensagem_Texto], [s0].[Titulo], [s0].[URL_Acao], [s0].[URL_Imagem], [s0].[WF_GECRM], [s0].[idCurva], [s0].[idEnvio_Mensagem], [s0].[idTipoMensagem]
FROM [FILA].[Solicitacao_Simulacao_Envio] AS [s]
INNER JOIN [FILA].[Solicitacao] AS [s0] ON [s].[idSolicitacao_PUSH] = [s0].[idSolicitacao_PUSH]
WHERE ([s].[Data] >= @__xDe_0) AND ([s].[Data] <= @__xAte_1)
ORDER BY [s].[Data], [s].[Hora]
2022-05-22 23:19:20.309 -03:00 [INF] Executing ObjectResult, writing value of type 'System.Collections.Generic.List`1[[PushAPI.Models.Push.Solicitacao_Simulacao_Envio, PushAPI, Version=1.0.0.0, Culture=neutral, PublicKeyToken=null]]'.
2022-05-22 23:19:20.309 -03:00 [INF] Executed action PushAPI.Controllers.PUSH.Envio.EnviosController.GetSolicitacao_Simulacao_Envio (PushAPI) in 8.5812ms
2022-05-22 23:19:20.309 -03:00 [INF] Executed endpoint 'PushAPI.Controllers.PUSH.Envio.EnviosController.GetSolicitacao_Simulacao_Envio (PushAPI)'
2022-05-22 23:19:20.310 -03:00 [INF] Request finished HTTP/1.1 GET http://gecdi.mz.caixa/api/envios/lista?De=2022-05-22&Ate=2022-05-22&Enviados=-1&NaoEnviadosAntigos=false&simular=false - - - 200 - application/json;+charset=utf-8 19.6622ms
2022-05-22 23:20:13.163 -03:00 [INF] Request starting HTTP/1.1 GET http://gecdi.mz.caixa/api/envios/lista?De=2022-05-22&Ate=2022-05-22&Enviados=-1&NaoEnviadosAntigos=false&simular=false - -
2022-05-22 23:20:13.165 -03:00 [INF] Entity Framework Core 6.0.4 initialized 'dbSites' using provider 'Microsoft.EntityFrameworkCore.SqlServer:6.0.4' with options: None
2022-05-22 23:20:13.167 -03:00 [INF] Executed DbCommand (1ms) [Parameters=[@__id_0='?' (DbType = Int32)], CommandType='"Text"', CommandTimeout='30']
SELECT TOP(2) [u].[idUsuario], [u].[CGC], [u].[Nome], [u].[cUsuario], [u].[idRole], [r].[idRole], [r].[E_Admin], [r].[Nome_Role], [r].[Ordem], [r].[Pode_Geranciar_Simulacao], [r].[Pode_Gerenciar_Curvas], [r].[Pode_Gerenciar_Envios], [r].[Pode_Gerenciar_Solicitacao], [r].[Pode_Marcar_Envio], [r].[Pode_Suspender_Envios], [r].[Pode_Ver_Relatorio], [r].[Role], [r].[Rota], [r].[Tem_Permissao_Geral]
FROM [SITES].[Usuario] AS [u]
INNER JOIN [SITES].[Roles] AS [r] ON [u].[idRole] = [r].[idRole]
WHERE [u].[idUsuario] = @__id_0
2022-05-22 23:20:13.167 -03:00 [INF] Executing endpoint 'PushAPI.Controllers.PUSH.Envio.EnviosController.GetSolicitacao_Simulacao_Envio (PushAPI)'
2022-05-22 23:20:13.168 -03:00 [INF] Route matched with {action = "GetSolicitacao_Simulacao_Envio", controller = "Envios"}. Executing controller action with signature System.Threading.Tasks.Task`1[Microsoft.AspNetCore.Mvc.ActionResult`1[System.Collections.Generic.IEnumerable`1[PushAPI.Models.Push.Solicitacao_Simulacao_Envio]]] GetSolicitacao_Simulacao_Envio(System.Nullable`1[System.DateTime], System.Nullable`1[System.DateTime], Int32, Boolean, Boolean) on controller PushAPI.Controllers.PUSH.Envio.EnviosController (PushAPI).
2022-05-22 23:20:13.169 -03:00 [INF] Entity Framework Core 6.0.4 initialized 'dbPUSH' using provider 'Microsoft.EntityFrameworkCore.SqlServer:6.0.4' with options: CommandTimeout=18000 
2022-05-22 23:20:13.171 -03:00 [INF] Executed DbCommand (2ms) [Parameters=[@__xDe_0='?' (DbType = Date), @__xAte_1='?' (DbType = Date)], CommandType='"Text"', CommandTimeout='18000']
SELECT [s].[idSolicitacao_Simulacao_Envio], [s].[Bloqueado_TI], [s].[Cancelado], [s].[Comando_PowerShell], [s].[Data], [s].[Data_Hora_Atualizacao], [s].[Data_Hora_Bloqueio], [s].[Data_Hora_Envio], [s].[Enviado], [s].[Gerado], [s].[Homologado], [s].[Hora], [s].[Matricula_Bloqueio_TI], [s].[Matricula_Enviante], [s].[Nome_Arquivo], [s].[ParametroLote], [s].[Quantidade], [s].[Quantidade_Reportada], [s].[REQ_Envio], [s].[Tranche], [s].[idEnvio_Mensagem], [s].[idSolicitacao_PUSH], [s0].[idSolicitacao_PUSH], [s0].[Autorizacao_Gestor_PUSH], [s0].[Bloqueado_TI], [s0].[CGCDemandante], [s0].[CGCExecutora], [s0].[Canal], [s0].[Cancelado], [s0].[Data_Cadastramento], [s0].[Data_Hora_Autorizacao], [s0].[Data_Hora_Bloqueio], [s0].[Data_Hora_Cancelamento], [s0].[E_Cadastramento_Manual], [s0].[Enviar_DOM], [s0].[Enviar_Horario_Final], [s0].[Enviar_Horario_Inicial], [s0].[Enviar_QUA], [s0].[Enviar_QUI], [s0].[Enviar_SAB], [s0].[Enviar_SEG], [s0].[Enviar_SEX], [s0].[Enviar_TER], [s0].[Enviar_a_partir_de], [s0].[Enviar_no_maximo_ate], [s0].[Finalizado], [s0].[Impactos_Previstos], [s0].[Limitacao_Tranche], [s0].[Limite_Mensagens_Por_Dia], [s0].[Matricula_Autorizacao_Gestor_PUSH], [s0].[Matricula_Bloqueio_TI], [s0].[Matricula_Cadastramento], [s0].[Matricula_Cancelamento], [s0].[Mensagem], [s0].[Nome_Campo1], [s0].[Nome_Campo2], [s0].[Nome_Campo3], [s0].[Nome_Campo4], [s0].[Nome_Campo5], [s0].[Nome_Solicitacao], [s0].[Prioridade], [s0].[Quantidade_Agendada], [s0].[Quantidade_Enviada], [s0].[Quantidade_Maxima_Autorizada], [s0].[Quantidade_Total], [s0].[Quantidade_Total_Restante], [s0].[REQ_WO_Aprovacao_Mensagem], [s0].[REQ_WO_Aprovacao_Mensagem_Texto], [s0].[Titulo], [s0].[URL_Acao], [s0].[URL_Imagem], [s0].[WF_GECRM], [s0].[idCurva], [s0].[idEnvio_Mensagem], [s0].[idTipoMensagem]
FROM [FILA].[Solicitacao_Simulacao_Envio] AS [s]
INNER JOIN [FILA].[Solicitacao] AS [s0] ON [s].[idSolicitacao_PUSH] = [s0].[idSolicitacao_PUSH]
WHERE ([s].[Data] >= @__xDe_0) AND ([s].[Data] <= @__xAte_1)
ORDER BY [s].[Data], [s].[Hora]
2022-05-22 23:20:13.172 -03:00 [INF] Executing ObjectResult, writing value of type 'System.Collections.Generic.List`1[[PushAPI.Models.Push.Solicitacao_Simulacao_Envio, PushAPI, Version=1.0.0.0, Culture=neutral, PublicKeyToken=null]]'.
2022-05-22 23:20:13.172 -03:00 [INF] Executed action PushAPI.Controllers.PUSH.Envio.EnviosController.GetSolicitacao_Simulacao_Envio (PushAPI) in 4.3241ms
2022-05-22 23:20:13.172 -03:00 [INF] Executed endpoint 'PushAPI.Controllers.PUSH.Envio.EnviosController.GetSolicitacao_Simulacao_Envio (PushAPI)'
2022-05-22 23:20:13.172 -03:00 [INF] Request finished HTTP/1.1 GET http://gecdi.mz.caixa/api/envios/lista?De=2022-05-22&Ate=2022-05-22&Enviados=-1&NaoEnviadosAntigos=false&simular=false - - - 200 - application/json;+charset=utf-8 8.9173ms
2022-05-22 23:20:22.119 -03:00 [INF] Request starting HTTP/1.1 GET http://gecdi.mz.caixa/api/envios/lista?De=Invalid%20date&Ate=Invalid%20date&Enviados=-1&NaoEnviadosAntigos=false&simular=false - -
2022-05-22 23:20:22.121 -03:00 [INF] Entity Framework Core 6.0.4 initialized 'dbSites' using provider 'Microsoft.EntityFrameworkCore.SqlServer:6.0.4' with options: None
2022-05-22 23:20:22.123 -03:00 [INF] Executed DbCommand (1ms) [Parameters=[@__id_0='?' (DbType = Int32)], CommandType='"Text"', CommandTimeout='30']
SELECT TOP(2) [u].[idUsuario], [u].[CGC], [u].[Nome], [u].[cUsuario], [u].[idRole], [r].[idRole], [r].[E_Admin], [r].[Nome_Role], [r].[Ordem], [r].[Pode_Geranciar_Simulacao], [r].[Pode_Gerenciar_Curvas], [r].[Pode_Gerenciar_Envios], [r].[Pode_Gerenciar_Solicitacao], [r].[Pode_Marcar_Envio], [r].[Pode_Suspender_Envios], [r].[Pode_Ver_Relatorio], [r].[Role], [r].[Rota], [r].[Tem_Permissao_Geral]
FROM [SITES].[Usuario] AS [u]
INNER JOIN [SITES].[Roles] AS [r] ON [u].[idRole] = [r].[idRole]
WHERE [u].[idUsuario] = @__id_0
2022-05-22 23:20:22.123 -03:00 [INF] Executing endpoint 'PushAPI.Controllers.PUSH.Envio.EnviosController.GetSolicitacao_Simulacao_Envio (PushAPI)'
2022-05-22 23:20:22.123 -03:00 [INF] Route matched with {action = "GetSolicitacao_Simulacao_Envio", controller = "Envios"}. Executing controller action with signature System.Threading.Tasks.Task`1[Microsoft.AspNetCore.Mvc.ActionResult`1[System.Collections.Generic.IEnumerable`1[PushAPI.Models.Push.Solicitacao_Simulacao_Envio]]] GetSolicitacao_Simulacao_Envio(System.Nullable`1[System.DateTime], System.Nullable`1[System.DateTime], Int32, Boolean, Boolean) on controller PushAPI.Controllers.PUSH.Envio.EnviosController (PushAPI).
2022-05-22 23:20:22.148 -03:00 [INF] Executing BadRequestObjectResult, writing value of type 'Microsoft.AspNetCore.Mvc.ValidationProblemDetails'.
2022-05-22 23:20:22.150 -03:00 [INF] Executed action PushAPI.Controllers.PUSH.Envio.EnviosController.GetSolicitacao_Simulacao_Envio (PushAPI) in 26.5172ms
2022-05-22 23:20:22.150 -03:00 [INF] Executed endpoint 'PushAPI.Controllers.PUSH.Envio.EnviosController.GetSolicitacao_Simulacao_Envio (PushAPI)'
2022-05-22 23:20:22.150 -03:00 [INF] Request finished HTTP/1.1 GET http://gecdi.mz.caixa/api/envios/lista?De=Invalid%20date&Ate=Invalid%20date&Enviados=-1&NaoEnviadosAntigos=false&simular=false - - - 400 - application/problem+json;+charset=utf-8 31.0988ms
2022-05-22 23:20:23.551 -03:00 [INF] Request starting HTTP/1.1 GET http://gecdi.mz.caixa/api/envios/lista?De=Invalid%20date&Ate=Invalid%20date&Enviados=-1&NaoEnviadosAntigos=false&simular=false - -
2022-05-22 23:20:23.553 -03:00 [INF] Entity Framework Core 6.0.4 initialized 'dbSites' using provider 'Microsoft.EntityFrameworkCore.SqlServer:6.0.4' with options: None
2022-05-22 23:20:23.555 -03:00 [INF] Executed DbCommand (1ms) [Parameters=[@__id_0='?' (DbType = Int32)], CommandType='"Text"', CommandTimeout='30']
SELECT TOP(2) [u].[idUsuario], [u].[CGC], [u].[Nome], [u].[cUsuario], [u].[idRole], [r].[idRole], [r].[E_Admin], [r].[Nome_Role], [r].[Ordem], [r].[Pode_Geranciar_Simulacao], [r].[Pode_Gerenciar_Curvas], [r].[Pode_Gerenciar_Envios], [r].[Pode_Gerenciar_Solicitacao], [r].[Pode_Marcar_Envio], [r].[Pode_Suspender_Envios], [r].[Pode_Ver_Relatorio], [r].[Role], [r].[Rota], [r].[Tem_Permissao_Geral]
FROM [SITES].[Usuario] AS [u]
INNER JOIN [SITES].[Roles] AS [r] ON [u].[idRole] = [r].[idRole]
WHERE [u].[idUsuario] = @__id_0
2022-05-22 23:20:23.555 -03:00 [INF] Executing endpoint 'PushAPI.Controllers.PUSH.Envio.EnviosController.GetSolicitacao_Simulacao_Envio (PushAPI)'
2022-05-22 23:20:23.555 -03:00 [INF] Route matched with {action = "GetSolicitacao_Simulacao_Envio", controller = "Envios"}. Executing controller action with signature System.Threading.Tasks.Task`1[Microsoft.AspNetCore.Mvc.ActionResult`1[System.Collections.Generic.IEnumerable`1[PushAPI.Models.Push.Solicitacao_Simulacao_Envio]]] GetSolicitacao_Simulacao_Envio(System.Nullable`1[System.DateTime], System.Nullable`1[System.DateTime], Int32, Boolean, Boolean) on controller PushAPI.Controllers.PUSH.Envio.EnviosController (PushAPI).
2022-05-22 23:20:23.556 -03:00 [INF] Executing BadRequestObjectResult, writing value of type 'Microsoft.AspNetCore.Mvc.ValidationProblemDetails'.
2022-05-22 23:20:23.557 -03:00 [INF] Executed action PushAPI.Controllers.PUSH.Envio.EnviosController.GetSolicitacao_Simulacao_Envio (PushAPI) in 1.1054ms
2022-05-22 23:20:23.557 -03:00 [INF] Executed endpoint 'PushAPI.Controllers.PUSH.Envio.EnviosController.GetSolicitacao_Simulacao_Envio (PushAPI)'
2022-05-22 23:20:23.557 -03:00 [INF] Request finished HTTP/1.1 GET http://gecdi.mz.caixa/api/envios/lista?De=Invalid%20date&Ate=Invalid%20date&Enviados=-1&NaoEnviadosAntigos=false&simular=false - - - 400 - application/problem+json;+charset=utf-8 5.3380ms
2022-05-22 23:20:25.232 -03:00 [INF] Request starting HTTP/1.1 GET http://gecdi.mz.caixa/api/envios/lista?De=Invalid%20date&Ate=Invalid%20date&Enviados=-1&NaoEnviadosAntigos=false&simular=false - -
2022-05-22 23:20:25.234 -03:00 [INF] Entity Framework Core 6.0.4 initialized 'dbSites' using provider 'Microsoft.EntityFrameworkCore.SqlServer:6.0.4' with options: None
2022-05-22 23:20:25.236 -03:00 [INF] Executed DbCommand (1ms) [Parameters=[@__id_0='?' (DbType = Int32)], CommandType='"Text"', CommandTimeout='30']
SELECT TOP(2) [u].[idUsuario], [u].[CGC], [u].[Nome], [u].[cUsuario], [u].[idRole], [r].[idRole], [r].[E_Admin], [r].[Nome_Role], [r].[Ordem], [r].[Pode_Geranciar_Simulacao], [r].[Pode_Gerenciar_Curvas], [r].[Pode_Gerenciar_Envios], [r].[Pode_Gerenciar_Solicitacao], [r].[Pode_Marcar_Envio], [r].[Pode_Suspender_Envios], [r].[Pode_Ver_Relatorio], [r].[Role], [r].[Rota], [r].[Tem_Permissao_Geral]
FROM [SITES].[Usuario] AS [u]
INNER JOIN [SITES].[Roles] AS [r] ON [u].[idRole] = [r].[idRole]
WHERE [u].[idUsuario] = @__id_0
2022-05-22 23:20:25.236 -03:00 [INF] Executing endpoint 'PushAPI.Controllers.PUSH.Envio.EnviosController.GetSolicitacao_Simulacao_Envio (PushAPI)'
2022-05-22 23:20:25.236 -03:00 [INF] Route matched with {action = "GetSolicitacao_Simulacao_Envio", controller = "Envios"}. Executing controller action with signature System.Threading.Tasks.Task`1[Microsoft.AspNetCore.Mvc.ActionResult`1[System.Collections.Generic.IEnumerable`1[PushAPI.Models.Push.Solicitacao_Simulacao_Envio]]] GetSolicitacao_Simulacao_Envio(System.Nullable`1[System.DateTime], System.Nullable`1[System.DateTime], Int32, Boolean, Boolean) on controller PushAPI.Controllers.PUSH.Envio.EnviosController (PushAPI).
2022-05-22 23:20:25.237 -03:00 [INF] Executing BadRequestObjectResult, writing value of type 'Microsoft.AspNetCore.Mvc.ValidationProblemDetails'.
2022-05-22 23:20:25.237 -03:00 [INF] Executed action PushAPI.Controllers.PUSH.Envio.EnviosController.GetSolicitacao_Simulacao_Envio (PushAPI) in 0.8809ms
2022-05-22 23:20:25.237 -03:00 [INF] Executed endpoint 'PushAPI.Controllers.PUSH.Envio.EnviosController.GetSolicitacao_Simulacao_Envio (PushAPI)'
2022-05-22 23:20:25.237 -03:00 [INF] Request finished HTTP/1.1 GET http://gecdi.mz.caixa/api/envios/lista?De=Invalid%20date&Ate=Invalid%20date&Enviados=-1&NaoEnviadosAntigos=false&simular=false - - - 400 - application/problem+json;+charset=utf-8 5.1635ms
2022-05-22 23:20:37.713 -03:00 [INF] Request starting HTTP/1.1 GET http://gecdi.mz.caixa/api/envios/lista?De=Invalid%20date&Ate=Invalid%20date&Enviados=-1&NaoEnviadosAntigos=false&simular=false - -
2022-05-22 23:20:37.715 -03:00 [INF] Entity Framework Core 6.0.4 initialized 'dbSites' using provider 'Microsoft.EntityFrameworkCore.SqlServer:6.0.4' with options: None
2022-05-22 23:20:37.717 -03:00 [INF] Executed DbCommand (1ms) [Parameters=[@__id_0='?' (DbType = Int32)], CommandType='"Text"', CommandTimeout='30']
SELECT TOP(2) [u].[idUsuario], [u].[CGC], [u].[Nome], [u].[cUsuario], [u].[idRole], [r].[idRole], [r].[E_Admin], [r].[Nome_Role], [r].[Ordem], [r].[Pode_Geranciar_Simulacao], [r].[Pode_Gerenciar_Curvas], [r].[Pode_Gerenciar_Envios], [r].[Pode_Gerenciar_Solicitacao], [r].[Pode_Marcar_Envio], [r].[Pode_Suspender_Envios], [r].[Pode_Ver_Relatorio], [r].[Role], [r].[Rota], [r].[Tem_Permissao_Geral]
FROM [SITES].[Usuario] AS [u]
INNER JOIN [SITES].[Roles] AS [r] ON [u].[idRole] = [r].[idRole]
WHERE [u].[idUsuario] = @__id_0
2022-05-22 23:20:37.717 -03:00 [INF] Executing endpoint 'PushAPI.Controllers.PUSH.Envio.EnviosController.GetSolicitacao_Simulacao_Envio (PushAPI)'
2022-05-22 23:20:37.717 -03:00 [INF] Route matched with {action = "GetSolicitacao_Simulacao_Envio", controller = "Envios"}. Executing controller action with signature System.Threading.Tasks.Task`1[Microsoft.AspNetCore.Mvc.ActionResult`1[System.Collections.Generic.IEnumerable`1[PushAPI.Models.Push.Solicitacao_Simulacao_Envio]]] GetSolicitacao_Simulacao_Envio(System.Nullable`1[System.DateTime], System.Nullable`1[System.DateTime], Int32, Boolean, Boolean) on controller PushAPI.Controllers.PUSH.Envio.EnviosController (PushAPI).
2022-05-22 23:20:37.718 -03:00 [INF] Executing BadRequestObjectResult, writing value of type 'Microsoft.AspNetCore.Mvc.ValidationProblemDetails'.
2022-05-22 23:20:37.718 -03:00 [INF] Executed action PushAPI.Controllers.PUSH.Envio.EnviosController.GetSolicitacao_Simulacao_Envio (PushAPI) in 0.9987ms
2022-05-22 23:20:37.719 -03:00 [INF] Executed endpoint 'PushAPI.Controllers.PUSH.Envio.EnviosController.GetSolicitacao_Simulacao_Envio (PushAPI)'
2022-05-22 23:20:37.719 -03:00 [INF] Request finished HTTP/1.1 GET http://gecdi.mz.caixa/api/envios/lista?De=Invalid%20date&Ate=Invalid%20date&Enviados=-1&NaoEnviadosAntigos=false&simular=false - - - 400 - application/problem+json;+charset=utf-8 5.5094ms
2022-05-22 23:23:19.680 -03:00 [INF] Request starting HTTP/1.1 GET http://gecdi.mz.caixa/api/envios/lista?De=Invalid%20date&Ate=Invalid%20date&Enviados=-1&NaoEnviadosAntigos=false&simular=false - -
2022-05-22 23:23:19.682 -03:00 [INF] Entity Framework Core 6.0.4 initialized 'dbSites' using provider 'Microsoft.EntityFrameworkCore.SqlServer:6.0.4' with options: None
2022-05-22 23:23:19.684 -03:00 [INF] Executed DbCommand (1ms) [Parameters=[@__id_0='?' (DbType = Int32)], CommandType='"Text"', CommandTimeout='30']
SELECT TOP(2) [u].[idUsuario], [u].[CGC], [u].[Nome], [u].[cUsuario], [u].[idRole], [r].[idRole], [r].[E_Admin], [r].[Nome_Role], [r].[Ordem], [r].[Pode_Geranciar_Simulacao], [r].[Pode_Gerenciar_Curvas], [r].[Pode_Gerenciar_Envios], [r].[Pode_Gerenciar_Solicitacao], [r].[Pode_Marcar_Envio], [r].[Pode_Suspender_Envios], [r].[Pode_Ver_Relatorio], [r].[Role], [r].[Rota], [r].[Tem_Permissao_Geral]
FROM [SITES].[Usuario] AS [u]
INNER JOIN [SITES].[Roles] AS [r] ON [u].[idRole] = [r].[idRole]
WHERE [u].[idUsuario] = @__id_0
2022-05-22 23:23:19.684 -03:00 [INF] Executing endpoint 'PushAPI.Controllers.PUSH.Envio.EnviosController.GetSolicitacao_Simulacao_Envio (PushAPI)'
2022-05-22 23:23:19.684 -03:00 [INF] Route matched with {action = "GetSolicitacao_Simulacao_Envio", controller = "Envios"}. Executing controller action with signature System.Threading.Tasks.Task`1[Microsoft.AspNetCore.Mvc.ActionResult`1[System.Collections.Generic.IEnumerable`1[PushAPI.Models.Push.Solicitacao_Simulacao_Envio]]] GetSolicitacao_Simulacao_Envio(System.Nullable`1[System.DateTime], System.Nullable`1[System.DateTime], Int32, Boolean, Boolean) on controller PushAPI.Controllers.PUSH.Envio.EnviosController (PushAPI).
2022-05-22 23:23:19.685 -03:00 [INF] Executing BadRequestObjectResult, writing value of type 'Microsoft.AspNetCore.Mvc.ValidationProblemDetails'.
2022-05-22 23:23:19.685 -03:00 [INF] Executed action PushAPI.Controllers.PUSH.Envio.EnviosController.GetSolicitacao_Simulacao_Envio (PushAPI) in 0.9635ms
2022-05-22 23:23:19.685 -03:00 [INF] Executed endpoint 'PushAPI.Controllers.PUSH.Envio.EnviosController.GetSolicitacao_Simulacao_Envio (PushAPI)'
2022-05-22 23:23:19.685 -03:00 [INF] Request finished HTTP/1.1 GET http://gecdi.mz.caixa/api/envios/lista?De=Invalid%20date&Ate=Invalid%20date&Enviados=-1&NaoEnviadosAntigos=false&simular=false - - - 400 - application/problem+json;+charset=utf-8 5.8896ms
2022-05-22 23:23:26.401 -03:00 [INF] Request starting HTTP/1.1 GET http://gecdi.mz.caixa/api/envios/lista?De=Invalid%20date&Ate=Invalid%20date&Enviados=-1&NaoEnviadosAntigos=false&simular=false - -
2022-05-22 23:23:26.403 -03:00 [INF] Entity Framework Core 6.0.4 initialized 'dbSites' using provider 'Microsoft.EntityFrameworkCore.SqlServer:6.0.4' with options: None
2022-05-22 23:23:26.404 -03:00 [INF] Executed DbCommand (1ms) [Parameters=[@__id_0='?' (DbType = Int32)], CommandType='"Text"', CommandTimeout='30']
SELECT TOP(2) [u].[idUsuario], [u].[CGC], [u].[Nome], [u].[cUsuario], [u].[idRole], [r].[idRole], [r].[E_Admin], [r].[Nome_Role], [r].[Ordem], [r].[Pode_Geranciar_Simulacao], [r].[Pode_Gerenciar_Curvas], [r].[Pode_Gerenciar_Envios], [r].[Pode_Gerenciar_Solicitacao], [r].[Pode_Marcar_Envio], [r].[Pode_Suspender_Envios], [r].[Pode_Ver_Relatorio], [r].[Role], [r].[Rota], [r].[Tem_Permissao_Geral]
FROM [SITES].[Usuario] AS [u]
INNER JOIN [SITES].[Roles] AS [r] ON [u].[idRole] = [r].[idRole]
WHERE [u].[idUsuario] = @__id_0
2022-05-22 23:23:26.405 -03:00 [INF] Executing endpoint 'PushAPI.Controllers.PUSH.Envio.EnviosController.GetSolicitacao_Simulacao_Envio (PushAPI)'
2022-05-22 23:23:26.405 -03:00 [INF] Route matched with {action = "GetSolicitacao_Simulacao_Envio", controller = "Envios"}. Executing controller action with signature System.Threading.Tasks.Task`1[Microsoft.AspNetCore.Mvc.ActionResult`1[System.Collections.Generic.IEnumerable`1[PushAPI.Models.Push.Solicitacao_Simulacao_Envio]]] GetSolicitacao_Simulacao_Envio(System.Nullable`1[System.DateTime], System.Nullable`1[System.DateTime], Int32, Boolean, Boolean) on controller PushAPI.Controllers.PUSH.Envio.EnviosController (PushAPI).
2022-05-22 23:23:26.405 -03:00 [INF] Executing BadRequestObjectResult, writing value of type 'Microsoft.AspNetCore.Mvc.ValidationProblemDetails'.
2022-05-22 23:23:26.406 -03:00 [INF] Executed action PushAPI.Controllers.PUSH.Envio.EnviosController.GetSolicitacao_Simulacao_Envio (PushAPI) in 0.9398ms
2022-05-22 23:23:26.406 -03:00 [INF] Executed endpoint 'PushAPI.Controllers.PUSH.Envio.EnviosController.GetSolicitacao_Simulacao_Envio (PushAPI)'
2022-05-22 23:23:26.406 -03:00 [INF] Request finished HTTP/1.1 GET http://gecdi.mz.caixa/api/envios/lista?De=Invalid%20date&Ate=Invalid%20date&Enviados=-1&NaoEnviadosAntigos=false&simular=false - - - 400 - application/problem+json;+charset=utf-8 5.2278ms
2022-05-22 23:23:27.015 -03:00 [INF] Request starting HTTP/1.1 GET http://gecdi.mz.caixa/api/envios/lista?De=Invalid%20date&Ate=Invalid%20date&Enviados=-1&NaoEnviadosAntigos=false&simular=false - -
2022-05-22 23:23:27.017 -03:00 [INF] Entity Framework Core 6.0.4 initialized 'dbSites' using provider 'Microsoft.EntityFrameworkCore.SqlServer:6.0.4' with options: None
2022-05-22 23:23:27.018 -03:00 [INF] Executed DbCommand (1ms) [Parameters=[@__id_0='?' (DbType = Int32)], CommandType='"Text"', CommandTimeout='30']
SELECT TOP(2) [u].[idUsuario], [u].[CGC], [u].[Nome], [u].[cUsuario], [u].[idRole], [r].[idRole], [r].[E_Admin], [r].[Nome_Role], [r].[Ordem], [r].[Pode_Geranciar_Simulacao], [r].[Pode_Gerenciar_Curvas], [r].[Pode_Gerenciar_Envios], [r].[Pode_Gerenciar_Solicitacao], [r].[Pode_Marcar_Envio], [r].[Pode_Suspender_Envios], [r].[Pode_Ver_Relatorio], [r].[Role], [r].[Rota], [r].[Tem_Permissao_Geral]
FROM [SITES].[Usuario] AS [u]
INNER JOIN [SITES].[Roles] AS [r] ON [u].[idRole] = [r].[idRole]
WHERE [u].[idUsuario] = @__id_0
2022-05-22 23:23:27.018 -03:00 [INF] Executing endpoint 'PushAPI.Controllers.PUSH.Envio.EnviosController.GetSolicitacao_Simulacao_Envio (PushAPI)'
2022-05-22 23:23:27.019 -03:00 [INF] Route matched with {action = "GetSolicitacao_Simulacao_Envio", controller = "Envios"}. Executing controller action with signature System.Threading.Tasks.Task`1[Microsoft.AspNetCore.Mvc.ActionResult`1[System.Collections.Generic.IEnumerable`1[PushAPI.Models.Push.Solicitacao_Simulacao_Envio]]] GetSolicitacao_Simulacao_Envio(System.Nullable`1[System.DateTime], System.Nullable`1[System.DateTime], Int32, Boolean, Boolean) on controller PushAPI.Controllers.PUSH.Envio.EnviosController (PushAPI).
2022-05-22 23:23:27.019 -03:00 [INF] Executing BadRequestObjectResult, writing value of type 'Microsoft.AspNetCore.Mvc.ValidationProblemDetails'.
2022-05-22 23:23:27.020 -03:00 [INF] Executed action PushAPI.Controllers.PUSH.Envio.EnviosController.GetSolicitacao_Simulacao_Envio (PushAPI) in 0.8242ms
2022-05-22 23:23:27.020 -03:00 [INF] Executed endpoint 'PushAPI.Controllers.PUSH.Envio.EnviosController.GetSolicitacao_Simulacao_Envio (PushAPI)'
2022-05-22 23:23:27.020 -03:00 [INF] Request finished HTTP/1.1 GET http://gecdi.mz.caixa/api/envios/lista?De=Invalid%20date&Ate=Invalid%20date&Enviados=-1&NaoEnviadosAntigos=false&simular=false - - - 400 - application/problem+json;+charset=utf-8 4.9033ms
2022-05-22 23:23:28.693 -03:00 [INF] Request starting HTTP/1.1 GET http://gecdi.mz.caixa/api/envios/lista?De=Invalid%20date&Ate=Invalid%20date&Enviados=-1&NaoEnviadosAntigos=false&simular=false - -
2022-05-22 23:23:28.696 -03:00 [INF] Entity Framework Core 6.0.4 initialized 'dbSites' using provider 'Microsoft.EntityFrameworkCore.SqlServer:6.0.4' with options: None
2022-05-22 23:23:28.698 -03:00 [INF] Executed DbCommand (1ms) [Parameters=[@__id_0='?' (DbType = Int32)], CommandType='"Text"', CommandTimeout='30']
SELECT TOP(2) [u].[idUsuario], [u].[CGC], [u].[Nome], [u].[cUsuario], [u].[idRole], [r].[idRole], [r].[E_Admin], [r].[Nome_Role], [r].[Ordem], [r].[Pode_Geranciar_Simulacao], [r].[Pode_Gerenciar_Curvas], [r].[Pode_Gerenciar_Envios], [r].[Pode_Gerenciar_Solicitacao], [r].[Pode_Marcar_Envio], [r].[Pode_Suspender_Envios], [r].[Pode_Ver_Relatorio], [r].[Role], [r].[Rota], [r].[Tem_Permissao_Geral]
FROM [SITES].[Usuario] AS [u]
INNER JOIN [SITES].[Roles] AS [r] ON [u].[idRole] = [r].[idRole]
WHERE [u].[idUsuario] = @__id_0
2022-05-22 23:23:28.698 -03:00 [INF] Executing endpoint 'PushAPI.Controllers.PUSH.Envio.EnviosController.GetSolicitacao_Simulacao_Envio (PushAPI)'
2022-05-22 23:23:28.699 -03:00 [INF] Route matched with {action = "GetSolicitacao_Simulacao_Envio", controller = "Envios"}. Executing controller action with signature System.Threading.Tasks.Task`1[Microsoft.AspNetCore.Mvc.ActionResult`1[System.Collections.Generic.IEnumerable`1[PushAPI.Models.Push.Solicitacao_Simulacao_Envio]]] GetSolicitacao_Simulacao_Envio(System.Nullable`1[System.DateTime], System.Nullable`1[System.DateTime], Int32, Boolean, Boolean) on controller PushAPI.Controllers.PUSH.Envio.EnviosController (PushAPI).
2022-05-22 23:23:28.700 -03:00 [INF] Executing BadRequestObjectResult, writing value of type 'Microsoft.AspNetCore.Mvc.ValidationProblemDetails'.
2022-05-22 23:23:28.700 -03:00 [INF] Executed action PushAPI.Controllers.PUSH.Envio.EnviosController.GetSolicitacao_Simulacao_Envio (PushAPI) in 1.2469ms
2022-05-22 23:23:28.700 -03:00 [INF] Executed endpoint 'PushAPI.Controllers.PUSH.Envio.EnviosController.GetSolicitacao_Simulacao_Envio (PushAPI)'
2022-05-22 23:23:28.700 -03:00 [INF] Request finished HTTP/1.1 GET http://gecdi.mz.caixa/api/envios/lista?De=Invalid%20date&Ate=Invalid%20date&Enviados=-1&NaoEnviadosAntigos=false&simular=false - - - 400 - application/problem+json;+charset=utf-8 7.3865ms
2022-05-22 23:27:36.865 -03:00 [INF] Request starting HTTP/1.1 GET http://gecdi.mz.caixa/api/envios/lista?De=Invalid%20date&Ate=Invalid%20date&Enviados=-1&NaoEnviadosAntigos=false&simular=false - -
2022-05-22 23:27:36.867 -03:00 [INF] Entity Framework Core 6.0.4 initialized 'dbSites' using provider 'Microsoft.EntityFrameworkCore.SqlServer:6.0.4' with options: None
2022-05-22 23:27:36.869 -03:00 [INF] Executed DbCommand (1ms) [Parameters=[@__id_0='?' (DbType = Int32)], CommandType='"Text"', CommandTimeout='30']
SELECT TOP(2) [u].[idUsuario], [u].[CGC], [u].[Nome], [u].[cUsuario], [u].[idRole], [r].[idRole], [r].[E_Admin], [r].[Nome_Role], [r].[Ordem], [r].[Pode_Geranciar_Simulacao], [r].[Pode_Gerenciar_Curvas], [r].[Pode_Gerenciar_Envios], [r].[Pode_Gerenciar_Solicitacao], [r].[Pode_Marcar_Envio], [r].[Pode_Suspender_Envios], [r].[Pode_Ver_Relatorio], [r].[Role], [r].[Rota], [r].[Tem_Permissao_Geral]
FROM [SITES].[Usuario] AS [u]
INNER JOIN [SITES].[Roles] AS [r] ON [u].[idRole] = [r].[idRole]
WHERE [u].[idUsuario] = @__id_0
2022-05-22 23:27:36.870 -03:00 [INF] Executing endpoint 'PushAPI.Controllers.PUSH.Envio.EnviosController.GetSolicitacao_Simulacao_Envio (PushAPI)'
2022-05-22 23:27:36.870 -03:00 [INF] Route matched with {action = "GetSolicitacao_Simulacao_Envio", controller = "Envios"}. Executing controller action with signature System.Threading.Tasks.Task`1[Microsoft.AspNetCore.Mvc.ActionResult`1[System.Collections.Generic.IEnumerable`1[PushAPI.Models.Push.Solicitacao_Simulacao_Envio]]] GetSolicitacao_Simulacao_Envio(System.Nullable`1[System.DateTime], System.Nullable`1[System.DateTime], Int32, Boolean, Boolean) on controller PushAPI.Controllers.PUSH.Envio.EnviosController (PushAPI).
2022-05-22 23:27:36.871 -03:00 [INF] Executing BadRequestObjectResult, writing value of type 'Microsoft.AspNetCore.Mvc.ValidationProblemDetails'.
2022-05-22 23:27:36.871 -03:00 [INF] Executed action PushAPI.Controllers.PUSH.Envio.EnviosController.GetSolicitacao_Simulacao_Envio (PushAPI) in 0.8858ms
2022-05-22 23:27:36.871 -03:00 [INF] Executed endpoint 'PushAPI.Controllers.PUSH.Envio.EnviosController.GetSolicitacao_Simulacao_Envio (PushAPI)'
2022-05-22 23:27:36.871 -03:00 [INF] Request finished HTTP/1.1 GET http://gecdi.mz.caixa/api/envios/lista?De=Invalid%20date&Ate=Invalid%20date&Enviados=-1&NaoEnviadosAntigos=false&simular=false - - - 400 - application/problem+json;+charset=utf-8 5.6540ms
2022-05-22 23:27:43.782 -03:00 [INF] Request starting HTTP/1.1 GET http://gecdi.mz.caixa/api/envios/lista?De=Invalid%20date&Ate=Invalid%20date&Enviados=-1&NaoEnviadosAntigos=false&simular=false - -
2022-05-22 23:27:43.783 -03:00 [INF] Entity Framework Core 6.0.4 initialized 'dbSites' using provider 'Microsoft.EntityFrameworkCore.SqlServer:6.0.4' with options: None
2022-05-22 23:27:43.785 -03:00 [INF] Executed DbCommand (1ms) [Parameters=[@__id_0='?' (DbType = Int32)], CommandType='"Text"', CommandTimeout='30']
SELECT TOP(2) [u].[idUsuario], [u].[CGC], [u].[Nome], [u].[cUsuario], [u].[idRole], [r].[idRole], [r].[E_Admin], [r].[Nome_Role], [r].[Ordem], [r].[Pode_Geranciar_Simulacao], [r].[Pode_Gerenciar_Curvas], [r].[Pode_Gerenciar_Envios], [r].[Pode_Gerenciar_Solicitacao], [r].[Pode_Marcar_Envio], [r].[Pode_Suspender_Envios], [r].[Pode_Ver_Relatorio], [r].[Role], [r].[Rota], [r].[Tem_Permissao_Geral]
FROM [SITES].[Usuario] AS [u]
INNER JOIN [SITES].[Roles] AS [r] ON [u].[idRole] = [r].[idRole]
WHERE [u].[idUsuario] = @__id_0
2022-05-22 23:27:43.785 -03:00 [INF] Executing endpoint 'PushAPI.Controllers.PUSH.Envio.EnviosController.GetSolicitacao_Simulacao_Envio (PushAPI)'
2022-05-22 23:27:43.786 -03:00 [INF] Route matched with {action = "GetSolicitacao_Simulacao_Envio", controller = "Envios"}. Executing controller action with signature System.Threading.Tasks.Task`1[Microsoft.AspNetCore.Mvc.ActionResult`1[System.Collections.Generic.IEnumerable`1[PushAPI.Models.Push.Solicitacao_Simulacao_Envio]]] GetSolicitacao_Simulacao_Envio(System.Nullable`1[System.DateTime], System.Nullable`1[System.DateTime], Int32, Boolean, Boolean) on controller PushAPI.Controllers.PUSH.Envio.EnviosController (PushAPI).
2022-05-22 23:27:43.786 -03:00 [INF] Executing BadRequestObjectResult, writing value of type 'Microsoft.AspNetCore.Mvc.ValidationProblemDetails'.
2022-05-22 23:27:43.787 -03:00 [INF] Executed action PushAPI.Controllers.PUSH.Envio.EnviosController.GetSolicitacao_Simulacao_Envio (PushAPI) in 0.8644ms
2022-05-22 23:27:43.787 -03:00 [INF] Executed endpoint 'PushAPI.Controllers.PUSH.Envio.EnviosController.GetSolicitacao_Simulacao_Envio (PushAPI)'
2022-05-22 23:27:43.787 -03:00 [INF] Request finished HTTP/1.1 GET http://gecdi.mz.caixa/api/envios/lista?De=Invalid%20date&Ate=Invalid%20date&Enviados=-1&NaoEnviadosAntigos=false&simular=false - - - 400 - application/problem+json;+charset=utf-8 5.1836ms
2022-05-22 23:27:44.559 -03:00 [INF] Request starting HTTP/1.1 GET http://gecdi.mz.caixa/api/envios/lista?De=Invalid%20date&Ate=Invalid%20date&Enviados=-1&NaoEnviadosAntigos=false&simular=false - -
2022-05-22 23:27:44.561 -03:00 [INF] Entity Framework Core 6.0.4 initialized 'dbSites' using provider 'Microsoft.EntityFrameworkCore.SqlServer:6.0.4' with options: None
2022-05-22 23:27:44.563 -03:00 [INF] Executed DbCommand (1ms) [Parameters=[@__id_0='?' (DbType = Int32)], CommandType='"Text"', CommandTimeout='30']
SELECT TOP(2) [u].[idUsuario], [u].[CGC], [u].[Nome], [u].[cUsuario], [u].[idRole], [r].[idRole], [r].[E_Admin], [r].[Nome_Role], [r].[Ordem], [r].[Pode_Geranciar_Simulacao], [r].[Pode_Gerenciar_Curvas], [r].[Pode_Gerenciar_Envios], [r].[Pode_Gerenciar_Solicitacao], [r].[Pode_Marcar_Envio], [r].[Pode_Suspender_Envios], [r].[Pode_Ver_Relatorio], [r].[Role], [r].[Rota], [r].[Tem_Permissao_Geral]
FROM [SITES].[Usuario] AS [u]
INNER JOIN [SITES].[Roles] AS [r] ON [u].[idRole] = [r].[idRole]
WHERE [u].[idUsuario] = @__id_0
2022-05-22 23:27:44.563 -03:00 [INF] Executing endpoint 'PushAPI.Controllers.PUSH.Envio.EnviosController.GetSolicitacao_Simulacao_Envio (PushAPI)'
2022-05-22 23:27:44.563 -03:00 [INF] Route matched with {action = "GetSolicitacao_Simulacao_Envio", controller = "Envios"}. Executing controller action with signature System.Threading.Tasks.Task`1[Microsoft.AspNetCore.Mvc.ActionResult`1[System.Collections.Generic.IEnumerable`1[PushAPI.Models.Push.Solicitacao_Simulacao_Envio]]] GetSolicitacao_Simulacao_Envio(System.Nullable`1[System.DateTime], System.Nullable`1[System.DateTime], Int32, Boolean, Boolean) on controller PushAPI.Controllers.PUSH.Envio.EnviosController (PushAPI).
2022-05-22 23:27:44.564 -03:00 [INF] Executing BadRequestObjectResult, writing value of type 'Microsoft.AspNetCore.Mvc.ValidationProblemDetails'.
2022-05-22 23:27:44.564 -03:00 [INF] Executed action PushAPI.Controllers.PUSH.Envio.EnviosController.GetSolicitacao_Simulacao_Envio (PushAPI) in 0.8229ms
2022-05-22 23:27:44.564 -03:00 [INF] Executed endpoint 'PushAPI.Controllers.PUSH.Envio.EnviosController.GetSolicitacao_Simulacao_Envio (PushAPI)'
2022-05-22 23:27:44.565 -03:00 [INF] Request finished HTTP/1.1 GET http://gecdi.mz.caixa/api/envios/lista?De=Invalid%20date&Ate=Invalid%20date&Enviados=-1&NaoEnviadosAntigos=false&simular=false - - - 400 - application/problem+json;+charset=utf-8 5.1220ms
2022-05-22 23:27:45.994 -03:00 [INF] Request starting HTTP/1.1 GET http://gecdi.mz.caixa/api/envios/lista?De=Invalid%20date&Ate=Invalid%20date&Enviados=-1&NaoEnviadosAntigos=false&simular=false - -
2022-05-22 23:27:45.996 -03:00 [INF] Entity Framework Core 6.0.4 initialized 'dbSites' using provider 'Microsoft.EntityFrameworkCore.SqlServer:6.0.4' with options: None
2022-05-22 23:27:45.998 -03:00 [INF] Executed DbCommand (1ms) [Parameters=[@__id_0='?' (DbType = Int32)], CommandType='"Text"', CommandTimeout='30']
SELECT TOP(2) [u].[idUsuario], [u].[CGC], [u].[Nome], [u].[cUsuario], [u].[idRole], [r].[idRole], [r].[E_Admin], [r].[Nome_Role], [r].[Ordem], [r].[Pode_Geranciar_Simulacao], [r].[Pode_Gerenciar_Curvas], [r].[Pode_Gerenciar_Envios], [r].[Pode_Gerenciar_Solicitacao], [r].[Pode_Marcar_Envio], [r].[Pode_Suspender_Envios], [r].[Pode_Ver_Relatorio], [r].[Role], [r].[Rota], [r].[Tem_Permissao_Geral]
FROM [SITES].[Usuario] AS [u]
INNER JOIN [SITES].[Roles] AS [r] ON [u].[idRole] = [r].[idRole]
WHERE [u].[idUsuario] = @__id_0
2022-05-22 23:27:45.998 -03:00 [INF] Executing endpoint 'PushAPI.Controllers.PUSH.Envio.EnviosController.GetSolicitacao_Simulacao_Envio (PushAPI)'
2022-05-22 23:27:45.998 -03:00 [INF] Route matched with {action = "GetSolicitacao_Simulacao_Envio", controller = "Envios"}. Executing controller action with signature System.Threading.Tasks.Task`1[Microsoft.AspNetCore.Mvc.ActionResult`1[System.Collections.Generic.IEnumerable`1[PushAPI.Models.Push.Solicitacao_Simulacao_Envio]]] GetSolicitacao_Simulacao_Envio(System.Nullable`1[System.DateTime], System.Nullable`1[System.DateTime], Int32, Boolean, Boolean) on controller PushAPI.Controllers.PUSH.Envio.EnviosController (PushAPI).
2022-05-22 23:27:45.999 -03:00 [INF] Executing BadRequestObjectResult, writing value of type 'Microsoft.AspNetCore.Mvc.ValidationProblemDetails'.
2022-05-22 23:27:45.999 -03:00 [INF] Executed action PushAPI.Controllers.PUSH.Envio.EnviosController.GetSolicitacao_Simulacao_Envio (PushAPI) in 0.7997ms
2022-05-22 23:27:45.999 -03:00 [INF] Executed endpoint 'PushAPI.Controllers.PUSH.Envio.EnviosController.GetSolicitacao_Simulacao_Envio (PushAPI)'
2022-05-22 23:27:45.999 -03:00 [INF] Request finished HTTP/1.1 GET http://gecdi.mz.caixa/api/envios/lista?De=Invalid%20date&Ate=Invalid%20date&Enviados=-1&NaoEnviadosAntigos=false&simular=false - - - 400 - application/problem+json;+charset=utf-8 5.3354ms
2022-05-22 23:31:56.415 -03:00 [INF] Request starting HTTP/1.1 GET http://gecdi.mz.caixa/api/envios/lista?De=Invalid%20date&Ate=Invalid%20date&Enviados=-1&NaoEnviadosAntigos=false&simular=false - -
2022-05-22 23:31:56.417 -03:00 [INF] Entity Framework Core 6.0.4 initialized 'dbSites' using provider 'Microsoft.EntityFrameworkCore.SqlServer:6.0.4' with options: None
2022-05-22 23:31:56.419 -03:00 [INF] Executed DbCommand (1ms) [Parameters=[@__id_0='?' (DbType = Int32)], CommandType='"Text"', CommandTimeout='30']
SELECT TOP(2) [u].[idUsuario], [u].[CGC], [u].[Nome], [u].[cUsuario], [u].[idRole], [r].[idRole], [r].[E_Admin], [r].[Nome_Role], [r].[Ordem], [r].[Pode_Geranciar_Simulacao], [r].[Pode_Gerenciar_Curvas], [r].[Pode_Gerenciar_Envios], [r].[Pode_Gerenciar_Solicitacao], [r].[Pode_Marcar_Envio], [r].[Pode_Suspender_Envios], [r].[Pode_Ver_Relatorio], [r].[Role], [r].[Rota], [r].[Tem_Permissao_Geral]
FROM [SITES].[Usuario] AS [u]
INNER JOIN [SITES].[Roles] AS [r] ON [u].[idRole] = [r].[idRole]
WHERE [u].[idUsuario] = @__id_0
2022-05-22 23:31:56.419 -03:00 [INF] Executing endpoint 'PushAPI.Controllers.PUSH.Envio.EnviosController.GetSolicitacao_Simulacao_Envio (PushAPI)'
2022-05-22 23:31:56.419 -03:00 [INF] Route matched with {action = "GetSolicitacao_Simulacao_Envio", controller = "Envios"}. Executing controller action with signature System.Threading.Tasks.Task`1[Microsoft.AspNetCore.Mvc.ActionResult`1[System.Collections.Generic.IEnumerable`1[PushAPI.Models.Push.Solicitacao_Simulacao_Envio]]] GetSolicitacao_Simulacao_Envio(System.Nullable`1[System.DateTime], System.Nullable`1[System.DateTime], Int32, Boolean, Boolean) on controller PushAPI.Controllers.PUSH.Envio.EnviosController (PushAPI).
2022-05-22 23:31:56.420 -03:00 [INF] Executing BadRequestObjectResult, writing value of type 'Microsoft.AspNetCore.Mvc.ValidationProblemDetails'.
2022-05-22 23:31:56.420 -03:00 [INF] Executed action PushAPI.Controllers.PUSH.Envio.EnviosController.GetSolicitacao_Simulacao_Envio (PushAPI) in 0.8912ms
2022-05-22 23:31:56.420 -03:00 [INF] Executed endpoint 'PushAPI.Controllers.PUSH.Envio.EnviosController.GetSolicitacao_Simulacao_Envio (PushAPI)'
2022-05-22 23:31:56.420 -03:00 [INF] Request finished HTTP/1.1 GET http://gecdi.mz.caixa/api/envios/lista?De=Invalid%20date&Ate=Invalid%20date&Enviados=-1&NaoEnviadosAntigos=false&simular=false - - - 400 - application/problem+json;+charset=utf-8 5.3764ms
2022-05-22 23:50:13.438 -03:00 [INF] Request starting HTTP/1.1 GET http://gecdi.mz.caixa/api/envios/lista?De=Invalid%20date&Ate=Invalid%20date&Enviados=-1&NaoEnviadosAntigos=false&simular=false - -
2022-05-22 23:50:13.440 -03:00 [INF] Entity Framework Core 6.0.4 initialized 'dbSites' using provider 'Microsoft.EntityFrameworkCore.SqlServer:6.0.4' with options: None
2022-05-22 23:50:13.448 -03:00 [INF] Executed DbCommand (1ms) [Parameters=[@__id_0='?' (DbType = Int32)], CommandType='"Text"', CommandTimeout='30']
SELECT TOP(2) [u].[idUsuario], [u].[CGC], [u].[Nome], [u].[cUsuario], [u].[idRole], [r].[idRole], [r].[E_Admin], [r].[Nome_Role], [r].[Ordem], [r].[Pode_Geranciar_Simulacao], [r].[Pode_Gerenciar_Curvas], [r].[Pode_Gerenciar_Envios], [r].[Pode_Gerenciar_Solicitacao], [r].[Pode_Marcar_Envio], [r].[Pode_Suspender_Envios], [r].[Pode_Ver_Relatorio], [r].[Role], [r].[Rota], [r].[Tem_Permissao_Geral]
FROM [SITES].[Usuario] AS [u]
INNER JOIN [SITES].[Roles] AS [r] ON [u].[idRole] = [r].[idRole]
WHERE [u].[idUsuario] = @__id_0
2022-05-22 23:50:13.449 -03:00 [INF] Executing endpoint 'PushAPI.Controllers.PUSH.Envio.EnviosController.GetSolicitacao_Simulacao_Envio (PushAPI)'
2022-05-22 23:50:13.449 -03:00 [INF] Route matched with {action = "GetSolicitacao_Simulacao_Envio", controller = "Envios"}. Executing controller action with signature System.Threading.Tasks.Task`1[Microsoft.AspNetCore.Mvc.ActionResult`1[System.Collections.Generic.IEnumerable`1[PushAPI.Models.Push.Solicitacao_Simulacao_Envio]]] GetSolicitacao_Simulacao_Envio(System.Nullable`1[System.DateTime], System.Nullable`1[System.DateTime], Int32, Boolean, Boolean) on controller PushAPI.Controllers.PUSH.Envio.EnviosController (PushAPI).
2022-05-22 23:50:13.450 -03:00 [INF] Executing BadRequestObjectResult, writing value of type 'Microsoft.AspNetCore.Mvc.ValidationProblemDetails'.
2022-05-22 23:50:13.450 -03:00 [INF] Executed action PushAPI.Controllers.PUSH.Envio.EnviosController.GetSolicitacao_Simulacao_Envio (PushAPI) in 0.9287ms
2022-05-22 23:50:13.450 -03:00 [INF] Executed endpoint 'PushAPI.Controllers.PUSH.Envio.EnviosController.GetSolicitacao_Simulacao_Envio (PushAPI)'
2022-05-22 23:50:13.450 -03:00 [INF] Request finished HTTP/1.1 GET http://gecdi.mz.caixa/api/envios/lista?De=Invalid%20date&Ate=Invalid%20date&Enviados=-1&NaoEnviadosAntigos=false&simular=false - - - 400 - application/problem+json;+charset=utf-8 12.0288ms
